{"level":"info","message":"onRequest - completionItem/resolve","timestamp":"2024-11-09T16:10:43.785Z"}
{"level":"info","message":"⌛ Validating testExample.wtest","timeElapsed":122,"timestamp":"2024-11-09T16:10:45.337Z"}
{"level":"info","message":"⌛ Validating testExample.wtest","timeElapsed":132,"timestamp":"2024-11-09T16:10:45.539Z"}
{"level":"error","message":"✘ Completions for node failed: Error: [Literal]{2957a1} at testExample.wtest:26 exhausted all cases without a match [Literal]{2957a1} at testExample.wtest:26 exhausted all cases without a match","stack":"Error: [Literal]{2957a1} at testExample.wtest:26 exhausted all cases without a match\n    at /Users/naylawinter/.vscode/extensions/uqbar.wollok-lsp-ide-0.3.6/out/server/src/server.js:38:6067\n    at yh (/Users/naylawinter/.vscode/extensions/uqbar.wollok-lsp-ide-0.3.6/out/server/src/server.js:2291:42)\n    at kh (/Users/naylawinter/.vscode/extensions/uqbar.wollok-lsp-ide-0.3.6/out/server/src/server.js:2291:1004)\n    at Y5n (/Users/naylawinter/.vscode/extensions/uqbar.wollok-lsp-ide-0.3.6/out/server/src/server.js:2291:1160)\n    at /Users/naylawinter/.vscode/extensions/uqbar.wollok-lsp-ide-0.3.6/out/server/src/server.js:38:6056\n    at yh (/Users/naylawinter/.vscode/extensions/uqbar.wollok-lsp-ide-0.3.6/out/server/src/server.js:2291:42)\n    at /Users/naylawinter/.vscode/extensions/uqbar.wollok-lsp-ide-0.3.6/out/server/src/server.js:2291:2700\n    at /Users/naylawinter/.vscode/extensions/uqbar.wollok-lsp-ide-0.3.6/out/server/src/server.js:2298:3774\n    at /Users/naylawinter/.vscode/extensions/uqbar.wollok-lsp-ide-0.3.6/out/server/src/server.js:37:74872\n    at Fe (/Users/naylawinter/.vscode/extensions/uqbar.wollok-lsp-ide-0.3.6/out/server/src/server.js:7:8527)","timestamp":"2024-11-09T16:10:45.660Z"}
{"level":"error","message":"✘ Completions for node failed: Error: [Send]{fbe9cc} at testExample.wtest:26 exhausted all cases without a match [Send]{fbe9cc} at testExample.wtest:26 exhausted all cases without a match","stack":"Error: [Send]{fbe9cc} at testExample.wtest:26 exhausted all cases without a match\n    at /Users/naylawinter/.vscode/extensions/uqbar.wollok-lsp-ide-0.3.6/out/server/src/server.js:38:6067\n    at yh (/Users/naylawinter/.vscode/extensions/uqbar.wollok-lsp-ide-0.3.6/out/server/src/server.js:2291:42)\n    at kh (/Users/naylawinter/.vscode/extensions/uqbar.wollok-lsp-ide-0.3.6/out/server/src/server.js:2291:1004)\n    at yh (/Users/naylawinter/.vscode/extensions/uqbar.wollok-lsp-ide-0.3.6/out/server/src/server.js:2291:456)\n    at kh (/Users/naylawinter/.vscode/extensions/uqbar.wollok-lsp-ide-0.3.6/out/server/src/server.js:2291:1004)\n    at Y5n (/Users/naylawinter/.vscode/extensions/uqbar.wollok-lsp-ide-0.3.6/out/server/src/server.js:2291:1160)\n    at /Users/naylawinter/.vscode/extensions/uqbar.wollok-lsp-ide-0.3.6/out/server/src/server.js:38:6056\n    at yh (/Users/naylawinter/.vscode/extensions/uqbar.wollok-lsp-ide-0.3.6/out/server/src/server.js:2291:42)\n    at /Users/naylawinter/.vscode/extensions/uqbar.wollok-lsp-ide-0.3.6/out/server/src/server.js:2291:2700\n    at /Users/naylawinter/.vscode/extensions/uqbar.wollok-lsp-ide-0.3.6/out/server/src/server.js:2298:3774","timestamp":"2024-11-09T16:10:45.660Z"}
{"level":"info","message":"onRequest - completionItem/resolve","timestamp":"2024-11-09T16:10:45.917Z"}
{"level":"info","message":"⌛ Building environment","timeElapsed":221,"timestamp":"2024-11-09T16:10:46.445Z"}
{"level":"info","message":"⌛ Validating testExample.wtest","timeElapsed":124,"timestamp":"2024-11-09T16:10:47.168Z"}
{"level":"info","message":"⌛ Validating testExample.wtest","timeElapsed":131,"timestamp":"2024-11-09T16:10:47.368Z"}
{"level":"info","message":"⌛ Building environment","timeElapsed":151,"timestamp":"2024-11-09T16:10:47.519Z"}
{"level":"error","message":"✘ Completions for node failed: Error: [Literal]{cab4e1} at testExample.wtest:26 exhausted all cases without a match [Literal]{cab4e1} at testExample.wtest:26 exhausted all cases without a match","stack":"Error: [Literal]{cab4e1} at testExample.wtest:26 exhausted all cases without a match\n    at /Users/naylawinter/.vscode/extensions/uqbar.wollok-lsp-ide-0.3.6/out/server/src/server.js:38:6067\n    at yh (/Users/naylawinter/.vscode/extensions/uqbar.wollok-lsp-ide-0.3.6/out/server/src/server.js:2291:42)\n    at kh (/Users/naylawinter/.vscode/extensions/uqbar.wollok-lsp-ide-0.3.6/out/server/src/server.js:2291:1004)\n    at Y5n (/Users/naylawinter/.vscode/extensions/uqbar.wollok-lsp-ide-0.3.6/out/server/src/server.js:2291:1160)\n    at /Users/naylawinter/.vscode/extensions/uqbar.wollok-lsp-ide-0.3.6/out/server/src/server.js:38:6056\n    at yh (/Users/naylawinter/.vscode/extensions/uqbar.wollok-lsp-ide-0.3.6/out/server/src/server.js:2291:42)\n    at /Users/naylawinter/.vscode/extensions/uqbar.wollok-lsp-ide-0.3.6/out/server/src/server.js:2291:2700\n    at /Users/naylawinter/.vscode/extensions/uqbar.wollok-lsp-ide-0.3.6/out/server/src/server.js:2298:3774\n    at /Users/naylawinter/.vscode/extensions/uqbar.wollok-lsp-ide-0.3.6/out/server/src/server.js:37:74872\n    at Fe (/Users/naylawinter/.vscode/extensions/uqbar.wollok-lsp-ide-0.3.6/out/server/src/server.js:7:8527)","timestamp":"2024-11-09T16:10:47.542Z"}
{"level":"error","message":"✘ Completions for node failed: Error: [Send]{d175e7} at testExample.wtest:26 exhausted all cases without a match [Send]{d175e7} at testExample.wtest:26 exhausted all cases without a match","stack":"Error: [Send]{d175e7} at testExample.wtest:26 exhausted all cases without a match\n    at /Users/naylawinter/.vscode/extensions/uqbar.wollok-lsp-ide-0.3.6/out/server/src/server.js:38:6067\n    at yh (/Users/naylawinter/.vscode/extensions/uqbar.wollok-lsp-ide-0.3.6/out/server/src/server.js:2291:42)\n    at kh (/Users/naylawinter/.vscode/extensions/uqbar.wollok-lsp-ide-0.3.6/out/server/src/server.js:2291:1004)\n    at yh (/Users/naylawinter/.vscode/extensions/uqbar.wollok-lsp-ide-0.3.6/out/server/src/server.js:2291:456)\n    at kh (/Users/naylawinter/.vscode/extensions/uqbar.wollok-lsp-ide-0.3.6/out/server/src/server.js:2291:1004)\n    at Y5n (/Users/naylawinter/.vscode/extensions/uqbar.wollok-lsp-ide-0.3.6/out/server/src/server.js:2291:1160)\n    at /Users/naylawinter/.vscode/extensions/uqbar.wollok-lsp-ide-0.3.6/out/server/src/server.js:38:6056\n    at yh (/Users/naylawinter/.vscode/extensions/uqbar.wollok-lsp-ide-0.3.6/out/server/src/server.js:2291:42)\n    at /Users/naylawinter/.vscode/extensions/uqbar.wollok-lsp-ide-0.3.6/out/server/src/server.js:2291:2700\n    at /Users/naylawinter/.vscode/extensions/uqbar.wollok-lsp-ide-0.3.6/out/server/src/server.js:2298:3774","timestamp":"2024-11-09T16:10:47.542Z"}
{"level":"info","message":"⌛ Validating testExample.wtest","timeElapsed":125,"timestamp":"2024-11-09T16:10:47.725Z"}
{"level":"info","message":"onRequest - completionItem/resolve","timestamp":"2024-11-09T16:10:47.725Z"}
{"level":"info","message":"onRequest - completionItem/resolve","timestamp":"2024-11-09T16:10:47.898Z"}
{"level":"info","message":"onRequest - completionItem/resolve","timestamp":"2024-11-09T16:10:48.322Z"}
{"level":"info","message":"⌛ Building environment","timeElapsed":106,"timestamp":"2024-11-09T16:10:48.432Z"}
{"level":"info","message":"⌛ Validating testExample.wtest","timeElapsed":119,"timestamp":"2024-11-09T16:10:48.557Z"}
{"level":"error","message":"✘ Failed to rebuild document Failed to parse bots.wlk: \n-- PARSING FAILED --------------------------------------------------\n\n  40 |         casaAsignada.nuevoEstudiante(estudiante) \n  41 |     }    \n> 42 |   }\n     |   ^\n  43 | \n  44 |   method indiceActual() {\n\nExpected one of the following: \n\n'@', 'class', 'const', 'describe', 'mixin', 'object', 'only', 'package', 'program', 'test', 'var', '{', EOF, comment, not \"}\n\n  \", whitespace\n","stack":"Error: Failed to parse bots.wlk: \n-- PARSING FAILED --------------------------------------------------\n\n  40 |         casaAsignada.nuevoEstudiante(estudiante) \n  41 |     }    \n> 42 |   }\n     |   ^\n  43 | \n  44 |   method indiceActual() {\n\nExpected one of the following: \n\n'@', 'class', 'const', 'describe', 'mixin', 'object', 'only', 'package', 'program', 'test', 'var', '{', EOF, comment, not \"}\n\n  \", whitespace\n\n    at /Users/naylawinter/.vscode/extensions/uqbar.wollok-lsp-ide-0.3.6/out/server/src/server.js:2254:32415\n    at Array.map (<anonymous>)\n    at Jfn (/Users/naylawinter/.vscode/extensions/uqbar.wollok-lsp-ide-0.3.6/out/server/src/server.js:2254:32339)\n    at k2.buildEnvironmentFrom (/Users/naylawinter/.vscode/extensions/uqbar.wollok-lsp-ide-0.3.6/out/server/src/server.js:2285:6721)\n    at k2.updateEnvironmentWith (/Users/naylawinter/.vscode/extensions/uqbar.wollok-lsp-ide-0.3.6/out/server/src/server.js:2285:6456)\n    at jL (/Users/naylawinter/.vscode/extensions/uqbar.wollok-lsp-ide-0.3.6/out/server/src/server.js:2298:2292)\n    at v3.invoke (/Users/naylawinter/.vscode/extensions/uqbar.wollok-lsp-ide-0.3.6/out/server/src/server.js:3:157200)\n    at o.fire (/Users/naylawinter/.vscode/extensions/uqbar.wollok-lsp-ide-0.3.6/out/server/src/server.js:3:157970)\n    at /Users/naylawinter/.vscode/extensions/uqbar.wollok-lsp-ide-0.3.6/out/server/src/server.js:37:57871\n    at Vr (/Users/naylawinter/.vscode/extensions/uqbar.wollok-lsp-ide-0.3.6/out/server/src/server.js:8:1561)","timestamp":"2024-11-09T16:11:41.389Z"}
{"level":"error","message":"✘ Failed to rebuild document Failed to parse bots.wlk: \n-- PARSING FAILED --------------------------------------------------\n\n  40 |         casaAsignada.nuevoEstudiante(estudiante) \n  41 |     }    \n> 42 |   }\n     |   ^\n  43 | \n  44 |   method indiceActual() {\n\nExpected one of the following: \n\n'@', 'class', 'const', 'describe', 'mixin', 'object', 'only', 'package', 'program', 'test', 'var', '{', EOF, comment, not \"}\n\n  \", whitespace\n","stack":"Error: Failed to parse bots.wlk: \n-- PARSING FAILED --------------------------------------------------\n\n  40 |         casaAsignada.nuevoEstudiante(estudiante) \n  41 |     }    \n> 42 |   }\n     |   ^\n  43 | \n  44 |   method indiceActual() {\n\nExpected one of the following: \n\n'@', 'class', 'const', 'describe', 'mixin', 'object', 'only', 'package', 'program', 'test', 'var', '{', EOF, comment, not \"}\n\n  \", whitespace\n\n    at /Users/naylawinter/.vscode/extensions/uqbar.wollok-lsp-ide-0.3.6/out/server/src/server.js:2254:32415\n    at Array.map (<anonymous>)\n    at Jfn (/Users/naylawinter/.vscode/extensions/uqbar.wollok-lsp-ide-0.3.6/out/server/src/server.js:2254:32339)\n    at k2.buildEnvironmentFrom (/Users/naylawinter/.vscode/extensions/uqbar.wollok-lsp-ide-0.3.6/out/server/src/server.js:2285:6721)\n    at k2.updateEnvironmentWith (/Users/naylawinter/.vscode/extensions/uqbar.wollok-lsp-ide-0.3.6/out/server/src/server.js:2285:6456)\n    at jL (/Users/naylawinter/.vscode/extensions/uqbar.wollok-lsp-ide-0.3.6/out/server/src/server.js:2298:2292)\n    at v3.invoke (/Users/naylawinter/.vscode/extensions/uqbar.wollok-lsp-ide-0.3.6/out/server/src/server.js:3:157200)\n    at o.fire (/Users/naylawinter/.vscode/extensions/uqbar.wollok-lsp-ide-0.3.6/out/server/src/server.js:3:157970)\n    at /Users/naylawinter/.vscode/extensions/uqbar.wollok-lsp-ide-0.3.6/out/server/src/server.js:37:57871\n    at Vr (/Users/naylawinter/.vscode/extensions/uqbar.wollok-lsp-ide-0.3.6/out/server/src/server.js:8:1561)","timestamp":"2024-11-09T16:11:41.768Z"}
{"level":"info","message":"⌛ Building environment","timeElapsed":115,"timestamp":"2024-11-09T16:11:42.004Z"}
{"level":"info","message":"⌛ Validating bots.wlk","timeElapsed":120,"timestamp":"2024-11-09T16:11:42.126Z"}
{"level":"error","message":"✘ Failed to rebuild document Failed to parse bots.wlk: \n-- PARSING FAILED --------------------------------------------------\n\n  50 |   override method hacerImpuroAceite() {}\n  51 | \n> 52 | }\n     | ^\n\nExpected one of the following: \n\n'@', 'class', 'const', 'describe', 'mixin', 'object', 'only', 'package', 'program', 'test', 'var', '{', EOF, comment, not \"}\", whitespace\n","stack":"Error: Failed to parse bots.wlk: \n-- PARSING FAILED --------------------------------------------------\n\n  50 |   override method hacerImpuroAceite() {}\n  51 | \n> 52 | }\n     | ^\n\nExpected one of the following: \n\n'@', 'class', 'const', 'describe', 'mixin', 'object', 'only', 'package', 'program', 'test', 'var', '{', EOF, comment, not \"}\", whitespace\n\n    at /Users/naylawinter/.vscode/extensions/uqbar.wollok-lsp-ide-0.3.6/out/server/src/server.js:2254:32415\n    at Array.map (<anonymous>)\n    at Jfn (/Users/naylawinter/.vscode/extensions/uqbar.wollok-lsp-ide-0.3.6/out/server/src/server.js:2254:32339)\n    at k2.buildEnvironmentFrom (/Users/naylawinter/.vscode/extensions/uqbar.wollok-lsp-ide-0.3.6/out/server/src/server.js:2285:6721)\n    at k2.updateEnvironmentWith (/Users/naylawinter/.vscode/extensions/uqbar.wollok-lsp-ide-0.3.6/out/server/src/server.js:2285:6456)\n    at jL (/Users/naylawinter/.vscode/extensions/uqbar.wollok-lsp-ide-0.3.6/out/server/src/server.js:2298:2292)\n    at v3.invoke (/Users/naylawinter/.vscode/extensions/uqbar.wollok-lsp-ide-0.3.6/out/server/src/server.js:3:157200)\n    at o.fire (/Users/naylawinter/.vscode/extensions/uqbar.wollok-lsp-ide-0.3.6/out/server/src/server.js:3:157970)\n    at /Users/naylawinter/.vscode/extensions/uqbar.wollok-lsp-ide-0.3.6/out/server/src/server.js:37:57871\n    at Vr (/Users/naylawinter/.vscode/extensions/uqbar.wollok-lsp-ide-0.3.6/out/server/src/server.js:8:1561)","timestamp":"2024-11-09T16:13:03.976Z"}
{"level":"info","message":"⌛ Validating bots.wlk","timeElapsed":118,"timestamp":"2024-11-09T16:13:06.434Z"}
{"level":"info","message":"⌛ Building environment","timeElapsed":111,"timestamp":"2024-11-09T16:13:08.684Z"}
{"level":"info","message":"⌛ Validating bots.wlk","timeElapsed":108,"timestamp":"2024-11-09T16:13:08.792Z"}
{"level":"info","message":"⌛ Validating bots.wlk","timeElapsed":119,"timestamp":"2024-11-09T16:13:09.280Z"}
{"level":"info","message":"⌛ Validating bots.wlk","timeElapsed":124,"timestamp":"2024-11-09T16:13:11.876Z"}
{"level":"info","message":"⌛ Validating bots.wlk","timeElapsed":107,"timestamp":"2024-11-09T16:13:12.083Z"}
{"level":"info","message":"⌛ Validating bots.wlk","timeElapsed":124,"timestamp":"2024-11-09T16:13:12.464Z"}
{"level":"info","message":"⌛ Validating bots.wlk","timeElapsed":108,"timestamp":"2024-11-09T16:13:20.410Z"}
{"level":"info","message":"⌛ Building environment","timeElapsed":102,"timestamp":"2024-11-09T16:14:14.789Z"}
{"level":"info","message":"⌛ Validating bots.wlk","timeElapsed":131,"timestamp":"2024-11-09T16:14:14.921Z"}
{"level":"info","message":"⌛ Validating bots.wlk","timeElapsed":110,"timestamp":"2024-11-09T16:14:15.230Z"}
{"level":"info","message":"⌛ Building environment","timeElapsed":102,"timestamp":"2024-11-09T16:14:17.560Z"}
{"level":"info","message":"⌛ Validating bots.wlk","timeElapsed":128,"timestamp":"2024-11-09T16:14:17.690Z"}
{"level":"info","message":"⌛ Validating bots.wlk","timeElapsed":123,"timestamp":"2024-11-09T16:14:20.302Z"}
{"failures":[],"level":"info","message":"🧪 Test runner executed on /Users/naylawinter/Documents/PDP/Harry-Boter","result":{"failed":0,"ok":1},"timeElapsed":402,"timestamp":"2024-11-09T16:14:25.345Z"}
{"level":"info","message":"⌛ Building environment","timeElapsed":108,"timestamp":"2024-11-09T16:14:31.352Z"}
{"level":"info","message":"⌛ Validating bots.wlk","timeElapsed":137,"timestamp":"2024-11-09T16:14:31.492Z"}
{"level":"info","message":"⌛ Building environment","timeElapsed":103,"timestamp":"2024-11-09T16:14:33.548Z"}
{"level":"info","message":"⌛ Validating bots.wlk","timeElapsed":107,"timestamp":"2024-11-09T16:14:33.659Z"}
{"level":"info","message":"⌛ Validating bots.wlk","timeElapsed":126,"timestamp":"2024-11-09T16:14:34.151Z"}
{"level":"info","message":"⌛ Building environment","timeElapsed":102,"timestamp":"2024-11-09T16:14:59.761Z"}
{"level":"info","message":"⌛ Validating bots.wlk","timeElapsed":132,"timestamp":"2024-11-09T16:14:59.900Z"}
{"level":"info","message":"⌛ Building environment","timeElapsed":180,"timestamp":"2024-11-09T16:15:00.081Z"}
{"level":"info","message":"⌛ Validating bots.wlk","timeElapsed":106,"timestamp":"2024-11-09T16:15:00.262Z"}
{"level":"info","message":"⌛ Building environment","timeElapsed":137,"timestamp":"2024-11-09T16:15:00.733Z"}
{"level":"info","message":"⌛ Validating bots.wlk","timeElapsed":136,"timestamp":"2024-11-09T16:15:00.870Z"}
{"level":"info","message":"⌛ Validating bots.wlk","timeElapsed":102,"timestamp":"2024-11-09T16:15:01.046Z"}
{"level":"info","message":"⌛ Building environment","timeElapsed":103,"timestamp":"2024-11-09T16:15:01.217Z"}
{"level":"error","message":"✘ Completions for node failed: Error: [Assignment]{28f0b6} at bots.wlk:45 exhausted all cases without a match [Assignment]{28f0b6} at bots.wlk:45 exhausted all cases without a match","stack":"Error: [Assignment]{28f0b6} at bots.wlk:45 exhausted all cases without a match\n    at /Users/naylawinter/.vscode/extensions/uqbar.wollok-lsp-ide-0.3.6/out/server/src/server.js:38:6067\n    at yh (/Users/naylawinter/.vscode/extensions/uqbar.wollok-lsp-ide-0.3.6/out/server/src/server.js:2291:42)\n    at kh (/Users/naylawinter/.vscode/extensions/uqbar.wollok-lsp-ide-0.3.6/out/server/src/server.js:2291:1004)\n    at Y5n (/Users/naylawinter/.vscode/extensions/uqbar.wollok-lsp-ide-0.3.6/out/server/src/server.js:2291:1160)\n    at /Users/naylawinter/.vscode/extensions/uqbar.wollok-lsp-ide-0.3.6/out/server/src/server.js:38:6056\n    at yh (/Users/naylawinter/.vscode/extensions/uqbar.wollok-lsp-ide-0.3.6/out/server/src/server.js:2291:42)\n    at /Users/naylawinter/.vscode/extensions/uqbar.wollok-lsp-ide-0.3.6/out/server/src/server.js:2291:2700\n    at /Users/naylawinter/.vscode/extensions/uqbar.wollok-lsp-ide-0.3.6/out/server/src/server.js:2298:3774\n    at /Users/naylawinter/.vscode/extensions/uqbar.wollok-lsp-ide-0.3.6/out/server/src/server.js:37:74872\n    at Fe (/Users/naylawinter/.vscode/extensions/uqbar.wollok-lsp-ide-0.3.6/out/server/src/server.js:7:8527)","timestamp":"2024-11-09T16:15:01.270Z"}
{"level":"info","message":"⌛ Validating bots.wlk","timeElapsed":143,"timestamp":"2024-11-09T16:15:01.416Z"}
{"level":"info","message":"⌛ Building environment","timeElapsed":108,"timestamp":"2024-11-09T16:15:01.527Z"}
{"level":"info","message":"onRequest - completionItem/resolve","timestamp":"2024-11-09T16:15:01.527Z"}
{"level":"info","message":"⌛ Building environment","timeElapsed":147,"timestamp":"2024-11-09T16:15:01.675Z"}
{"level":"info","message":"onRequest - completionItem/resolve","timestamp":"2024-11-09T16:15:01.676Z"}
{"level":"info","message":"⌛ Building environment","timeElapsed":169,"timestamp":"2024-11-09T16:15:01.845Z"}
{"level":"info","message":"onRequest - completionItem/resolve","timestamp":"2024-11-09T16:15:01.849Z"}
{"level":"info","message":"⌛ Validating bots.wlk","timeElapsed":106,"timestamp":"2024-11-09T16:15:01.955Z"}
{"level":"info","message":"onRequest - completionItem/resolve","timestamp":"2024-11-09T16:15:02.032Z"}
{"level":"info","message":"⌛ Validating bots.wlk","timeElapsed":147,"timestamp":"2024-11-09T16:15:02.178Z"}
{"level":"info","message":"onRequest - completionItem/resolve","timestamp":"2024-11-09T16:15:02.403Z"}
{"level":"error","message":"✘ Completions for node failed: Error: [Assignment]{ce5978} at bots.wlk:45 exhausted all cases without a match [Assignment]{ce5978} at bots.wlk:45 exhausted all cases without a match","stack":"Error: [Assignment]{ce5978} at bots.wlk:45 exhausted all cases without a match\n    at /Users/naylawinter/.vscode/extensions/uqbar.wollok-lsp-ide-0.3.6/out/server/src/server.js:38:6067\n    at yh (/Users/naylawinter/.vscode/extensions/uqbar.wollok-lsp-ide-0.3.6/out/server/src/server.js:2291:42)\n    at kh (/Users/naylawinter/.vscode/extensions/uqbar.wollok-lsp-ide-0.3.6/out/server/src/server.js:2291:1004)\n    at Y5n (/Users/naylawinter/.vscode/extensions/uqbar.wollok-lsp-ide-0.3.6/out/server/src/server.js:2291:1160)\n    at /Users/naylawinter/.vscode/extensions/uqbar.wollok-lsp-ide-0.3.6/out/server/src/server.js:38:6056\n    at yh (/Users/naylawinter/.vscode/extensions/uqbar.wollok-lsp-ide-0.3.6/out/server/src/server.js:2291:42)\n    at /Users/naylawinter/.vscode/extensions/uqbar.wollok-lsp-ide-0.3.6/out/server/src/server.js:2291:2700\n    at /Users/naylawinter/.vscode/extensions/uqbar.wollok-lsp-ide-0.3.6/out/server/src/server.js:2298:3774\n    at /Users/naylawinter/.vscode/extensions/uqbar.wollok-lsp-ide-0.3.6/out/server/src/server.js:37:74872\n    at Fe (/Users/naylawinter/.vscode/extensions/uqbar.wollok-lsp-ide-0.3.6/out/server/src/server.js:7:8527)","timestamp":"2024-11-09T16:15:02.619Z"}
{"level":"info","message":"⌛ Validating bots.wlk","timeElapsed":123,"timestamp":"2024-11-09T16:15:02.749Z"}
{"level":"error","message":"✘ Completions for node failed: Error: [Assignment]{062bb6} at bots.wlk:45 exhausted all cases without a match [Assignment]{062bb6} at bots.wlk:45 exhausted all cases without a match","stack":"Error: [Assignment]{062bb6} at bots.wlk:45 exhausted all cases without a match\n    at /Users/naylawinter/.vscode/extensions/uqbar.wollok-lsp-ide-0.3.6/out/server/src/server.js:38:6067\n    at yh (/Users/naylawinter/.vscode/extensions/uqbar.wollok-lsp-ide-0.3.6/out/server/src/server.js:2291:42)\n    at kh (/Users/naylawinter/.vscode/extensions/uqbar.wollok-lsp-ide-0.3.6/out/server/src/server.js:2291:1004)\n    at Y5n (/Users/naylawinter/.vscode/extensions/uqbar.wollok-lsp-ide-0.3.6/out/server/src/server.js:2291:1160)\n    at /Users/naylawinter/.vscode/extensions/uqbar.wollok-lsp-ide-0.3.6/out/server/src/server.js:38:6056\n    at yh (/Users/naylawinter/.vscode/extensions/uqbar.wollok-lsp-ide-0.3.6/out/server/src/server.js:2291:42)\n    at /Users/naylawinter/.vscode/extensions/uqbar.wollok-lsp-ide-0.3.6/out/server/src/server.js:2291:2700\n    at /Users/naylawinter/.vscode/extensions/uqbar.wollok-lsp-ide-0.3.6/out/server/src/server.js:2298:3774\n    at /Users/naylawinter/.vscode/extensions/uqbar.wollok-lsp-ide-0.3.6/out/server/src/server.js:37:74872\n    at Fe (/Users/naylawinter/.vscode/extensions/uqbar.wollok-lsp-ide-0.3.6/out/server/src/server.js:7:8527)","timestamp":"2024-11-09T16:15:02.949Z"}
{"level":"info","message":"⌛ Validating bots.wlk","timeElapsed":114,"timestamp":"2024-11-09T16:15:03.068Z"}
{"level":"info","message":"⌛ Validating bots.wlk","timeElapsed":117,"timestamp":"2024-11-09T16:15:04.050Z"}
{"level":"info","message":"⌛ Building environment","timeElapsed":109,"timestamp":"2024-11-09T16:15:22.856Z"}
{"level":"info","message":"⌛ Validating bots.wlk","timeElapsed":145,"timestamp":"2024-11-09T16:15:23.001Z"}
{"level":"info","message":"⌛ Building environment","timeElapsed":149,"timestamp":"2024-11-09T16:15:23.153Z"}
{"level":"error","message":"✘ Failed to rebuild document Failed to parse bots.wlk: \n-- PARSING FAILED --------------------------------------------------\n\n  46 |     if(indice > casasPosibles.size()) {indice = 0}\n  47 |     return indice\n> 48 |   }\n     |   ^\n  49 | \n  50 |   override method hacerImpuroAceite() {}\n\nExpected one of the following: \n\n'@', 'class', 'const', 'describe', 'mixin', 'object', 'only', 'package', 'program', 'test', 'var', '{', EOF, comment, not \"}\n\n  \", whitespace\n","stack":"Error: Failed to parse bots.wlk: \n-- PARSING FAILED --------------------------------------------------\n\n  46 |     if(indice > casasPosibles.size()) {indice = 0}\n  47 |     return indice\n> 48 |   }\n     |   ^\n  49 | \n  50 |   override method hacerImpuroAceite() {}\n\nExpected one of the following: \n\n'@', 'class', 'const', 'describe', 'mixin', 'object', 'only', 'package', 'program', 'test', 'var', '{', EOF, comment, not \"}\n\n  \", whitespace\n\n    at /Users/naylawinter/.vscode/extensions/uqbar.wollok-lsp-ide-0.3.6/out/server/src/server.js:2254:32415\n    at Array.map (<anonymous>)\n    at Jfn (/Users/naylawinter/.vscode/extensions/uqbar.wollok-lsp-ide-0.3.6/out/server/src/server.js:2254:32339)\n    at k2.buildEnvironmentFrom (/Users/naylawinter/.vscode/extensions/uqbar.wollok-lsp-ide-0.3.6/out/server/src/server.js:2285:6721)\n    at k2.updateEnvironmentWith (/Users/naylawinter/.vscode/extensions/uqbar.wollok-lsp-ide-0.3.6/out/server/src/server.js:2285:6456)\n    at jL (/Users/naylawinter/.vscode/extensions/uqbar.wollok-lsp-ide-0.3.6/out/server/src/server.js:2298:2292)\n    at v3.invoke (/Users/naylawinter/.vscode/extensions/uqbar.wollok-lsp-ide-0.3.6/out/server/src/server.js:3:157200)\n    at o.fire (/Users/naylawinter/.vscode/extensions/uqbar.wollok-lsp-ide-0.3.6/out/server/src/server.js:3:157970)\n    at /Users/naylawinter/.vscode/extensions/uqbar.wollok-lsp-ide-0.3.6/out/server/src/server.js:37:57871\n    at Vr (/Users/naylawinter/.vscode/extensions/uqbar.wollok-lsp-ide-0.3.6/out/server/src/server.js:8:1561)","timestamp":"2024-11-09T16:16:26.901Z"}
{"level":"info","message":"⌛ Building environment","timeElapsed":222,"timestamp":"2024-11-09T16:16:31.585Z"}
{"level":"info","message":"⌛ Validating bots.wlk","timeElapsed":186,"timestamp":"2024-11-09T16:16:31.773Z"}
{"level":"info","message":"⌛ Validating bots.wlk","timeElapsed":117,"timestamp":"2024-11-09T16:16:33.336Z"}
{"level":"info","message":"⌛ Building environment","timeElapsed":110,"timestamp":"2024-11-09T16:16:33.660Z"}
{"level":"info","message":"⌛ Validating bots.wlk","timeElapsed":116,"timestamp":"2024-11-09T16:16:33.777Z"}
{"level":"info","message":"⌛ Building environment","timeElapsed":102,"timestamp":"2024-11-09T16:17:02.554Z"}
{"level":"info","message":"⌛ Validating testExample.wtest","timeElapsed":115,"timestamp":"2024-11-09T16:17:03.136Z"}
{"level":"info","message":"⌛ Validating testExample.wtest","timeElapsed":153,"timestamp":"2024-11-09T16:17:04.572Z"}
{"level":"info","message":"⌛ Validating testExample.wtest","timeElapsed":104,"timestamp":"2024-11-09T16:17:04.768Z"}
{"level":"info","message":"⌛ Validating testExample.wtest","timeElapsed":129,"timestamp":"2024-11-09T16:17:06.332Z"}
{"level":"info","message":"⌛ Building environment","timeElapsed":104,"timestamp":"2024-11-09T16:17:06.437Z"}
{"level":"info","message":"⌛ Validating testExample.wtest","timeElapsed":117,"timestamp":"2024-11-09T16:17:06.554Z"}
{"level":"info","message":"⌛ Building environment","timeElapsed":106,"timestamp":"2024-11-09T16:17:07.824Z"}
{"level":"info","message":"⌛ Validating testExample.wtest","timeElapsed":190,"timestamp":"2024-11-09T16:17:08.020Z"}
{"level":"info","message":"⌛ Building environment","timeElapsed":113,"timestamp":"2024-11-09T16:17:29.692Z"}
{"level":"info","message":"⌛ Validating testExample.wtest","timeElapsed":166,"timestamp":"2024-11-09T16:17:29.861Z"}
{"level":"info","message":"⌛ Building environment","timeElapsed":122,"timestamp":"2024-11-09T16:17:29.986Z"}
{"level":"info","message":"⌛ Validating testExample.wtest","timeElapsed":105,"timestamp":"2024-11-09T16:17:30.100Z"}
{"level":"info","message":"⌛ Building environment","timeElapsed":158,"timestamp":"2024-11-09T16:17:30.630Z"}
{"level":"info","message":"onRequest - completionItem/resolve","timestamp":"2024-11-09T16:17:30.632Z"}
{"level":"info","message":"⌛ Building environment","timeElapsed":104,"timestamp":"2024-11-09T16:17:30.736Z"}
{"level":"info","message":"onRequest - completionItem/resolve","timestamp":"2024-11-09T16:17:30.737Z"}
{"level":"info","message":"⌛ Validating testExample.wtest","timeElapsed":110,"timestamp":"2024-11-09T16:17:30.848Z"}
{"level":"info","message":"onRequest - completionItem/resolve","timestamp":"2024-11-09T16:17:30.934Z"}
{"level":"info","message":"⌛ Validating testExample.wtest","timeElapsed":119,"timestamp":"2024-11-09T16:17:31.053Z"}
{"level":"info","message":"⌛ Validating testExample.wtest","timeElapsed":107,"timestamp":"2024-11-09T16:17:31.173Z"}
{"level":"info","message":"onRequest - completionItem/resolve","timestamp":"2024-11-09T16:17:31.256Z"}
{"level":"info","message":"⌛ Validating testExample.wtest","timeElapsed":169,"timestamp":"2024-11-09T16:17:31.427Z"}
{"level":"info","message":"⌛ Validating testExample.wtest","timeElapsed":109,"timestamp":"2024-11-09T16:17:31.790Z"}
{"level":"info","message":"⌛ Validating testExample.wtest","timeElapsed":103,"timestamp":"2024-11-09T16:17:31.986Z"}
{"level":"info","message":"⌛ Validating testExample.wtest","timeElapsed":122,"timestamp":"2024-11-09T16:17:32.420Z"}
{"level":"info","message":"onRequest - completionItem/resolve","timestamp":"2024-11-09T16:17:32.420Z"}
{"level":"info","message":"⌛ Building environment","timeElapsed":122,"timestamp":"2024-11-09T16:17:32.542Z"}
{"level":"info","message":"onRequest - completionItem/resolve","timestamp":"2024-11-09T16:17:32.543Z"}
{"level":"info","message":"⌛ Building environment","timeElapsed":217,"timestamp":"2024-11-09T16:17:32.763Z"}
{"level":"info","message":"onRequest - completionItem/resolve","timestamp":"2024-11-09T16:17:32.764Z"}
{"level":"info","message":"⌛ Validating testExample.wtest","timeElapsed":110,"timestamp":"2024-11-09T16:17:32.874Z"}
{"level":"error","message":"✘ Failed to rebuild document Failed to parse testExample.wtest: \n-- PARSING FAILED --------------------------------------------------\n\n  37 | \n  38 | \n> 39 | }\n     | ^\n  40 | \n  41 | \n\nExpected one of the following: \n\nstring literal, whitespace\n","stack":"Error: Failed to parse testExample.wtest: \n-- PARSING FAILED --------------------------------------------------\n\n  37 | \n  38 | \n> 39 | }\n     | ^\n  40 | \n  41 | \n\nExpected one of the following: \n\nstring literal, whitespace\n\n    at /Users/naylawinter/.vscode/extensions/uqbar.wollok-lsp-ide-0.3.6/out/server/src/server.js:2254:32415\n    at Array.map (<anonymous>)\n    at Jfn (/Users/naylawinter/.vscode/extensions/uqbar.wollok-lsp-ide-0.3.6/out/server/src/server.js:2254:32339)\n    at k2.buildEnvironmentFrom (/Users/naylawinter/.vscode/extensions/uqbar.wollok-lsp-ide-0.3.6/out/server/src/server.js:2285:6721)\n    at k2.updateEnvironmentWith (/Users/naylawinter/.vscode/extensions/uqbar.wollok-lsp-ide-0.3.6/out/server/src/server.js:2285:6456)\n    at jL (/Users/naylawinter/.vscode/extensions/uqbar.wollok-lsp-ide-0.3.6/out/server/src/server.js:2298:2292)\n    at v3.invoke (/Users/naylawinter/.vscode/extensions/uqbar.wollok-lsp-ide-0.3.6/out/server/src/server.js:3:157200)\n    at o.fire (/Users/naylawinter/.vscode/extensions/uqbar.wollok-lsp-ide-0.3.6/out/server/src/server.js:3:157970)\n    at /Users/naylawinter/.vscode/extensions/uqbar.wollok-lsp-ide-0.3.6/out/server/src/server.js:37:57871\n    at Vr (/Users/naylawinter/.vscode/extensions/uqbar.wollok-lsp-ide-0.3.6/out/server/src/server.js:8:1561)","timestamp":"2024-11-09T16:17:32.898Z"}
{"level":"info","message":"onRequest - completionItem/resolve","timestamp":"2024-11-09T16:17:32.899Z"}
{"level":"info","message":"onRequest - completionItem/resolve","timestamp":"2024-11-09T16:17:35.254Z"}
{"level":"info","message":"⌛ Validating testExample.wtest","timeElapsed":108,"timestamp":"2024-11-09T16:17:35.362Z"}
{"level":"info","message":"⌛ Validating testExample.wtest","timeElapsed":115,"timestamp":"2024-11-09T16:17:35.566Z"}
{"level":"info","message":"⌛ Validating testExample.wtest","timeElapsed":107,"timestamp":"2024-11-09T16:17:35.744Z"}
