{"level":"info","message":"onRequest - completionItem/resolve","timestamp":"2024-11-18T16:57:48.448Z"}
{"level":"info","message":"onRequest - completionItem/resolve","timestamp":"2024-11-18T16:57:49.622Z"}
{"level":"info","message":"⌛ Building environment","timeElapsed":108,"timestamp":"2024-11-18T16:57:49.890Z"}
{"level":"info","message":"onRequest - completionItem/resolve","timestamp":"2024-11-18T16:57:49.903Z"}
{"level":"info","message":"⌛ Validating src/nave.wlk","timeElapsed":109,"timestamp":"2024-11-18T16:57:50.013Z"}
{"level":"info","message":"⌛ Building environment","timeElapsed":110,"timestamp":"2024-11-18T16:57:50.183Z"}
{"level":"info","message":"onRequest - completionItem/resolve","timestamp":"2024-11-18T16:57:50.183Z"}
{"level":"info","message":"⌛ Validating src/nave.wlk","timeElapsed":153,"timestamp":"2024-11-18T16:57:50.337Z"}
{"level":"info","message":"⌛ Building environment","timeElapsed":102,"timestamp":"2024-11-18T16:57:51.499Z"}
{"level":"error","message":"✘ Completions for node failed: Error: src.jugador.Jugador.ppuedeVotar [Field]{acf1df} at src/jugador.wlk:16 exhausted all cases without a match src.jugador.Jugador.ppuedeVotar [Field]{acf1df} at src/jugador.wlk:16 exhausted all cases without a match","stack":"Error: src.jugador.Jugador.ppuedeVotar [Field]{acf1df} at src/jugador.wlk:16 exhausted all cases without a match\n    at /Users/naylawinter/.vscode/extensions/uqbar.wollok-lsp-ide-0.3.6/out/server/src/server.js:38:6067\n    at yh (/Users/naylawinter/.vscode/extensions/uqbar.wollok-lsp-ide-0.3.6/out/server/src/server.js:2291:42)\n    at /Users/naylawinter/.vscode/extensions/uqbar.wollok-lsp-ide-0.3.6/out/server/src/server.js:2291:2700\n    at /Users/naylawinter/.vscode/extensions/uqbar.wollok-lsp-ide-0.3.6/out/server/src/server.js:2298:3774\n    at /Users/naylawinter/.vscode/extensions/uqbar.wollok-lsp-ide-0.3.6/out/server/src/server.js:37:74872\n    at Fe (/Users/naylawinter/.vscode/extensions/uqbar.wollok-lsp-ide-0.3.6/out/server/src/server.js:7:8527)\n    at Pt (/Users/naylawinter/.vscode/extensions/uqbar.wollok-lsp-ide-0.3.6/out/server/src/server.js:7:6189)\n    at Gi (/Users/naylawinter/.vscode/extensions/uqbar.wollok-lsp-ide-0.3.6/out/server/src/server.js:7:6378)\n    at Immediate._onImmediate (/Users/naylawinter/.vscode/extensions/uqbar.wollok-lsp-ide-0.3.6/out/server/src/server.js:7:6142)\n    at process.processImmediate (node:internal/timers:483:21)","timestamp":"2024-11-18T16:58:00.225Z"}
{"level":"info","message":"⌛ Validating src/jugador.wlk","timeElapsed":183,"timestamp":"2024-11-18T16:58:00.494Z"}
{"level":"info","message":"onRequest - completionItem/resolve","timestamp":"2024-11-18T16:58:00.494Z"}
{"level":"info","message":"⌛ Validating src/jugador.wlk","timeElapsed":124,"timestamp":"2024-11-18T16:58:00.619Z"}
{"level":"info","message":"onRequest - completionItem/resolve","timestamp":"2024-11-18T16:58:00.690Z"}
{"level":"info","message":"⌛ Building environment","timeElapsed":113,"timestamp":"2024-11-18T16:58:00.804Z"}
{"level":"info","message":"onRequest - completionItem/resolve","timestamp":"2024-11-18T16:58:00.808Z"}
{"level":"info","message":"onRequest - completionItem/resolve","timestamp":"2024-11-18T16:58:00.878Z"}
{"level":"info","message":"⌛ Validating src/jugador.wlk","timeElapsed":121,"timestamp":"2024-11-18T16:58:01.000Z"}
{"level":"info","message":"⌛ Building environment","timeElapsed":106,"timestamp":"2024-11-18T16:58:01.106Z"}
{"level":"info","message":"onRequest - completionItem/resolve","timestamp":"2024-11-18T16:58:01.110Z"}
{"level":"info","message":"⌛ Validating src/jugador.wlk","timeElapsed":125,"timestamp":"2024-11-18T16:58:01.327Z"}
{"level":"info","message":"onRequest - completionItem/resolve","timestamp":"2024-11-18T16:58:01.393Z"}
{"level":"info","message":"onRequest - completionItem/resolve","timestamp":"2024-11-18T16:58:01.455Z"}
{"level":"info","message":"⌛ Validating src/jugador.wlk","timeElapsed":109,"timestamp":"2024-11-18T16:58:01.564Z"}
{"level":"info","message":"⌛ Building environment","timeElapsed":198,"timestamp":"2024-11-18T16:58:01.764Z"}
{"level":"info","message":"⌛ Validating src/jugador.wlk","timeElapsed":120,"timestamp":"2024-11-18T16:58:01.890Z"}
{"level":"info","message":"⌛ Validating src/jugador.wlk","timeElapsed":128,"timestamp":"2024-11-18T16:58:02.021Z"}
{"level":"info","message":"⌛ Validating src/jugador.wlk","timeElapsed":119,"timestamp":"2024-11-18T16:58:02.147Z"}
{"level":"info","message":"⌛ Validating src/jugador.wlk","timeElapsed":106,"timestamp":"2024-11-18T16:58:03.227Z"}
{"level":"error","message":"✘ Failed to rebuild document Failed to parse src/jugador.wlk: \n-- PARSING FAILED --------------------------------------------------\n\n  74 |     nivelSospecha += 5\n  75 |   }\n> 76 | }\n     | ^\n  77 | \n  78 | // -------------------------------- Tipos de Votantes\n\nExpected one of the following: \n\n'@', 'class', 'const', 'describe', 'mixin', 'object', 'only', 'package', 'program', 'test', 'var', '{', EOF, comment, not \"}\n\n\", whitespace\n","stack":"Error: Failed to parse src/jugador.wlk: \n-- PARSING FAILED --------------------------------------------------\n\n  74 |     nivelSospecha += 5\n  75 |   }\n> 76 | }\n     | ^\n  77 | \n  78 | // -------------------------------- Tipos de Votantes\n\nExpected one of the following: \n\n'@', 'class', 'const', 'describe', 'mixin', 'object', 'only', 'package', 'program', 'test', 'var', '{', EOF, comment, not \"}\n\n\", whitespace\n\n    at /Users/naylawinter/.vscode/extensions/uqbar.wollok-lsp-ide-0.3.6/out/server/src/server.js:2254:32415\n    at Array.map (<anonymous>)\n    at Jfn (/Users/naylawinter/.vscode/extensions/uqbar.wollok-lsp-ide-0.3.6/out/server/src/server.js:2254:32339)\n    at k2.buildEnvironmentFrom (/Users/naylawinter/.vscode/extensions/uqbar.wollok-lsp-ide-0.3.6/out/server/src/server.js:2285:6721)\n    at k2.updateEnvironmentWith (/Users/naylawinter/.vscode/extensions/uqbar.wollok-lsp-ide-0.3.6/out/server/src/server.js:2285:6456)\n    at jL (/Users/naylawinter/.vscode/extensions/uqbar.wollok-lsp-ide-0.3.6/out/server/src/server.js:2298:2292)\n    at v3.invoke (/Users/naylawinter/.vscode/extensions/uqbar.wollok-lsp-ide-0.3.6/out/server/src/server.js:3:157200)\n    at o.fire (/Users/naylawinter/.vscode/extensions/uqbar.wollok-lsp-ide-0.3.6/out/server/src/server.js:3:157970)\n    at /Users/naylawinter/.vscode/extensions/uqbar.wollok-lsp-ide-0.3.6/out/server/src/server.js:37:57871\n    at Vr (/Users/naylawinter/.vscode/extensions/uqbar.wollok-lsp-ide-0.3.6/out/server/src/server.js:8:1561)","timestamp":"2024-11-18T16:58:23.903Z"}
{"level":"error","message":"✘ Failed to rebuild document Failed to parse src/jugador.wlk: \n-- PARSING FAILED --------------------------------------------------\n\n  74 |     nivelSospecha += 5\n  75 |   }\n> 76 | }\n     | ^\n  77 | \n  78 | // -------------------------------- Tipos de Votantes\n\nExpected one of the following: \n\n'@', 'class', 'const', 'describe', 'mixin', 'object', 'only', 'package', 'program', 'test', 'var', '{', EOF, comment, not \"}\n\n\", whitespace\n","stack":"Error: Failed to parse src/jugador.wlk: \n-- PARSING FAILED --------------------------------------------------\n\n  74 |     nivelSospecha += 5\n  75 |   }\n> 76 | }\n     | ^\n  77 | \n  78 | // -------------------------------- Tipos de Votantes\n\nExpected one of the following: \n\n'@', 'class', 'const', 'describe', 'mixin', 'object', 'only', 'package', 'program', 'test', 'var', '{', EOF, comment, not \"}\n\n\", whitespace\n\n    at /Users/naylawinter/.vscode/extensions/uqbar.wollok-lsp-ide-0.3.6/out/server/src/server.js:2254:32415\n    at Array.map (<anonymous>)\n    at Jfn (/Users/naylawinter/.vscode/extensions/uqbar.wollok-lsp-ide-0.3.6/out/server/src/server.js:2254:32339)\n    at k2.buildEnvironmentFrom (/Users/naylawinter/.vscode/extensions/uqbar.wollok-lsp-ide-0.3.6/out/server/src/server.js:2285:6721)\n    at k2.updateEnvironmentWith (/Users/naylawinter/.vscode/extensions/uqbar.wollok-lsp-ide-0.3.6/out/server/src/server.js:2285:6456)\n    at jL (/Users/naylawinter/.vscode/extensions/uqbar.wollok-lsp-ide-0.3.6/out/server/src/server.js:2298:2292)\n    at v3.invoke (/Users/naylawinter/.vscode/extensions/uqbar.wollok-lsp-ide-0.3.6/out/server/src/server.js:3:157200)\n    at o.fire (/Users/naylawinter/.vscode/extensions/uqbar.wollok-lsp-ide-0.3.6/out/server/src/server.js:3:157970)\n    at /Users/naylawinter/.vscode/extensions/uqbar.wollok-lsp-ide-0.3.6/out/server/src/server.js:37:57871\n    at Vr (/Users/naylawinter/.vscode/extensions/uqbar.wollok-lsp-ide-0.3.6/out/server/src/server.js:8:1561)","timestamp":"2024-11-18T16:58:24.045Z"}
{"level":"info","message":"⌛ Building environment","timeElapsed":150,"timestamp":"2024-11-18T16:58:24.330Z"}
{"level":"error","message":"✘ Completions for node failed: Error: [Parameter]{2af40b} at src/jugador.wlk:72 exhausted all cases without a match [Parameter]{2af40b} at src/jugador.wlk:72 exhausted all cases without a match","stack":"Error: [Parameter]{2af40b} at src/jugador.wlk:72 exhausted all cases without a match\n    at /Users/naylawinter/.vscode/extensions/uqbar.wollok-lsp-ide-0.3.6/out/server/src/server.js:38:6067\n    at yh (/Users/naylawinter/.vscode/extensions/uqbar.wollok-lsp-ide-0.3.6/out/server/src/server.js:2291:42)\n    at /Users/naylawinter/.vscode/extensions/uqbar.wollok-lsp-ide-0.3.6/out/server/src/server.js:2291:2700\n    at /Users/naylawinter/.vscode/extensions/uqbar.wollok-lsp-ide-0.3.6/out/server/src/server.js:2298:3774\n    at /Users/naylawinter/.vscode/extensions/uqbar.wollok-lsp-ide-0.3.6/out/server/src/server.js:37:74872\n    at Fe (/Users/naylawinter/.vscode/extensions/uqbar.wollok-lsp-ide-0.3.6/out/server/src/server.js:7:8527)\n    at Pt (/Users/naylawinter/.vscode/extensions/uqbar.wollok-lsp-ide-0.3.6/out/server/src/server.js:7:6189)\n    at Gi (/Users/naylawinter/.vscode/extensions/uqbar.wollok-lsp-ide-0.3.6/out/server/src/server.js:7:6378)\n    at Immediate._onImmediate (/Users/naylawinter/.vscode/extensions/uqbar.wollok-lsp-ide-0.3.6/out/server/src/server.js:7:6142)\n    at process.processImmediate (node:internal/timers:483:21)","timestamp":"2024-11-18T16:58:24.361Z"}
{"level":"info","message":"⌛ Building environment","timeElapsed":147,"timestamp":"2024-11-18T16:58:24.540Z"}
{"level":"info","message":"⌛ Validating src/jugador.wlk","timeElapsed":138,"timestamp":"2024-11-18T16:58:24.679Z"}
{"level":"info","message":"⌛ Building environment","timeElapsed":102,"timestamp":"2024-11-18T16:58:24.784Z"}
{"level":"info","message":"⌛ Validating src/jugador.wlk","timeElapsed":127,"timestamp":"2024-11-18T16:58:24.915Z"}
{"level":"error","message":"✘ Completions for node failed: Error: [Parameter]{f85a99} at src/jugador.wlk:72 exhausted all cases without a match [Parameter]{f85a99} at src/jugador.wlk:72 exhausted all cases without a match","stack":"Error: [Parameter]{f85a99} at src/jugador.wlk:72 exhausted all cases without a match\n    at /Users/naylawinter/.vscode/extensions/uqbar.wollok-lsp-ide-0.3.6/out/server/src/server.js:38:6067\n    at yh (/Users/naylawinter/.vscode/extensions/uqbar.wollok-lsp-ide-0.3.6/out/server/src/server.js:2291:42)\n    at /Users/naylawinter/.vscode/extensions/uqbar.wollok-lsp-ide-0.3.6/out/server/src/server.js:2291:2700\n    at /Users/naylawinter/.vscode/extensions/uqbar.wollok-lsp-ide-0.3.6/out/server/src/server.js:2298:3774\n    at /Users/naylawinter/.vscode/extensions/uqbar.wollok-lsp-ide-0.3.6/out/server/src/server.js:37:74872\n    at Fe (/Users/naylawinter/.vscode/extensions/uqbar.wollok-lsp-ide-0.3.6/out/server/src/server.js:7:8527)\n    at Pt (/Users/naylawinter/.vscode/extensions/uqbar.wollok-lsp-ide-0.3.6/out/server/src/server.js:7:6189)\n    at Gi (/Users/naylawinter/.vscode/extensions/uqbar.wollok-lsp-ide-0.3.6/out/server/src/server.js:7:6378)\n    at Immediate._onImmediate (/Users/naylawinter/.vscode/extensions/uqbar.wollok-lsp-ide-0.3.6/out/server/src/server.js:7:6142)\n    at process.processImmediate (node:internal/timers:483:21)","timestamp":"2024-11-18T16:58:25.032Z"}
{"level":"info","message":"⌛ Validating src/jugador.wlk","timeElapsed":113,"timestamp":"2024-11-18T16:58:25.214Z"}
{"level":"info","message":"⌛ Building environment","timeElapsed":116,"timestamp":"2024-11-18T16:58:25.333Z"}
{"level":"info","message":"⌛ Building environment","timeElapsed":101,"timestamp":"2024-11-18T16:58:25.436Z"}
{"level":"info","message":"⌛ Validating src/jugador.wlk","timeElapsed":128,"timestamp":"2024-11-18T16:58:25.565Z"}
{"level":"info","message":"⌛ Validating src/jugador.wlk","timeElapsed":124,"timestamp":"2024-11-18T16:58:25.690Z"}
{"level":"info","message":"⌛ Validating src/jugador.wlk","timeElapsed":112,"timestamp":"2024-11-18T16:58:25.812Z"}
{"level":"info","message":"⌛ Validating src/jugador.wlk","timeElapsed":106,"timestamp":"2024-11-18T16:58:25.919Z"}
{"level":"error","message":"✘ Completions for node failed: Error: [Send]{ac1a4d} at src/jugador.wlk:73 exhausted all cases without a match [Send]{ac1a4d} at src/jugador.wlk:73 exhausted all cases without a match","stack":"Error: [Send]{ac1a4d} at src/jugador.wlk:73 exhausted all cases without a match\n    at /Users/naylawinter/.vscode/extensions/uqbar.wollok-lsp-ide-0.3.6/out/server/src/server.js:38:6067\n    at yh (/Users/naylawinter/.vscode/extensions/uqbar.wollok-lsp-ide-0.3.6/out/server/src/server.js:2291:42)\n    at kh (/Users/naylawinter/.vscode/extensions/uqbar.wollok-lsp-ide-0.3.6/out/server/src/server.js:2291:1004)\n    at Y5n (/Users/naylawinter/.vscode/extensions/uqbar.wollok-lsp-ide-0.3.6/out/server/src/server.js:2291:1160)\n    at /Users/naylawinter/.vscode/extensions/uqbar.wollok-lsp-ide-0.3.6/out/server/src/server.js:38:6056\n    at yh (/Users/naylawinter/.vscode/extensions/uqbar.wollok-lsp-ide-0.3.6/out/server/src/server.js:2291:42)\n    at /Users/naylawinter/.vscode/extensions/uqbar.wollok-lsp-ide-0.3.6/out/server/src/server.js:2291:2700\n    at /Users/naylawinter/.vscode/extensions/uqbar.wollok-lsp-ide-0.3.6/out/server/src/server.js:2298:3774\n    at /Users/naylawinter/.vscode/extensions/uqbar.wollok-lsp-ide-0.3.6/out/server/src/server.js:37:74872\n    at Fe (/Users/naylawinter/.vscode/extensions/uqbar.wollok-lsp-ide-0.3.6/out/server/src/server.js:7:8527)","timestamp":"2024-11-18T16:58:26.760Z"}
{"level":"info","message":"⌛ Building environment","timeElapsed":134,"timestamp":"2024-11-18T16:58:26.897Z"}
{"level":"info","message":"onRequest - completionItem/resolve","timestamp":"2024-11-18T16:58:26.992Z"}
{"level":"info","message":"⌛ Building environment","timeElapsed":168,"timestamp":"2024-11-18T16:58:27.161Z"}
{"level":"info","message":"onRequest - completionItem/resolve","timestamp":"2024-11-18T16:58:27.167Z"}
{"level":"info","message":"⌛ Validating src/jugador.wlk","timeElapsed":148,"timestamp":"2024-11-18T16:58:27.316Z"}
{"level":"info","message":"⌛ Building environment","timeElapsed":108,"timestamp":"2024-11-18T16:58:27.424Z"}
{"level":"info","message":"onRequest - completionItem/resolve","timestamp":"2024-11-18T16:58:27.434Z"}
{"level":"info","message":"onRequest - completionItem/resolve","timestamp":"2024-11-18T16:58:27.509Z"}
{"level":"info","message":"⌛ Validating src/jugador.wlk","timeElapsed":103,"timestamp":"2024-11-18T16:58:27.613Z"}
{"level":"info","message":"⌛ Building environment","timeElapsed":105,"timestamp":"2024-11-18T16:58:27.719Z"}
{"level":"info","message":"onRequest - completionItem/resolve","timestamp":"2024-11-18T16:58:27.720Z"}
{"level":"info","message":"onRequest - completionItem/resolve","timestamp":"2024-11-18T16:58:27.808Z"}
{"level":"info","message":"⌛ Validating src/jugador.wlk","timeElapsed":137,"timestamp":"2024-11-18T16:58:27.945Z"}
{"level":"info","message":"⌛ Validating src/jugador.wlk","timeElapsed":103,"timestamp":"2024-11-18T16:58:28.051Z"}
{"level":"info","message":"⌛ Validating src/jugador.wlk","timeElapsed":212,"timestamp":"2024-11-18T16:58:28.361Z"}
{"level":"info","message":"⌛ Building environment","timeElapsed":182,"timestamp":"2024-11-20T11:39:14.392Z"}
{"level":"info","message":"⌛ Validating src/nave.wlk","timeElapsed":172,"timestamp":"2024-11-20T11:39:14.568Z"}
{"level":"info","message":"⌛ Building environment","timeElapsed":139,"timestamp":"2024-11-20T11:39:14.977Z"}
{"level":"info","message":"⌛ Building environment","timeElapsed":141,"timestamp":"2024-11-20T11:39:15.190Z"}
{"level":"info","message":"⌛ Building environment","timeElapsed":137,"timestamp":"2024-11-20T11:39:15.328Z"}
{"level":"info","message":"⌛ Validating src/nave.wlk","timeElapsed":194,"timestamp":"2024-11-20T11:39:15.524Z"}
{"level":"info","message":"onRequest - completionItem/resolve","timestamp":"2024-11-20T11:39:15.525Z"}
{"level":"info","message":"⌛ Building environment","timeElapsed":102,"timestamp":"2024-11-20T11:39:15.627Z"}
{"level":"info","message":"onRequest - completionItem/resolve","timestamp":"2024-11-20T11:39:15.628Z"}
{"level":"info","message":"⌛ Validating src/nave.wlk","timeElapsed":123,"timestamp":"2024-11-20T11:39:15.752Z"}
{"level":"info","message":"onRequest - completionItem/resolve","timestamp":"2024-11-20T11:39:15.840Z"}
{"level":"info","message":"⌛ Validating src/nave.wlk","timeElapsed":261,"timestamp":"2024-11-20T11:39:16.101Z"}
{"level":"info","message":"⌛ Validating src/nave.wlk","timeElapsed":157,"timestamp":"2024-11-20T11:39:16.343Z"}
{"level":"info","message":"⌛ Validating src/nave.wlk","timeElapsed":104,"timestamp":"2024-11-20T11:39:16.458Z"}
{"level":"info","message":"⌛ Building environment","timeElapsed":115,"timestamp":"2024-11-20T11:39:16.574Z"}
{"level":"error","message":"✘ Completions for node failed: Error: j [Variable]{526823} at src/nave.wlk:52 exhausted all cases without a match j [Variable]{526823} at src/nave.wlk:52 exhausted all cases without a match","stack":"Error: j [Variable]{526823} at src/nave.wlk:52 exhausted all cases without a match\n    at /Users/naylawinter/.vscode/extensions/uqbar.wollok-lsp-ide-0.3.6/out/server/src/server.js:38:6067\n    at yh (/Users/naylawinter/.vscode/extensions/uqbar.wollok-lsp-ide-0.3.6/out/server/src/server.js:2291:42)\n    at /Users/naylawinter/.vscode/extensions/uqbar.wollok-lsp-ide-0.3.6/out/server/src/server.js:2291:2700\n    at /Users/naylawinter/.vscode/extensions/uqbar.wollok-lsp-ide-0.3.6/out/server/src/server.js:2298:3774\n    at /Users/naylawinter/.vscode/extensions/uqbar.wollok-lsp-ide-0.3.6/out/server/src/server.js:37:74872\n    at Fe (/Users/naylawinter/.vscode/extensions/uqbar.wollok-lsp-ide-0.3.6/out/server/src/server.js:7:8527)\n    at Pt (/Users/naylawinter/.vscode/extensions/uqbar.wollok-lsp-ide-0.3.6/out/server/src/server.js:7:6189)\n    at Gi (/Users/naylawinter/.vscode/extensions/uqbar.wollok-lsp-ide-0.3.6/out/server/src/server.js:7:6378)\n    at Immediate._onImmediate (/Users/naylawinter/.vscode/extensions/uqbar.wollok-lsp-ide-0.3.6/out/server/src/server.js:7:6142)\n    at process.processImmediate (node:internal/timers:483:21)","timestamp":"2024-11-20T11:39:16.649Z"}
{"level":"info","message":"⌛ Building environment","timeElapsed":123,"timestamp":"2024-11-20T11:39:16.774Z"}
{"level":"info","message":"⌛ Validating src/nave.wlk","timeElapsed":176,"timestamp":"2024-11-20T11:39:16.951Z"}
{"level":"info","message":"⌛ Building environment","timeElapsed":135,"timestamp":"2024-11-20T11:39:17.272Z"}
{"level":"info","message":"⌛ Validating src/nave.wlk","timeElapsed":129,"timestamp":"2024-11-20T11:39:17.404Z"}
{"level":"info","message":"onRequest - completionItem/resolve","timestamp":"2024-11-20T11:39:17.405Z"}
{"level":"info","message":"onRequest - completionItem/resolve","timestamp":"2024-11-20T11:39:17.498Z"}
{"level":"info","message":"⌛ Validating src/nave.wlk","timeElapsed":115,"timestamp":"2024-11-20T11:39:17.614Z"}
{"level":"info","message":"⌛ Building environment","timeElapsed":136,"timestamp":"2024-11-20T11:39:17.753Z"}
{"level":"info","message":"onRequest - completionItem/resolve","timestamp":"2024-11-20T11:39:17.754Z"}
{"level":"info","message":"onRequest - completionItem/resolve","timestamp":"2024-11-20T11:39:17.841Z"}
{"level":"info","message":"⌛ Validating src/nave.wlk","timeElapsed":133,"timestamp":"2024-11-20T11:39:17.974Z"}
{"level":"info","message":"⌛ Validating src/nave.wlk","timeElapsed":158,"timestamp":"2024-11-20T11:39:18.134Z"}
{"level":"info","message":"⌛ Validating src/nave.wlk","timeElapsed":136,"timestamp":"2024-11-20T11:39:18.278Z"}
{"level":"info","message":"⌛ Validating src/nave.wlk","timeElapsed":108,"timestamp":"2024-11-20T11:39:18.389Z"}
{"level":"info","message":"⌛ Validating src/nave.wlk","timeElapsed":122,"timestamp":"2024-11-20T11:39:18.512Z"}
{"level":"info","message":"⌛ Validating src/nave.wlk","timeElapsed":168,"timestamp":"2024-11-20T11:39:18.687Z"}
{"level":"error","message":"✘ Completions for node failed: Error: jugadortM [Variable]{38b3ed} at src/nave.wlk:52 exhausted all cases without a match jugadortM [Variable]{38b3ed} at src/nave.wlk:52 exhausted all cases without a match","stack":"Error: jugadortM [Variable]{38b3ed} at src/nave.wlk:52 exhausted all cases without a match\n    at /Users/naylawinter/.vscode/extensions/uqbar.wollok-lsp-ide-0.3.6/out/server/src/server.js:38:6067\n    at yh (/Users/naylawinter/.vscode/extensions/uqbar.wollok-lsp-ide-0.3.6/out/server/src/server.js:2291:42)\n    at /Users/naylawinter/.vscode/extensions/uqbar.wollok-lsp-ide-0.3.6/out/server/src/server.js:2291:2700\n    at /Users/naylawinter/.vscode/extensions/uqbar.wollok-lsp-ide-0.3.6/out/server/src/server.js:2298:3774\n    at /Users/naylawinter/.vscode/extensions/uqbar.wollok-lsp-ide-0.3.6/out/server/src/server.js:37:74872\n    at Fe (/Users/naylawinter/.vscode/extensions/uqbar.wollok-lsp-ide-0.3.6/out/server/src/server.js:7:8527)\n    at Pt (/Users/naylawinter/.vscode/extensions/uqbar.wollok-lsp-ide-0.3.6/out/server/src/server.js:7:6189)\n    at Gi (/Users/naylawinter/.vscode/extensions/uqbar.wollok-lsp-ide-0.3.6/out/server/src/server.js:7:6378)\n    at Immediate._onImmediate (/Users/naylawinter/.vscode/extensions/uqbar.wollok-lsp-ide-0.3.6/out/server/src/server.js:7:6142)\n    at process.processImmediate (node:internal/timers:483:21)","timestamp":"2024-11-20T11:39:18.800Z"}
{"level":"info","message":"⌛ Building environment","timeElapsed":117,"timestamp":"2024-11-20T11:39:18.921Z"}
{"level":"info","message":"⌛ Validating src/nave.wlk","timeElapsed":165,"timestamp":"2024-11-20T11:39:19.107Z"}
{"level":"info","message":"⌛ Building environment","timeElapsed":124,"timestamp":"2024-11-20T11:39:19.233Z"}
{"level":"error","message":"✘ Completions for node failed: Error: jugadortMas [Variable]{52a9a4} at src/nave.wlk:52 exhausted all cases without a match jugadortMas [Variable]{52a9a4} at src/nave.wlk:52 exhausted all cases without a match","stack":"Error: jugadortMas [Variable]{52a9a4} at src/nave.wlk:52 exhausted all cases without a match\n    at /Users/naylawinter/.vscode/extensions/uqbar.wollok-lsp-ide-0.3.6/out/server/src/server.js:38:6067\n    at yh (/Users/naylawinter/.vscode/extensions/uqbar.wollok-lsp-ide-0.3.6/out/server/src/server.js:2291:42)\n    at /Users/naylawinter/.vscode/extensions/uqbar.wollok-lsp-ide-0.3.6/out/server/src/server.js:2291:2700\n    at /Users/naylawinter/.vscode/extensions/uqbar.wollok-lsp-ide-0.3.6/out/server/src/server.js:2298:3774\n    at /Users/naylawinter/.vscode/extensions/uqbar.wollok-lsp-ide-0.3.6/out/server/src/server.js:37:74872\n    at Fe (/Users/naylawinter/.vscode/extensions/uqbar.wollok-lsp-ide-0.3.6/out/server/src/server.js:7:8527)\n    at Pt (/Users/naylawinter/.vscode/extensions/uqbar.wollok-lsp-ide-0.3.6/out/server/src/server.js:7:6189)\n    at Gi (/Users/naylawinter/.vscode/extensions/uqbar.wollok-lsp-ide-0.3.6/out/server/src/server.js:7:6378)\n    at Immediate._onImmediate (/Users/naylawinter/.vscode/extensions/uqbar.wollok-lsp-ide-0.3.6/out/server/src/server.js:7:6142)\n    at process.processImmediate (node:internal/timers:483:21)","timestamp":"2024-11-20T11:39:19.255Z"}
{"level":"info","message":"⌛ Validating src/nave.wlk","timeElapsed":137,"timestamp":"2024-11-20T11:39:19.395Z"}
{"level":"info","message":"⌛ Validating src/nave.wlk","timeElapsed":122,"timestamp":"2024-11-20T11:39:19.519Z"}
{"level":"info","message":"onRequest - completionItem/resolve","timestamp":"2024-11-20T11:39:19.519Z"}
{"level":"info","message":"⌛ Building environment","timeElapsed":143,"timestamp":"2024-11-20T11:39:19.671Z"}
{"level":"error","message":"✘ Completions for node failed: Error: jugadortMasV [Variable]{4cfc83} at src/nave.wlk:52 exhausted all cases without a match jugadortMasV [Variable]{4cfc83} at src/nave.wlk:52 exhausted all cases without a match","stack":"Error: jugadortMasV [Variable]{4cfc83} at src/nave.wlk:52 exhausted all cases without a match\n    at /Users/naylawinter/.vscode/extensions/uqbar.wollok-lsp-ide-0.3.6/out/server/src/server.js:38:6067\n    at yh (/Users/naylawinter/.vscode/extensions/uqbar.wollok-lsp-ide-0.3.6/out/server/src/server.js:2291:42)\n    at /Users/naylawinter/.vscode/extensions/uqbar.wollok-lsp-ide-0.3.6/out/server/src/server.js:2291:2700\n    at /Users/naylawinter/.vscode/extensions/uqbar.wollok-lsp-ide-0.3.6/out/server/src/server.js:2298:3774\n    at /Users/naylawinter/.vscode/extensions/uqbar.wollok-lsp-ide-0.3.6/out/server/src/server.js:37:74872\n    at Fe (/Users/naylawinter/.vscode/extensions/uqbar.wollok-lsp-ide-0.3.6/out/server/src/server.js:7:8527)\n    at Pt (/Users/naylawinter/.vscode/extensions/uqbar.wollok-lsp-ide-0.3.6/out/server/src/server.js:7:6189)\n    at Gi (/Users/naylawinter/.vscode/extensions/uqbar.wollok-lsp-ide-0.3.6/out/server/src/server.js:7:6378)\n    at Immediate._onImmediate (/Users/naylawinter/.vscode/extensions/uqbar.wollok-lsp-ide-0.3.6/out/server/src/server.js:7:6142)\n    at process.processImmediate (node:internal/timers:483:21)","timestamp":"2024-11-20T11:39:19.749Z"}
{"level":"info","message":"⌛ Validating src/nave.wlk","timeElapsed":111,"timestamp":"2024-11-20T11:39:19.863Z"}
{"level":"info","message":"⌛ Building environment","timeElapsed":269,"timestamp":"2024-11-20T11:39:20.226Z"}
{"level":"error","message":"✘ Completions for node failed: Error: jugadortMasVot [Variable]{e29394} at src/nave.wlk:52 exhausted all cases without a match jugadortMasVot [Variable]{e29394} at src/nave.wlk:52 exhausted all cases without a match","stack":"Error: jugadortMasVot [Variable]{e29394} at src/nave.wlk:52 exhausted all cases without a match\n    at /Users/naylawinter/.vscode/extensions/uqbar.wollok-lsp-ide-0.3.6/out/server/src/server.js:38:6067\n    at yh (/Users/naylawinter/.vscode/extensions/uqbar.wollok-lsp-ide-0.3.6/out/server/src/server.js:2291:42)\n    at /Users/naylawinter/.vscode/extensions/uqbar.wollok-lsp-ide-0.3.6/out/server/src/server.js:2291:2700\n    at /Users/naylawinter/.vscode/extensions/uqbar.wollok-lsp-ide-0.3.6/out/server/src/server.js:2298:3774\n    at /Users/naylawinter/.vscode/extensions/uqbar.wollok-lsp-ide-0.3.6/out/server/src/server.js:37:74872\n    at Fe (/Users/naylawinter/.vscode/extensions/uqbar.wollok-lsp-ide-0.3.6/out/server/src/server.js:7:8527)\n    at Pt (/Users/naylawinter/.vscode/extensions/uqbar.wollok-lsp-ide-0.3.6/out/server/src/server.js:7:6189)\n    at Gi (/Users/naylawinter/.vscode/extensions/uqbar.wollok-lsp-ide-0.3.6/out/server/src/server.js:7:6378)\n    at Immediate._onImmediate (/Users/naylawinter/.vscode/extensions/uqbar.wollok-lsp-ide-0.3.6/out/server/src/server.js:7:6142)\n    at process.processImmediate (node:internal/timers:483:21)","timestamp":"2024-11-20T11:39:20.325Z"}
{"level":"info","message":"⌛ Validating src/nave.wlk","timeElapsed":143,"timestamp":"2024-11-20T11:39:20.472Z"}
{"level":"info","message":"⌛ Building environment","timeElapsed":127,"timestamp":"2024-11-20T11:39:20.600Z"}
{"level":"info","message":"⌛ Validating src/nave.wlk","timeElapsed":107,"timestamp":"2024-11-20T11:39:20.707Z"}
{"level":"info","message":"⌛ Building environment","timeElapsed":121,"timestamp":"2024-11-20T11:39:20.908Z"}
{"level":"error","message":"✘ Completions for node failed: Error: jugadortMasVotado [Variable]{772a14} at src/nave.wlk:52 exhausted all cases without a match jugadortMasVotado [Variable]{772a14} at src/nave.wlk:52 exhausted all cases without a match","stack":"Error: jugadortMasVotado [Variable]{772a14} at src/nave.wlk:52 exhausted all cases without a match\n    at /Users/naylawinter/.vscode/extensions/uqbar.wollok-lsp-ide-0.3.6/out/server/src/server.js:38:6067\n    at yh (/Users/naylawinter/.vscode/extensions/uqbar.wollok-lsp-ide-0.3.6/out/server/src/server.js:2291:42)\n    at /Users/naylawinter/.vscode/extensions/uqbar.wollok-lsp-ide-0.3.6/out/server/src/server.js:2291:2700\n    at /Users/naylawinter/.vscode/extensions/uqbar.wollok-lsp-ide-0.3.6/out/server/src/server.js:2298:3774\n    at /Users/naylawinter/.vscode/extensions/uqbar.wollok-lsp-ide-0.3.6/out/server/src/server.js:37:74872\n    at Fe (/Users/naylawinter/.vscode/extensions/uqbar.wollok-lsp-ide-0.3.6/out/server/src/server.js:7:8527)\n    at Pt (/Users/naylawinter/.vscode/extensions/uqbar.wollok-lsp-ide-0.3.6/out/server/src/server.js:7:6189)\n    at Gi (/Users/naylawinter/.vscode/extensions/uqbar.wollok-lsp-ide-0.3.6/out/server/src/server.js:7:6378)\n    at Immediate._onImmediate (/Users/naylawinter/.vscode/extensions/uqbar.wollok-lsp-ide-0.3.6/out/server/src/server.js:7:6142)\n    at process.processImmediate (node:internal/timers:483:21)","timestamp":"2024-11-20T11:39:20.936Z"}
{"level":"info","message":"⌛ Validating src/nave.wlk","timeElapsed":104,"timestamp":"2024-11-20T11:39:21.148Z"}
{"level":"info","message":"⌛ Validating src/nave.wlk","timeElapsed":122,"timestamp":"2024-11-20T11:39:21.273Z"}
{"level":"info","message":"⌛ Validating src/nave.wlk","timeElapsed":117,"timestamp":"2024-11-20T11:39:21.393Z"}
{"level":"info","message":"⌛ Validating src/nave.wlk","timeElapsed":105,"timestamp":"2024-11-20T11:39:21.779Z"}
{"level":"info","message":"⌛ Building environment","timeElapsed":126,"timestamp":"2024-11-20T11:39:23.715Z"}
{"level":"error","message":"✘ Completions for node failed: Error: jugadortMasVotado [Variable]{b16dba} at src/nave.wlk:52 exhausted all cases without a match jugadortMasVotado [Variable]{b16dba} at src/nave.wlk:52 exhausted all cases without a match","stack":"Error: jugadortMasVotado [Variable]{b16dba} at src/nave.wlk:52 exhausted all cases without a match\n    at /Users/naylawinter/.vscode/extensions/uqbar.wollok-lsp-ide-0.3.6/out/server/src/server.js:38:6067\n    at yh (/Users/naylawinter/.vscode/extensions/uqbar.wollok-lsp-ide-0.3.6/out/server/src/server.js:2291:42)\n    at kh (/Users/naylawinter/.vscode/extensions/uqbar.wollok-lsp-ide-0.3.6/out/server/src/server.js:2291:1004)\n    at Y5n (/Users/naylawinter/.vscode/extensions/uqbar.wollok-lsp-ide-0.3.6/out/server/src/server.js:2291:1160)\n    at /Users/naylawinter/.vscode/extensions/uqbar.wollok-lsp-ide-0.3.6/out/server/src/server.js:38:6056\n    at yh (/Users/naylawinter/.vscode/extensions/uqbar.wollok-lsp-ide-0.3.6/out/server/src/server.js:2291:42)\n    at /Users/naylawinter/.vscode/extensions/uqbar.wollok-lsp-ide-0.3.6/out/server/src/server.js:2291:2700\n    at /Users/naylawinter/.vscode/extensions/uqbar.wollok-lsp-ide-0.3.6/out/server/src/server.js:2298:3774\n    at /Users/naylawinter/.vscode/extensions/uqbar.wollok-lsp-ide-0.3.6/out/server/src/server.js:37:74872\n    at Fe (/Users/naylawinter/.vscode/extensions/uqbar.wollok-lsp-ide-0.3.6/out/server/src/server.js:7:8527)","timestamp":"2024-11-20T11:39:23.742Z"}
{"level":"info","message":"⌛ Building environment","timeElapsed":281,"timestamp":"2024-11-20T11:39:24.025Z"}
{"level":"info","message":"⌛ Validating src/nave.wlk","timeElapsed":161,"timestamp":"2024-11-20T11:39:24.196Z"}
{"level":"info","message":"onRequest - completionItem/resolve","timestamp":"2024-11-20T11:39:24.197Z"}
{"level":"info","message":"⌛ Building environment","timeElapsed":156,"timestamp":"2024-11-20T11:39:24.354Z"}
{"level":"info","message":"onRequest - completionItem/resolve","timestamp":"2024-11-20T11:39:24.358Z"}
{"level":"info","message":"onRequest - completionItem/resolve","timestamp":"2024-11-20T11:39:24.449Z"}
{"level":"info","message":"⌛ Building environment","timeElapsed":141,"timestamp":"2024-11-20T11:39:24.692Z"}
{"level":"info","message":"onRequest - completionItem/resolve","timestamp":"2024-11-20T11:39:24.694Z"}
{"level":"info","message":"⌛ Validating src/nave.wlk","timeElapsed":101,"timestamp":"2024-11-20T11:39:24.896Z"}
{"level":"info","message":"⌛ Validating src/nave.wlk","timeElapsed":118,"timestamp":"2024-11-20T11:39:25.104Z"}
{"level":"info","message":"onRequest - completionItem/resolve","timestamp":"2024-11-20T11:39:25.209Z"}
{"level":"info","message":"⌛ Building environment","timeElapsed":122,"timestamp":"2024-11-20T11:39:28.504Z"}
{"level":"info","message":"onRequest - completionItem/resolve","timestamp":"2024-11-20T11:39:28.504Z"}
{"level":"info","message":"⌛ Building environment","timeElapsed":267,"timestamp":"2024-11-20T11:39:28.772Z"}
{"level":"info","message":"onRequest - completionItem/resolve","timestamp":"2024-11-20T11:39:28.779Z"}
{"level":"info","message":"⌛ Validating src/nave.wlk","timeElapsed":140,"timestamp":"2024-11-20T11:39:28.919Z"}
{"level":"info","message":"onRequest - completionItem/resolve","timestamp":"2024-11-20T11:39:29.023Z"}
{"level":"info","message":"⌛ Validating src/nave.wlk","timeElapsed":146,"timestamp":"2024-11-20T11:39:29.324Z"}
{"level":"info","message":"⌛ Building environment","timeElapsed":112,"timestamp":"2024-11-20T11:39:29.438Z"}
{"level":"info","message":"⌛ Building environment","timeElapsed":111,"timestamp":"2024-11-20T11:39:30.337Z"}
{"level":"info","message":"⌛ Validating src/nave.wlk","timeElapsed":152,"timestamp":"2024-11-20T11:39:30.508Z"}
{"level":"info","message":"⌛ Building environment","timeElapsed":115,"timestamp":"2024-11-20T11:39:31.186Z"}
{"level":"error","message":"✘ Completions for node failed: Error: [Return]{76cc13} at src/nave.wlk:-- exhausted all cases without a match [Return]{76cc13} at src/nave.wlk:-- exhausted all cases without a match","stack":"Error: [Return]{76cc13} at src/nave.wlk:-- exhausted all cases without a match\n    at /Users/naylawinter/.vscode/extensions/uqbar.wollok-lsp-ide-0.3.6/out/server/src/server.js:38:6067\n    at yh (/Users/naylawinter/.vscode/extensions/uqbar.wollok-lsp-ide-0.3.6/out/server/src/server.js:2291:42)\n    at kh (/Users/naylawinter/.vscode/extensions/uqbar.wollok-lsp-ide-0.3.6/out/server/src/server.js:2291:1004)\n    at Y5n (/Users/naylawinter/.vscode/extensions/uqbar.wollok-lsp-ide-0.3.6/out/server/src/server.js:2291:1160)\n    at /Users/naylawinter/.vscode/extensions/uqbar.wollok-lsp-ide-0.3.6/out/server/src/server.js:38:6056\n    at yh (/Users/naylawinter/.vscode/extensions/uqbar.wollok-lsp-ide-0.3.6/out/server/src/server.js:2291:42)\n    at /Users/naylawinter/.vscode/extensions/uqbar.wollok-lsp-ide-0.3.6/out/server/src/server.js:2291:2700\n    at /Users/naylawinter/.vscode/extensions/uqbar.wollok-lsp-ide-0.3.6/out/server/src/server.js:2298:3774\n    at /Users/naylawinter/.vscode/extensions/uqbar.wollok-lsp-ide-0.3.6/out/server/src/server.js:37:74872\n    at Fe (/Users/naylawinter/.vscode/extensions/uqbar.wollok-lsp-ide-0.3.6/out/server/src/server.js:7:8527)","timestamp":"2024-11-20T11:39:31.210Z"}
{"level":"info","message":"⌛ Validating src/nave.wlk","timeElapsed":118,"timestamp":"2024-11-20T11:39:31.491Z"}
{"level":"info","message":"⌛ Building environment","timeElapsed":128,"timestamp":"2024-11-20T11:39:31.688Z"}
{"level":"error","message":"✘ Completions for node failed: Error: [Assignment]{7f1bd7} at src/nave.wlk:52 exhausted all cases without a match [Assignment]{7f1bd7} at src/nave.wlk:52 exhausted all cases without a match","stack":"Error: [Assignment]{7f1bd7} at src/nave.wlk:52 exhausted all cases without a match\n    at /Users/naylawinter/.vscode/extensions/uqbar.wollok-lsp-ide-0.3.6/out/server/src/server.js:38:6067\n    at yh (/Users/naylawinter/.vscode/extensions/uqbar.wollok-lsp-ide-0.3.6/out/server/src/server.js:2291:42)\n    at kh (/Users/naylawinter/.vscode/extensions/uqbar.wollok-lsp-ide-0.3.6/out/server/src/server.js:2291:1004)\n    at Y5n (/Users/naylawinter/.vscode/extensions/uqbar.wollok-lsp-ide-0.3.6/out/server/src/server.js:2291:1160)\n    at /Users/naylawinter/.vscode/extensions/uqbar.wollok-lsp-ide-0.3.6/out/server/src/server.js:38:6056\n    at yh (/Users/naylawinter/.vscode/extensions/uqbar.wollok-lsp-ide-0.3.6/out/server/src/server.js:2291:42)\n    at /Users/naylawinter/.vscode/extensions/uqbar.wollok-lsp-ide-0.3.6/out/server/src/server.js:2291:2700\n    at /Users/naylawinter/.vscode/extensions/uqbar.wollok-lsp-ide-0.3.6/out/server/src/server.js:2298:3774\n    at /Users/naylawinter/.vscode/extensions/uqbar.wollok-lsp-ide-0.3.6/out/server/src/server.js:37:74872\n    at Fe (/Users/naylawinter/.vscode/extensions/uqbar.wollok-lsp-ide-0.3.6/out/server/src/server.js:7:8527)","timestamp":"2024-11-20T11:39:32.290Z"}
{"level":"info","message":"⌛ Validating src/nave.wlk","timeElapsed":101,"timestamp":"2024-11-20T11:39:32.393Z"}
{"level":"info","message":"⌛ Building environment","timeElapsed":111,"timestamp":"2024-11-20T11:39:32.987Z"}
{"level":"info","message":"⌛ Validating src/nave.wlk","timeElapsed":136,"timestamp":"2024-11-20T11:39:33.122Z"}
{"level":"info","message":"⌛ Building environment","timeElapsed":134,"timestamp":"2024-11-20T11:39:33.258Z"}
{"level":"info","message":"⌛ Validating src/nave.wlk","timeElapsed":110,"timestamp":"2024-11-20T11:39:33.370Z"}
{"level":"info","message":"⌛ Building environment","timeElapsed":116,"timestamp":"2024-11-20T11:39:34.370Z"}
{"level":"info","message":"⌛ Validating src/nave.wlk","timeElapsed":105,"timestamp":"2024-11-20T11:39:34.475Z"}
{"level":"info","message":"⌛ Building environment","timeElapsed":124,"timestamp":"2024-11-20T11:39:34.884Z"}
{"level":"info","message":"⌛ Validating src/nave.wlk","timeElapsed":220,"timestamp":"2024-11-20T11:39:35.115Z"}
{"level":"info","message":"⌛ Validating src/nave.wlk","timeElapsed":134,"timestamp":"2024-11-20T11:39:35.357Z"}
{"level":"error","message":"✘ Completions for node failed: Error: [Return]{605e0a} at src/nave.wlk:-- exhausted all cases without a match [Return]{605e0a} at src/nave.wlk:-- exhausted all cases without a match","stack":"Error: [Return]{605e0a} at src/nave.wlk:-- exhausted all cases without a match\n    at /Users/naylawinter/.vscode/extensions/uqbar.wollok-lsp-ide-0.3.6/out/server/src/server.js:38:6067\n    at yh (/Users/naylawinter/.vscode/extensions/uqbar.wollok-lsp-ide-0.3.6/out/server/src/server.js:2291:42)\n    at kh (/Users/naylawinter/.vscode/extensions/uqbar.wollok-lsp-ide-0.3.6/out/server/src/server.js:2291:1004)\n    at Y5n (/Users/naylawinter/.vscode/extensions/uqbar.wollok-lsp-ide-0.3.6/out/server/src/server.js:2291:1160)\n    at /Users/naylawinter/.vscode/extensions/uqbar.wollok-lsp-ide-0.3.6/out/server/src/server.js:38:6056\n    at yh (/Users/naylawinter/.vscode/extensions/uqbar.wollok-lsp-ide-0.3.6/out/server/src/server.js:2291:42)\n    at /Users/naylawinter/.vscode/extensions/uqbar.wollok-lsp-ide-0.3.6/out/server/src/server.js:2291:2700\n    at /Users/naylawinter/.vscode/extensions/uqbar.wollok-lsp-ide-0.3.6/out/server/src/server.js:2298:3774\n    at /Users/naylawinter/.vscode/extensions/uqbar.wollok-lsp-ide-0.3.6/out/server/src/server.js:37:74872\n    at Fe (/Users/naylawinter/.vscode/extensions/uqbar.wollok-lsp-ide-0.3.6/out/server/src/server.js:7:8527)","timestamp":"2024-11-20T11:39:36.273Z"}
{"level":"info","message":"⌛ Validating src/nave.wlk","timeElapsed":104,"timestamp":"2024-11-20T11:39:36.382Z"}
{"level":"info","message":"onRequest - completionItem/resolve","timestamp":"2024-11-20T11:39:36.383Z"}
{"level":"info","message":"onRequest - completionItem/resolve","timestamp":"2024-11-20T11:39:36.717Z"}
{"level":"info","message":"⌛ Building environment","timeElapsed":115,"timestamp":"2024-11-20T11:39:39.199Z"}
{"level":"error","message":"✘ Completions for node failed: Error: [Return]{339822} at src/nave.wlk:-- exhausted all cases without a match [Return]{339822} at src/nave.wlk:-- exhausted all cases without a match","stack":"Error: [Return]{339822} at src/nave.wlk:-- exhausted all cases without a match\n    at /Users/naylawinter/.vscode/extensions/uqbar.wollok-lsp-ide-0.3.6/out/server/src/server.js:38:6067\n    at yh (/Users/naylawinter/.vscode/extensions/uqbar.wollok-lsp-ide-0.3.6/out/server/src/server.js:2291:42)\n    at kh (/Users/naylawinter/.vscode/extensions/uqbar.wollok-lsp-ide-0.3.6/out/server/src/server.js:2291:1004)\n    at Y5n (/Users/naylawinter/.vscode/extensions/uqbar.wollok-lsp-ide-0.3.6/out/server/src/server.js:2291:1160)\n    at /Users/naylawinter/.vscode/extensions/uqbar.wollok-lsp-ide-0.3.6/out/server/src/server.js:38:6056\n    at yh (/Users/naylawinter/.vscode/extensions/uqbar.wollok-lsp-ide-0.3.6/out/server/src/server.js:2291:42)\n    at /Users/naylawinter/.vscode/extensions/uqbar.wollok-lsp-ide-0.3.6/out/server/src/server.js:2291:2700\n    at /Users/naylawinter/.vscode/extensions/uqbar.wollok-lsp-ide-0.3.6/out/server/src/server.js:2298:3774\n    at /Users/naylawinter/.vscode/extensions/uqbar.wollok-lsp-ide-0.3.6/out/server/src/server.js:37:74872\n    at Fe (/Users/naylawinter/.vscode/extensions/uqbar.wollok-lsp-ide-0.3.6/out/server/src/server.js:7:8527)","timestamp":"2024-11-20T11:39:39.225Z"}
{"level":"info","message":"⌛ Validating src/nave.wlk","timeElapsed":105,"timestamp":"2024-11-20T11:39:39.332Z"}
{"level":"info","message":"onRequest - completionItem/resolve","timestamp":"2024-11-20T11:39:39.335Z"}
{"level":"info","message":"⌛ Building environment","timeElapsed":177,"timestamp":"2024-11-20T11:39:39.545Z"}
{"level":"info","message":"⌛ Validating src/nave.wlk","timeElapsed":125,"timestamp":"2024-11-20T11:39:39.671Z"}
{"level":"error","message":"✘ Completions for node failed: Error: [Return]{0250f4} at src/nave.wlk:-- exhausted all cases without a match [Return]{0250f4} at src/nave.wlk:-- exhausted all cases without a match","stack":"Error: [Return]{0250f4} at src/nave.wlk:-- exhausted all cases without a match\n    at /Users/naylawinter/.vscode/extensions/uqbar.wollok-lsp-ide-0.3.6/out/server/src/server.js:38:6067\n    at yh (/Users/naylawinter/.vscode/extensions/uqbar.wollok-lsp-ide-0.3.6/out/server/src/server.js:2291:42)\n    at kh (/Users/naylawinter/.vscode/extensions/uqbar.wollok-lsp-ide-0.3.6/out/server/src/server.js:2291:1004)\n    at Y5n (/Users/naylawinter/.vscode/extensions/uqbar.wollok-lsp-ide-0.3.6/out/server/src/server.js:2291:1160)\n    at /Users/naylawinter/.vscode/extensions/uqbar.wollok-lsp-ide-0.3.6/out/server/src/server.js:38:6056\n    at yh (/Users/naylawinter/.vscode/extensions/uqbar.wollok-lsp-ide-0.3.6/out/server/src/server.js:2291:42)\n    at /Users/naylawinter/.vscode/extensions/uqbar.wollok-lsp-ide-0.3.6/out/server/src/server.js:2291:2700\n    at /Users/naylawinter/.vscode/extensions/uqbar.wollok-lsp-ide-0.3.6/out/server/src/server.js:2298:3774\n    at /Users/naylawinter/.vscode/extensions/uqbar.wollok-lsp-ide-0.3.6/out/server/src/server.js:37:74872\n    at Fe (/Users/naylawinter/.vscode/extensions/uqbar.wollok-lsp-ide-0.3.6/out/server/src/server.js:7:8527)","timestamp":"2024-11-20T11:39:53.014Z"}
{"level":"info","message":"onRequest - completionItem/resolve","timestamp":"2024-11-20T11:39:53.116Z"}
{"level":"info","message":"⌛ Building environment","timeElapsed":121,"timestamp":"2024-11-20T11:39:53.322Z"}
{"level":"info","message":"onRequest - completionItem/resolve","timestamp":"2024-11-20T11:39:53.329Z"}
{"level":"info","message":"⌛ Validating src/nave.wlk","timeElapsed":140,"timestamp":"2024-11-20T11:39:53.478Z"}
{"level":"info","message":"⌛ Building environment","timeElapsed":123,"timestamp":"2024-11-20T11:39:53.601Z"}
{"level":"info","message":"onRequest - completionItem/resolve","timestamp":"2024-11-20T11:39:53.608Z"}
{"level":"info","message":"⌛ Building environment","timeElapsed":116,"timestamp":"2024-11-20T11:39:53.728Z"}
{"level":"error","message":"✘ Completions for node failed: Error: [Return]{7bcd34} at src/nave.wlk:-- exhausted all cases without a match [Return]{7bcd34} at src/nave.wlk:-- exhausted all cases without a match","stack":"Error: [Return]{7bcd34} at src/nave.wlk:-- exhausted all cases without a match\n    at /Users/naylawinter/.vscode/extensions/uqbar.wollok-lsp-ide-0.3.6/out/server/src/server.js:38:6067\n    at yh (/Users/naylawinter/.vscode/extensions/uqbar.wollok-lsp-ide-0.3.6/out/server/src/server.js:2291:42)\n    at kh (/Users/naylawinter/.vscode/extensions/uqbar.wollok-lsp-ide-0.3.6/out/server/src/server.js:2291:1004)\n    at Y5n (/Users/naylawinter/.vscode/extensions/uqbar.wollok-lsp-ide-0.3.6/out/server/src/server.js:2291:1160)\n    at /Users/naylawinter/.vscode/extensions/uqbar.wollok-lsp-ide-0.3.6/out/server/src/server.js:38:6056\n    at yh (/Users/naylawinter/.vscode/extensions/uqbar.wollok-lsp-ide-0.3.6/out/server/src/server.js:2291:42)\n    at /Users/naylawinter/.vscode/extensions/uqbar.wollok-lsp-ide-0.3.6/out/server/src/server.js:2291:2700\n    at /Users/naylawinter/.vscode/extensions/uqbar.wollok-lsp-ide-0.3.6/out/server/src/server.js:2298:3774\n    at /Users/naylawinter/.vscode/extensions/uqbar.wollok-lsp-ide-0.3.6/out/server/src/server.js:37:74872\n    at Fe (/Users/naylawinter/.vscode/extensions/uqbar.wollok-lsp-ide-0.3.6/out/server/src/server.js:7:8527)","timestamp":"2024-11-20T11:39:53.769Z"}
{"level":"info","message":"⌛ Validating src/nave.wlk","timeElapsed":134,"timestamp":"2024-11-20T11:39:53.905Z"}
{"level":"info","message":"⌛ Validating src/nave.wlk","timeElapsed":128,"timestamp":"2024-11-20T11:39:54.036Z"}
{"level":"error","message":"✘ Completions for node failed: Error: [Return]{0d7bc2} at src/nave.wlk:-- exhausted all cases without a match [Return]{0d7bc2} at src/nave.wlk:-- exhausted all cases without a match","stack":"Error: [Return]{0d7bc2} at src/nave.wlk:-- exhausted all cases without a match\n    at /Users/naylawinter/.vscode/extensions/uqbar.wollok-lsp-ide-0.3.6/out/server/src/server.js:38:6067\n    at yh (/Users/naylawinter/.vscode/extensions/uqbar.wollok-lsp-ide-0.3.6/out/server/src/server.js:2291:42)\n    at kh (/Users/naylawinter/.vscode/extensions/uqbar.wollok-lsp-ide-0.3.6/out/server/src/server.js:2291:1004)\n    at Y5n (/Users/naylawinter/.vscode/extensions/uqbar.wollok-lsp-ide-0.3.6/out/server/src/server.js:2291:1160)\n    at /Users/naylawinter/.vscode/extensions/uqbar.wollok-lsp-ide-0.3.6/out/server/src/server.js:38:6056\n    at yh (/Users/naylawinter/.vscode/extensions/uqbar.wollok-lsp-ide-0.3.6/out/server/src/server.js:2291:42)\n    at /Users/naylawinter/.vscode/extensions/uqbar.wollok-lsp-ide-0.3.6/out/server/src/server.js:2291:2700\n    at /Users/naylawinter/.vscode/extensions/uqbar.wollok-lsp-ide-0.3.6/out/server/src/server.js:2298:3774\n    at /Users/naylawinter/.vscode/extensions/uqbar.wollok-lsp-ide-0.3.6/out/server/src/server.js:37:74872\n    at Fe (/Users/naylawinter/.vscode/extensions/uqbar.wollok-lsp-ide-0.3.6/out/server/src/server.js:7:8527)","timestamp":"2024-11-20T11:39:54.153Z"}
{"level":"info","message":"⌛ Building environment","timeElapsed":116,"timestamp":"2024-11-20T11:39:54.271Z"}
{"level":"info","message":"onRequest - completionItem/resolve","timestamp":"2024-11-20T11:39:54.496Z"}
{"level":"info","message":"⌛ Building environment","timeElapsed":120,"timestamp":"2024-11-20T11:39:54.743Z"}
{"level":"info","message":"onRequest - completionItem/resolve","timestamp":"2024-11-20T11:39:54.752Z"}
{"level":"info","message":"⌛ Validating src/nave.wlk","timeElapsed":156,"timestamp":"2024-11-20T11:39:54.911Z"}
{"level":"info","message":"onRequest - completionItem/resolve","timestamp":"2024-11-20T11:39:55.000Z"}
{"level":"info","message":"⌛ Validating src/nave.wlk","timeElapsed":125,"timestamp":"2024-11-20T11:39:55.125Z"}
{"level":"info","message":"⌛ Validating src/nave.wlk","timeElapsed":111,"timestamp":"2024-11-20T11:39:55.316Z"}
{"level":"info","message":"⌛ Building environment","timeElapsed":123,"timestamp":"2024-11-20T11:39:56.626Z"}
{"level":"info","message":"⌛ Validating src/nave.wlk","timeElapsed":101,"timestamp":"2024-11-20T11:39:56.728Z"}
{"level":"info","message":"⌛ Validating src/nave.wlk","timeElapsed":113,"timestamp":"2024-11-20T11:39:57.398Z"}
{"level":"error","message":"✘ Completions for node failed: Error: [Send]{5cd11a} at src/nave.wlk:52 exhausted all cases without a match [Send]{5cd11a} at src/nave.wlk:52 exhausted all cases without a match","stack":"Error: [Send]{5cd11a} at src/nave.wlk:52 exhausted all cases without a match\n    at /Users/naylawinter/.vscode/extensions/uqbar.wollok-lsp-ide-0.3.6/out/server/src/server.js:38:6067\n    at yh (/Users/naylawinter/.vscode/extensions/uqbar.wollok-lsp-ide-0.3.6/out/server/src/server.js:2291:42)\n    at kh (/Users/naylawinter/.vscode/extensions/uqbar.wollok-lsp-ide-0.3.6/out/server/src/server.js:2291:1004)\n    at Y5n (/Users/naylawinter/.vscode/extensions/uqbar.wollok-lsp-ide-0.3.6/out/server/src/server.js:2291:1160)\n    at /Users/naylawinter/.vscode/extensions/uqbar.wollok-lsp-ide-0.3.6/out/server/src/server.js:38:6056\n    at yh (/Users/naylawinter/.vscode/extensions/uqbar.wollok-lsp-ide-0.3.6/out/server/src/server.js:2291:42)\n    at /Users/naylawinter/.vscode/extensions/uqbar.wollok-lsp-ide-0.3.6/out/server/src/server.js:2291:2700\n    at /Users/naylawinter/.vscode/extensions/uqbar.wollok-lsp-ide-0.3.6/out/server/src/server.js:2298:3774\n    at /Users/naylawinter/.vscode/extensions/uqbar.wollok-lsp-ide-0.3.6/out/server/src/server.js:37:74872\n    at Fe (/Users/naylawinter/.vscode/extensions/uqbar.wollok-lsp-ide-0.3.6/out/server/src/server.js:7:8527)","timestamp":"2024-11-20T11:39:57.985Z"}
{"level":"error","message":"✘ Completions for node failed: Error: [Return]{9bc908} at src/nave.wlk:-- exhausted all cases without a match [Return]{9bc908} at src/nave.wlk:-- exhausted all cases without a match","stack":"Error: [Return]{9bc908} at src/nave.wlk:-- exhausted all cases without a match\n    at /Users/naylawinter/.vscode/extensions/uqbar.wollok-lsp-ide-0.3.6/out/server/src/server.js:38:6067\n    at yh (/Users/naylawinter/.vscode/extensions/uqbar.wollok-lsp-ide-0.3.6/out/server/src/server.js:2291:42)\n    at kh (/Users/naylawinter/.vscode/extensions/uqbar.wollok-lsp-ide-0.3.6/out/server/src/server.js:2291:1004)\n    at yh (/Users/naylawinter/.vscode/extensions/uqbar.wollok-lsp-ide-0.3.6/out/server/src/server.js:2291:456)\n    at kh (/Users/naylawinter/.vscode/extensions/uqbar.wollok-lsp-ide-0.3.6/out/server/src/server.js:2291:1004)\n    at Y5n (/Users/naylawinter/.vscode/extensions/uqbar.wollok-lsp-ide-0.3.6/out/server/src/server.js:2291:1160)\n    at /Users/naylawinter/.vscode/extensions/uqbar.wollok-lsp-ide-0.3.6/out/server/src/server.js:38:6056\n    at yh (/Users/naylawinter/.vscode/extensions/uqbar.wollok-lsp-ide-0.3.6/out/server/src/server.js:2291:42)\n    at /Users/naylawinter/.vscode/extensions/uqbar.wollok-lsp-ide-0.3.6/out/server/src/server.js:2291:2700\n    at /Users/naylawinter/.vscode/extensions/uqbar.wollok-lsp-ide-0.3.6/out/server/src/server.js:2298:3774","timestamp":"2024-11-20T11:39:57.985Z"}
{"level":"info","message":"⌛ Validating src/nave.wlk","timeElapsed":102,"timestamp":"2024-11-20T11:39:58.088Z"}
{"level":"info","message":"onRequest - completionItem/resolve","timestamp":"2024-11-20T11:39:58.089Z"}
{"level":"info","message":"⌛ Building environment","timeElapsed":139,"timestamp":"2024-11-20T11:40:55.354Z"}
{"level":"info","message":"⌛ Validating src/nave.wlk","timeElapsed":122,"timestamp":"2024-11-20T11:40:56.218Z"}
{"level":"info","message":"⌛ Validating src/nave.wlk","timeElapsed":130,"timestamp":"2024-11-20T11:40:56.779Z"}
{"level":"info","message":"onRequest - completionItem/resolve","timestamp":"2024-11-20T11:40:56.781Z"}
{"level":"info","message":"⌛ Validating src/nave.wlk","timeElapsed":105,"timestamp":"2024-11-20T11:40:56.985Z"}
{"level":"info","message":"⌛ Building environment","timeElapsed":131,"timestamp":"2024-11-20T11:40:57.605Z"}
{"level":"info","message":"⌛ Validating src/nave.wlk","timeElapsed":120,"timestamp":"2024-11-20T11:40:57.731Z"}
{"level":"error","message":"✘ Completions for node failed: Error: [If]{e534ca} at src/nave.wlk:54 exhausted all cases without a match [If]{e534ca} at src/nave.wlk:54 exhausted all cases without a match","stack":"Error: [If]{e534ca} at src/nave.wlk:54 exhausted all cases without a match\n    at /Users/naylawinter/.vscode/extensions/uqbar.wollok-lsp-ide-0.3.6/out/server/src/server.js:38:6067\n    at yh (/Users/naylawinter/.vscode/extensions/uqbar.wollok-lsp-ide-0.3.6/out/server/src/server.js:2291:42)\n    at kh (/Users/naylawinter/.vscode/extensions/uqbar.wollok-lsp-ide-0.3.6/out/server/src/server.js:2291:1004)\n    at Y5n (/Users/naylawinter/.vscode/extensions/uqbar.wollok-lsp-ide-0.3.6/out/server/src/server.js:2291:1160)\n    at /Users/naylawinter/.vscode/extensions/uqbar.wollok-lsp-ide-0.3.6/out/server/src/server.js:38:6056\n    at yh (/Users/naylawinter/.vscode/extensions/uqbar.wollok-lsp-ide-0.3.6/out/server/src/server.js:2291:42)\n    at /Users/naylawinter/.vscode/extensions/uqbar.wollok-lsp-ide-0.3.6/out/server/src/server.js:2291:2700\n    at /Users/naylawinter/.vscode/extensions/uqbar.wollok-lsp-ide-0.3.6/out/server/src/server.js:2298:3774\n    at /Users/naylawinter/.vscode/extensions/uqbar.wollok-lsp-ide-0.3.6/out/server/src/server.js:37:74872\n    at Fe (/Users/naylawinter/.vscode/extensions/uqbar.wollok-lsp-ide-0.3.6/out/server/src/server.js:7:8527)","timestamp":"2024-11-20T11:40:58.460Z"}
{"level":"info","message":"⌛ Validating src/nave.wlk","timeElapsed":103,"timestamp":"2024-11-20T11:40:58.565Z"}
{"level":"info","message":"⌛ Building environment","timeElapsed":126,"timestamp":"2024-11-20T11:40:58.691Z"}
{"level":"info","message":"onRequest - completionItem/resolve","timestamp":"2024-11-20T11:40:58.691Z"}
{"level":"info","message":"⌛ Building environment","timeElapsed":115,"timestamp":"2024-11-20T11:40:58.807Z"}
{"level":"info","message":"onRequest - completionItem/resolve","timestamp":"2024-11-20T11:40:58.808Z"}
{"level":"info","message":"⌛ Building environment","timeElapsed":136,"timestamp":"2024-11-20T11:40:59.034Z"}
{"level":"info","message":"onRequest - completionItem/resolve","timestamp":"2024-11-20T11:40:59.037Z"}
{"level":"info","message":"⌛ Validating src/nave.wlk","timeElapsed":109,"timestamp":"2024-11-20T11:40:59.146Z"}
{"level":"info","message":"⌛ Validating src/nave.wlk","timeElapsed":105,"timestamp":"2024-11-20T11:40:59.257Z"}
{"level":"info","message":"onRequest - completionItem/resolve","timestamp":"2024-11-20T11:40:59.820Z"}
{"level":"info","message":"⌛ Validating src/nave.wlk","timeElapsed":226,"timestamp":"2024-11-20T11:41:00.148Z"}
{"level":"info","message":"⌛ Validating src/nave.wlk","timeElapsed":154,"timestamp":"2024-11-20T11:41:00.912Z"}
{"level":"info","message":"⌛ Validating src/nave.wlk","timeElapsed":118,"timestamp":"2024-11-20T11:41:04.771Z"}
{"level":"info","message":"⌛ Validating src/nave.wlk","timeElapsed":128,"timestamp":"2024-11-20T11:41:04.998Z"}
{"level":"info","message":"⌛ Validating src/nave.wlk","timeElapsed":123,"timestamp":"2024-11-20T11:41:06.013Z"}
{"level":"error","message":"✘ Completions for node failed: Error: [Send]{852680} at src/nave.wlk:54 exhausted all cases without a match [Send]{852680} at src/nave.wlk:54 exhausted all cases without a match","stack":"Error: [Send]{852680} at src/nave.wlk:54 exhausted all cases without a match\n    at /Users/naylawinter/.vscode/extensions/uqbar.wollok-lsp-ide-0.3.6/out/server/src/server.js:38:6067\n    at yh (/Users/naylawinter/.vscode/extensions/uqbar.wollok-lsp-ide-0.3.6/out/server/src/server.js:2291:42)\n    at kh (/Users/naylawinter/.vscode/extensions/uqbar.wollok-lsp-ide-0.3.6/out/server/src/server.js:2291:1004)\n    at Y5n (/Users/naylawinter/.vscode/extensions/uqbar.wollok-lsp-ide-0.3.6/out/server/src/server.js:2291:1160)\n    at /Users/naylawinter/.vscode/extensions/uqbar.wollok-lsp-ide-0.3.6/out/server/src/server.js:38:6056\n    at yh (/Users/naylawinter/.vscode/extensions/uqbar.wollok-lsp-ide-0.3.6/out/server/src/server.js:2291:42)\n    at /Users/naylawinter/.vscode/extensions/uqbar.wollok-lsp-ide-0.3.6/out/server/src/server.js:2291:2700\n    at /Users/naylawinter/.vscode/extensions/uqbar.wollok-lsp-ide-0.3.6/out/server/src/server.js:2298:3774\n    at /Users/naylawinter/.vscode/extensions/uqbar.wollok-lsp-ide-0.3.6/out/server/src/server.js:37:74872\n    at Fe (/Users/naylawinter/.vscode/extensions/uqbar.wollok-lsp-ide-0.3.6/out/server/src/server.js:7:8527)","timestamp":"2024-11-20T11:41:07.054Z"}
{"level":"error","message":"✘ Completions for node failed: Error: [If]{f9fa40} at src/nave.wlk:54 exhausted all cases without a match [If]{f9fa40} at src/nave.wlk:54 exhausted all cases without a match","stack":"Error: [If]{f9fa40} at src/nave.wlk:54 exhausted all cases without a match\n    at /Users/naylawinter/.vscode/extensions/uqbar.wollok-lsp-ide-0.3.6/out/server/src/server.js:38:6067\n    at yh (/Users/naylawinter/.vscode/extensions/uqbar.wollok-lsp-ide-0.3.6/out/server/src/server.js:2291:42)\n    at kh (/Users/naylawinter/.vscode/extensions/uqbar.wollok-lsp-ide-0.3.6/out/server/src/server.js:2291:1004)\n    at yh (/Users/naylawinter/.vscode/extensions/uqbar.wollok-lsp-ide-0.3.6/out/server/src/server.js:2291:456)\n    at kh (/Users/naylawinter/.vscode/extensions/uqbar.wollok-lsp-ide-0.3.6/out/server/src/server.js:2291:1004)\n    at Y5n (/Users/naylawinter/.vscode/extensions/uqbar.wollok-lsp-ide-0.3.6/out/server/src/server.js:2291:1160)\n    at /Users/naylawinter/.vscode/extensions/uqbar.wollok-lsp-ide-0.3.6/out/server/src/server.js:38:6056\n    at yh (/Users/naylawinter/.vscode/extensions/uqbar.wollok-lsp-ide-0.3.6/out/server/src/server.js:2291:42)\n    at /Users/naylawinter/.vscode/extensions/uqbar.wollok-lsp-ide-0.3.6/out/server/src/server.js:2291:2700\n    at /Users/naylawinter/.vscode/extensions/uqbar.wollok-lsp-ide-0.3.6/out/server/src/server.js:2298:3774","timestamp":"2024-11-20T11:41:07.054Z"}
{"level":"info","message":"⌛ Validating src/nave.wlk","timeElapsed":163,"timestamp":"2024-11-20T11:41:07.220Z"}
{"level":"info","message":"onRequest - completionItem/resolve","timestamp":"2024-11-20T11:41:07.220Z"}
{"level":"info","message":"onRequest - completionItem/resolve","timestamp":"2024-11-20T11:41:07.323Z"}
{"level":"info","message":"onRequest - completionItem/resolve","timestamp":"2024-11-20T11:41:07.610Z"}
{"level":"info","message":"⌛ Validating src/nave.wlk","timeElapsed":101,"timestamp":"2024-11-20T11:41:07.720Z"}
{"level":"info","message":"⌛ Building environment","timeElapsed":117,"timestamp":"2024-11-20T11:41:07.876Z"}
{"level":"info","message":"⌛ Validating src/nave.wlk","timeElapsed":190,"timestamp":"2024-11-20T11:41:08.077Z"}
{"level":"info","message":"⌛ Building environment","timeElapsed":115,"timestamp":"2024-11-20T11:41:08.201Z"}
{"level":"info","message":"⌛ Building environment","timeElapsed":202,"timestamp":"2024-11-20T11:41:08.404Z"}
{"level":"info","message":"⌛ Building environment","timeElapsed":134,"timestamp":"2024-11-20T11:41:08.595Z"}
{"level":"info","message":"⌛ Validating src/nave.wlk","timeElapsed":125,"timestamp":"2024-11-20T11:41:08.903Z"}
{"level":"info","message":"⌛ Validating src/nave.wlk","timeElapsed":106,"timestamp":"2024-11-20T11:41:09.051Z"}
{"level":"info","message":"⌛ Building environment","timeElapsed":115,"timestamp":"2024-11-20T11:41:09.838Z"}
{"level":"info","message":"⌛ Validating src/nave.wlk","timeElapsed":115,"timestamp":"2024-11-20T11:41:09.960Z"}
{"level":"info","message":"⌛ Building environment","timeElapsed":113,"timestamp":"2024-11-20T11:41:10.132Z"}
{"level":"info","message":"⌛ Validating src/nave.wlk","timeElapsed":119,"timestamp":"2024-11-20T11:41:10.276Z"}
{"level":"info","message":"⌛ Building environment","timeElapsed":101,"timestamp":"2024-11-20T11:41:24.326Z"}
{"level":"info","message":"⌛ Validating src/nave.wlk","timeElapsed":164,"timestamp":"2024-11-20T11:41:24.492Z"}
{"level":"info","message":"⌛ Building environment","timeElapsed":118,"timestamp":"2024-11-20T11:41:27.026Z"}
{"level":"info","message":"⌛ Building environment","timeElapsed":107,"timestamp":"2024-11-20T11:41:30.355Z"}
{"level":"info","message":"⌛ Validating src/nave.wlk","timeElapsed":192,"timestamp":"2024-11-20T11:41:30.559Z"}
{"level":"info","message":"⌛ Building environment","timeElapsed":102,"timestamp":"2024-11-20T11:41:32.617Z"}
{"level":"info","message":"⌛ Validating src/nave.wlk","timeElapsed":125,"timestamp":"2024-11-20T11:41:32.750Z"}
{"level":"info","message":"⌛ Building environment","timeElapsed":201,"timestamp":"2024-11-20T11:41:33.439Z"}
{"level":"info","message":"⌛ Validating src/nave.wlk","timeElapsed":104,"timestamp":"2024-11-20T11:41:33.547Z"}
{"level":"info","message":"⌛ Validating src/nave.wlk","timeElapsed":117,"timestamp":"2024-11-20T11:41:35.274Z"}
{"level":"info","message":"⌛ Validating src/nave.wlk","timeElapsed":295,"timestamp":"2024-11-20T11:41:39.630Z"}
{"level":"info","message":"⌛ Validating src/nave.wlk","timeElapsed":115,"timestamp":"2024-11-20T11:41:41.820Z"}
{"level":"info","message":"⌛ Building environment","timeElapsed":112,"timestamp":"2024-11-20T11:42:02.142Z"}
{"level":"info","message":"⌛ Validating src/nave.wlk","timeElapsed":114,"timestamp":"2024-11-20T11:42:02.257Z"}
{"level":"info","message":"⌛ Building environment","timeElapsed":143,"timestamp":"2024-11-20T11:42:02.403Z"}
{"level":"info","message":"⌛ Validating src/nave.wlk","timeElapsed":117,"timestamp":"2024-11-20T11:42:02.520Z"}
{"level":"info","message":"⌛ Building environment","timeElapsed":208,"timestamp":"2024-11-20T11:42:02.804Z"}
{"level":"info","message":"⌛ Validating src/nave.wlk","timeElapsed":145,"timestamp":"2024-11-20T11:42:02.954Z"}
{"level":"info","message":"⌛ Validating src/nave.wlk","timeElapsed":102,"timestamp":"2024-11-20T11:42:03.152Z"}
{"level":"info","message":"⌛ Building environment","timeElapsed":128,"timestamp":"2024-11-20T11:42:04.541Z"}
{"level":"info","message":"⌛ Validating src/nave.wlk","timeElapsed":220,"timestamp":"2024-11-20T11:42:04.779Z"}
{"level":"info","message":"⌛ Building environment","timeElapsed":115,"timestamp":"2024-11-20T11:42:06.109Z"}
{"level":"info","message":"⌛ Validating src/nave.wlk","timeElapsed":123,"timestamp":"2024-11-20T11:42:06.247Z"}
{"level":"info","message":"⌛ Building environment","timeElapsed":106,"timestamp":"2024-11-20T11:42:06.401Z"}
