{"level":"info","message":"⌛ Building environment","timeElapsed":140,"timestamp":"2024-11-20T22:10:52.404Z"}
{"level":"error","message":"✘ Failed to get type description: Error: Failed to print, found malformed node Failed to print, found malformed node","node":{"id":"fdbbfeb6-9feb-4e5c-bffb-8fb551992b1b","metadata":[],"problems":[{"code":"malformedSentence","sourceMap":{"end":{"column":36,"line":12,"offset":228},"start":{"column":33,"line":12,"offset":225}}}],"scope":{"containerScope":{"containerScope":{"containerScope":{"containerScope":{"containerScope":{"contributions":{},"includedScopes":[]},"contributions":{},"includedScopes":[]},"contributions":{},"includedScopes":[{"contributions":{},"includedScopes":[]}]},"contributions":{},"includedScopes":[{"containerScope":{"containerScope":{"containerScope":{"contributions":{},"includedScopes":[]},"contributions":{},"includedScopes":[]},"contributions":{},"includedScopes":[]},"contributions":{},"includedScopes":[]}]},"contributions":{},"includedScopes":[]},"contributions":{},"includedScopes":[]},"sentences":[{"id":"2328a1a0-53b7-4594-ba43-302666971a68","metadata":[],"name":"edad","scope":{"containerScope":{"containerScope":{"containerScope":{"containerScope":{"containerScope":{"containerScope":{"contributions":{},"includedScopes":[]},"contributions":{},"includedScopes":[]},"contributions":{},"includedScopes":[{"contributions":{},"includedScopes":[]}]},"contributions":{},"includedScopes":[{"containerScope":{"containerScope":{"containerScope":{"contributions":{},"includedScopes":[]},"contributions":{},"includedScopes":[]},"contributions":{},"includedScopes":[]},"contributions":{},"includedScopes":[]}]},"contributions":{},"includedScopes":[]},"contributions":{},"includedScopes":[]},"contributions":{},"includedScopes":[]},"sourceMap":{"end":{"column":33,"line":12,"offset":225},"start":{"column":29,"line":12,"offset":221}}}],"sourceMap":{"end":{"column":37,"line":12,"offset":229},"start":{"column":27,"line":12,"offset":219}}},"stack":"Error: Failed to print, found malformed node\n    at /Users/naylawinter/.vscode/extensions/uqbar.wollok-lsp-ide-0.3.6/out/server/src/server.js:68:3533\n    at /Users/naylawinter/.vscode/extensions/uqbar.wollok-lsp-ide-0.3.6/out/server/src/server.js:68:5372\n    at /Users/naylawinter/.vscode/extensions/uqbar.wollok-lsp-ide-0.3.6/out/server/src/server.js:38:6056\n    at /Users/naylawinter/.vscode/extensions/uqbar.wollok-lsp-ide-0.3.6/out/server/src/server.js:68:3612\n    at aln (/Users/naylawinter/.vscode/extensions/uqbar.wollok-lsp-ide-0.3.6/out/server/src/server.js:68:3344)\n    at /Users/naylawinter/.vscode/extensions/uqbar.wollok-lsp-ide-0.3.6/out/server/src/server.js:2285:847\n    at /Users/naylawinter/.vscode/extensions/uqbar.wollok-lsp-ide-0.3.6/out/server/src/server.js:2298:3774\n    at /Users/naylawinter/.vscode/extensions/uqbar.wollok-lsp-ide-0.3.6/out/server/src/server.js:37:74770\n    at Fe (/Users/naylawinter/.vscode/extensions/uqbar.wollok-lsp-ide-0.3.6/out/server/src/server.js:7:8527)\n    at Pt (/Users/naylawinter/.vscode/extensions/uqbar.wollok-lsp-ide-0.3.6/out/server/src/server.js:7:6189)","timestamp":"2024-11-20T22:10:53.162Z"}
{"level":"info","message":"⌛ Validating src/persona.wlk","timeElapsed":108,"timestamp":"2024-11-20T22:10:53.488Z"}
{"level":"info","message":"⌛ Building environment","timeElapsed":283,"timestamp":"2024-11-20T22:11:01.124Z"}
{"level":"info","message":"⌛ Building environment","timeElapsed":121,"timestamp":"2024-11-20T22:11:07.611Z"}
{"level":"info","message":"⌛ Validating src/persona.wlk","timeElapsed":136,"timestamp":"2024-11-20T22:11:07.754Z"}
{"level":"error","message":"✘ Failed to get type description: Error: Failed to print, found malformed node Failed to print, found malformed node","node":{"id":"dfa89ad5-d3d6-416d-858e-92e70cb3a604","metadata":[],"problems":[{"code":"malformedSentence","sourceMap":{"end":{"column":36,"line":12,"offset":228},"start":{"column":34,"line":12,"offset":226}}}],"scope":{"containerScope":{"containerScope":{"containerScope":{"containerScope":{"containerScope":{"contributions":{},"includedScopes":[]},"contributions":{},"includedScopes":[]},"contributions":{},"includedScopes":[{"contributions":{},"includedScopes":[]}]},"contributions":{},"includedScopes":[{"containerScope":{"containerScope":{"containerScope":{"contributions":{},"includedScopes":[]},"contributions":{},"includedScopes":[]},"contributions":{},"includedScopes":[]},"contributions":{},"includedScopes":[]}]},"contributions":{},"includedScopes":[]},"contributions":{},"includedScopes":[]},"sentences":[{"id":"1dee596e-6fca-4da0-a081-895cd0c47c00","metadata":[],"name":"edad","scope":{"containerScope":{"containerScope":{"containerScope":{"containerScope":{"containerScope":{"containerScope":{"contributions":{},"includedScopes":[]},"contributions":{},"includedScopes":[]},"contributions":{},"includedScopes":[{"contributions":{},"includedScopes":[]}]},"contributions":{},"includedScopes":[{"containerScope":{"containerScope":{"containerScope":{"contributions":{},"includedScopes":[]},"contributions":{},"includedScopes":[]},"contributions":{},"includedScopes":[]},"contributions":{},"includedScopes":[]}]},"contributions":{},"includedScopes":[]},"contributions":{},"includedScopes":[]},"contributions":{},"includedScopes":[]},"sourceMap":{"end":{"column":33,"line":12,"offset":225},"start":{"column":29,"line":12,"offset":221}}}],"sourceMap":{"end":{"column":38,"line":12,"offset":230},"start":{"column":27,"line":12,"offset":219}}},"stack":"Error: Failed to print, found malformed node\n    at /Users/naylawinter/.vscode/extensions/uqbar.wollok-lsp-ide-0.3.6/out/server/src/server.js:68:3533\n    at /Users/naylawinter/.vscode/extensions/uqbar.wollok-lsp-ide-0.3.6/out/server/src/server.js:68:5372\n    at /Users/naylawinter/.vscode/extensions/uqbar.wollok-lsp-ide-0.3.6/out/server/src/server.js:38:6056\n    at /Users/naylawinter/.vscode/extensions/uqbar.wollok-lsp-ide-0.3.6/out/server/src/server.js:68:3612\n    at aln (/Users/naylawinter/.vscode/extensions/uqbar.wollok-lsp-ide-0.3.6/out/server/src/server.js:68:3344)\n    at /Users/naylawinter/.vscode/extensions/uqbar.wollok-lsp-ide-0.3.6/out/server/src/server.js:2285:847\n    at /Users/naylawinter/.vscode/extensions/uqbar.wollok-lsp-ide-0.3.6/out/server/src/server.js:2298:3774\n    at /Users/naylawinter/.vscode/extensions/uqbar.wollok-lsp-ide-0.3.6/out/server/src/server.js:37:74770\n    at Fe (/Users/naylawinter/.vscode/extensions/uqbar.wollok-lsp-ide-0.3.6/out/server/src/server.js:7:8527)\n    at Pt (/Users/naylawinter/.vscode/extensions/uqbar.wollok-lsp-ide-0.3.6/out/server/src/server.js:7:6189)","timestamp":"2024-11-20T22:11:08.551Z"}
{"level":"info","message":"⌛ Building environment","timeElapsed":108,"timestamp":"2024-11-20T22:11:10.055Z"}
{"level":"info","message":"⌛ Validating src/persona.wlk","timeElapsed":106,"timestamp":"2024-11-20T22:11:11.836Z"}
{"level":"info","message":"⌛ Validating src/persona.wlk","timeElapsed":101,"timestamp":"2024-11-20T22:11:12.157Z"}
{"level":"info","message":"⌛ Validating src/persona.wlk","timeElapsed":120,"timestamp":"2024-11-20T22:11:12.847Z"}
{"level":"info","message":"⌛ Validating src/persona.wlk","timeElapsed":113,"timestamp":"2024-11-20T22:11:13.735Z"}
{"level":"info","message":"⌛ Validating src/persona.wlk","timeElapsed":219,"timestamp":"2024-11-20T22:11:15.092Z"}
{"level":"info","message":"⌛ Building environment","timeElapsed":114,"timestamp":"2024-11-20T22:12:05.807Z"}
{"level":"info","message":"⌛ Building environment","timeElapsed":112,"timestamp":"2024-11-20T22:12:07.208Z"}
{"level":"info","message":"⌛ Validating src/persona.wlk","timeElapsed":106,"timestamp":"2024-11-20T22:12:07.320Z"}
{"level":"info","message":"⌛ Building environment","timeElapsed":138,"timestamp":"2024-11-20T22:12:12.011Z"}
{"level":"info","message":"⌛ Building environment","timeElapsed":110,"timestamp":"2024-11-20T22:12:32.769Z"}
{"level":"info","message":"⌛ Validating src/persona.wlk","timeElapsed":107,"timestamp":"2024-11-20T22:12:32.878Z"}
{"level":"info","message":"⌛ Building environment","timeElapsed":164,"timestamp":"2024-11-20T22:12:33.512Z"}
{"level":"info","message":"⌛ Building environment","timeElapsed":120,"timestamp":"2024-11-20T22:12:33.632Z"}
{"level":"info","message":"⌛ Validating src/persona.wlk","timeElapsed":132,"timestamp":"2024-11-20T22:12:33.765Z"}
{"level":"info","message":"⌛ Validating src/persona.wlk","timeElapsed":132,"timestamp":"2024-11-20T22:12:33.915Z"}
{"level":"info","message":"⌛ Validating src/persona.wlk","timeElapsed":159,"timestamp":"2024-11-20T22:12:34.166Z"}
{"level":"info","message":"⌛ Building environment","timeElapsed":206,"timestamp":"2024-11-20T22:12:34.804Z"}
{"level":"info","message":"⌛ Building environment","timeElapsed":142,"timestamp":"2024-11-20T22:12:34.947Z"}
{"level":"info","message":"⌛ Building environment","timeElapsed":134,"timestamp":"2024-11-20T22:12:35.082Z"}
{"level":"info","message":"⌛ Validating src/persona.wlk","timeElapsed":186,"timestamp":"2024-11-20T22:12:35.270Z"}
{"level":"info","message":"⌛ Validating src/persona.wlk","timeElapsed":166,"timestamp":"2024-11-20T22:12:35.615Z"}
{"level":"info","message":"⌛ Building environment","timeElapsed":152,"timestamp":"2024-11-20T22:12:35.794Z"}
{"level":"info","message":"⌛ Validating src/persona.wlk","timeElapsed":151,"timestamp":"2024-11-20T22:12:36.038Z"}
{"level":"info","message":"⌛ Building environment","timeElapsed":190,"timestamp":"2024-11-20T22:12:36.316Z"}
{"level":"info","message":"⌛ Validating src/persona.wlk","timeElapsed":297,"timestamp":"2024-11-20T22:12:36.720Z"}
{"level":"info","message":"⌛ Validating src/persona.wlk","timeElapsed":175,"timestamp":"2024-11-20T22:12:36.993Z"}
{"level":"info","message":"⌛ Building environment","timeElapsed":255,"timestamp":"2024-11-20T22:12:37.251Z"}
{"level":"info","message":"⌛ Building environment","timeElapsed":108,"timestamp":"2024-11-20T22:12:37.362Z"}
{"level":"info","message":"⌛ Building environment","timeElapsed":138,"timestamp":"2024-11-20T22:12:37.505Z"}
{"level":"info","message":"⌛ Validating src/persona.wlk","timeElapsed":135,"timestamp":"2024-11-20T22:12:37.712Z"}
{"level":"info","message":"⌛ Building environment","timeElapsed":193,"timestamp":"2024-11-20T22:12:37.905Z"}
{"level":"info","message":"⌛ Validating src/persona.wlk","timeElapsed":143,"timestamp":"2024-11-20T22:12:38.050Z"}
{"level":"info","message":"⌛ Building environment","timeElapsed":206,"timestamp":"2024-11-20T22:12:38.264Z"}
{"level":"info","message":"⌛ Validating src/persona.wlk","timeElapsed":149,"timestamp":"2024-11-20T22:12:38.595Z"}
{"level":"info","message":"⌛ Validating src/persona.wlk","timeElapsed":199,"timestamp":"2024-11-20T22:12:38.976Z"}
{"level":"info","message":"⌛ Building environment","timeElapsed":120,"timestamp":"2024-11-20T22:12:39.098Z"}
{"level":"info","message":"⌛ Validating src/persona.wlk","timeElapsed":115,"timestamp":"2024-11-20T22:12:39.213Z"}
{"level":"info","message":"⌛ Validating src/persona.wlk","timeElapsed":112,"timestamp":"2024-11-20T22:12:39.764Z"}
{"level":"info","message":"⌛ Building environment","timeElapsed":137,"timestamp":"2024-11-20T22:12:39.921Z"}
{"level":"info","message":"⌛ Validating src/persona.wlk","timeElapsed":157,"timestamp":"2024-11-20T22:12:40.080Z"}
{"level":"info","message":"⌛ Building environment","timeElapsed":111,"timestamp":"2024-11-20T22:12:40.191Z"}
{"level":"info","message":"⌛ Validating src/persona.wlk","timeElapsed":111,"timestamp":"2024-11-20T22:12:40.304Z"}
{"level":"info","message":"⌛ Validating src/persona.wlk","timeElapsed":126,"timestamp":"2024-11-20T22:12:40.430Z"}
{"level":"info","message":"⌛ Building environment","timeElapsed":106,"timestamp":"2024-11-20T22:12:40.536Z"}
{"level":"info","message":"⌛ Validating src/persona.wlk","timeElapsed":126,"timestamp":"2024-11-20T22:12:40.814Z"}
{"level":"info","message":"⌛ Validating src/persona.wlk","timeElapsed":131,"timestamp":"2024-11-20T22:12:41.561Z"}
{"level":"info","message":"⌛ Validating src/persona.wlk","timeElapsed":168,"timestamp":"2024-11-20T22:12:41.821Z"}
{"level":"info","message":"⌛ Validating src/persona.wlk","timeElapsed":173,"timestamp":"2024-11-20T22:12:42.093Z"}
{"level":"info","message":"⌛ Validating src/persona.wlk","timeElapsed":117,"timestamp":"2024-11-20T22:12:42.222Z"}
{"level":"info","message":"⌛ Validating src/persona.wlk","timeElapsed":238,"timestamp":"2024-11-20T22:12:43.469Z"}
{"level":"info","message":"⌛ Validating src/persona.wlk","timeElapsed":106,"timestamp":"2024-11-20T22:12:43.992Z"}
{"level":"info","message":"⌛ Building environment","timeElapsed":139,"timestamp":"2024-11-20T22:12:46.328Z"}
{"level":"info","message":"⌛ Validating src/persona.wlk","timeElapsed":152,"timestamp":"2024-11-20T22:12:46.683Z"}
{"level":"info","message":"⌛ Building environment","timeElapsed":201,"timestamp":"2024-11-20T22:12:46.972Z"}
{"level":"info","message":"⌛ Validating src/persona.wlk","timeElapsed":106,"timestamp":"2024-11-20T22:12:47.079Z"}
{"level":"info","message":"⌛ Validating src/persona.wlk","timeElapsed":108,"timestamp":"2024-11-20T22:12:47.348Z"}
{"level":"info","message":"⌛ Building environment","timeElapsed":175,"timestamp":"2024-11-20T22:12:47.525Z"}
{"level":"info","message":"⌛ Validating src/persona.wlk","timeElapsed":163,"timestamp":"2024-11-20T22:12:47.789Z"}
{"level":"info","message":"⌛ Validating src/persona.wlk","timeElapsed":122,"timestamp":"2024-11-20T22:12:47.913Z"}
{"level":"info","message":"⌛ Validating src/persona.wlk","timeElapsed":104,"timestamp":"2024-11-20T22:12:48.092Z"}
{"level":"info","message":"⌛ Validating src/persona.wlk","timeElapsed":144,"timestamp":"2024-11-20T22:12:48.306Z"}
{"level":"info","message":"⌛ Building environment","timeElapsed":115,"timestamp":"2024-11-20T22:12:48.523Z"}
{"level":"info","message":"⌛ Validating src/persona.wlk","timeElapsed":105,"timestamp":"2024-11-20T22:12:48.647Z"}
{"level":"info","message":"⌛ Validating src/persona.wlk","timeElapsed":101,"timestamp":"2024-11-20T22:12:49.410Z"}
{"level":"info","message":"⌛ Validating src/persona.wlk","timeElapsed":232,"timestamp":"2024-11-20T22:12:50.152Z"}
{"level":"info","message":"⌛ Validating src/persona.wlk","timeElapsed":133,"timestamp":"2024-11-20T22:12:50.441Z"}
{"level":"info","message":"⌛ Building environment","timeElapsed":205,"timestamp":"2024-11-20T22:12:50.649Z"}
{"level":"info","message":"⌛ Validating src/persona.wlk","timeElapsed":119,"timestamp":"2024-11-20T22:12:50.772Z"}
{"level":"info","message":"⌛ Validating src/persona.wlk","timeElapsed":200,"timestamp":"2024-11-20T22:12:50.973Z"}
{"level":"info","message":"⌛ Validating src/persona.wlk","timeElapsed":131,"timestamp":"2024-11-20T22:12:51.189Z"}
{"level":"info","message":"⌛ Validating src/persona.wlk","timeElapsed":104,"timestamp":"2024-11-20T22:12:51.293Z"}
{"level":"info","message":"⌛ Building environment","timeElapsed":156,"timestamp":"2024-11-20T22:12:51.527Z"}
{"level":"info","message":"⌛ Validating src/persona.wlk","timeElapsed":115,"timestamp":"2024-11-20T22:12:51.643Z"}
{"level":"info","message":"⌛ Validating src/persona.wlk","timeElapsed":104,"timestamp":"2024-11-20T22:12:51.987Z"}
{"level":"info","message":"⌛ Validating src/persona.wlk","timeElapsed":111,"timestamp":"2024-11-20T22:12:52.725Z"}
{"level":"info","message":"⌛ Validating src/persona.wlk","timeElapsed":102,"timestamp":"2024-11-20T22:12:52.827Z"}
{"level":"info","message":"⌛ Validating src/region.wlk","timeElapsed":150,"timestamp":"2024-11-20T22:13:02.121Z"}
{"level":"info","message":"⌛ Building environment","timeElapsed":183,"timestamp":"2024-11-20T22:13:13.869Z"}
{"level":"info","message":"⌛ Building environment","timeElapsed":197,"timestamp":"2024-11-20T22:13:15.280Z"}
{"level":"info","message":"⌛ Validating src/region.wlk","timeElapsed":129,"timestamp":"2024-11-20T22:13:15.519Z"}
{"level":"info","message":"onRequest - completionItem/resolve","timestamp":"2024-11-20T22:13:15.520Z"}
{"level":"info","message":"⌛ Building environment","timeElapsed":124,"timestamp":"2024-11-20T22:13:15.647Z"}
{"level":"info","message":"onRequest - completionItem/resolve","timestamp":"2024-11-20T22:13:15.651Z"}
{"level":"info","message":"⌛ Building environment","timeElapsed":110,"timestamp":"2024-11-20T22:13:15.846Z"}
{"level":"info","message":"onRequest - completionItem/resolve","timestamp":"2024-11-20T22:13:15.847Z"}
{"level":"info","message":"onRequest - completionItem/resolve","timestamp":"2024-11-20T22:13:15.906Z"}
{"level":"error","message":"✘ Failed to rebuild document Failed to parse src/region.wlk: \n-- PARSING FAILED --------------------------------------------------\n\n   8 |     method construye(tiempo, _) =\n   9 |         new Museo(supCubierta = tiempo/2).indiceImportancia(1)\n> 10 | }\n     | ^\n  11 | object llanura {\n  12 |     method construye(tiempo, persona) =\n\nExpected one of the following: \n\n'@', 'class', 'const', 'describe', 'mixin', 'object', 'only', 'package', 'program', 'test', 'var', '{', EOF, comment, not \"}\n\", whitespace\n","stack":"Error: Failed to parse src/region.wlk: \n-- PARSING FAILED --------------------------------------------------\n\n   8 |     method construye(tiempo, _) =\n   9 |         new Museo(supCubierta = tiempo/2).indiceImportancia(1)\n> 10 | }\n     | ^\n  11 | object llanura {\n  12 |     method construye(tiempo, persona) =\n\nExpected one of the following: \n\n'@', 'class', 'const', 'describe', 'mixin', 'object', 'only', 'package', 'program', 'test', 'var', '{', EOF, comment, not \"}\n\", whitespace\n\n    at /Users/naylawinter/.vscode/extensions/uqbar.wollok-lsp-ide-0.3.6/out/server/src/server.js:2254:32415\n    at Array.map (<anonymous>)\n    at Jfn (/Users/naylawinter/.vscode/extensions/uqbar.wollok-lsp-ide-0.3.6/out/server/src/server.js:2254:32339)\n    at k2.buildEnvironmentFrom (/Users/naylawinter/.vscode/extensions/uqbar.wollok-lsp-ide-0.3.6/out/server/src/server.js:2285:6721)\n    at k2.updateEnvironmentWith (/Users/naylawinter/.vscode/extensions/uqbar.wollok-lsp-ide-0.3.6/out/server/src/server.js:2285:6456)\n    at jL (/Users/naylawinter/.vscode/extensions/uqbar.wollok-lsp-ide-0.3.6/out/server/src/server.js:2298:2292)\n    at v3.invoke (/Users/naylawinter/.vscode/extensions/uqbar.wollok-lsp-ide-0.3.6/out/server/src/server.js:3:157200)\n    at o.fire (/Users/naylawinter/.vscode/extensions/uqbar.wollok-lsp-ide-0.3.6/out/server/src/server.js:3:157970)\n    at /Users/naylawinter/.vscode/extensions/uqbar.wollok-lsp-ide-0.3.6/out/server/src/server.js:37:57871\n    at Vr (/Users/naylawinter/.vscode/extensions/uqbar.wollok-lsp-ide-0.3.6/out/server/src/server.js:8:1561)","timestamp":"2024-11-20T22:13:16.009Z"}
{"level":"info","message":"onRequest - completionItem/resolve","timestamp":"2024-11-20T22:13:16.011Z"}
{"level":"info","message":"⌛ Validating src/region.wlk","timeElapsed":179,"timestamp":"2024-11-20T22:13:16.190Z"}
{"level":"info","message":"⌛ Validating src/region.wlk","timeElapsed":138,"timestamp":"2024-11-20T22:13:16.330Z"}
{"level":"error","message":"✘ Failed to rebuild document Failed to parse src/region.wlk: \n-- PARSING FAILED --------------------------------------------------\n\n   8 |     method construye(tiempo, _) =\n   9 |         new Museo(supCubierta = tiempo/2).indiceImportancia(1)\n> 10 | }\n     | ^\n  11 | object llanura {\n  12 |     method construye(tiempo, persona) =\n\nExpected one of the following: \n\n'@', 'class', 'const', 'describe', 'mixin', 'object', 'only', 'package', 'program', 'test', 'var', '{', EOF, comment, not \"}\n\", whitespace\n","stack":"Error: Failed to parse src/region.wlk: \n-- PARSING FAILED --------------------------------------------------\n\n   8 |     method construye(tiempo, _) =\n   9 |         new Museo(supCubierta = tiempo/2).indiceImportancia(1)\n> 10 | }\n     | ^\n  11 | object llanura {\n  12 |     method construye(tiempo, persona) =\n\nExpected one of the following: \n\n'@', 'class', 'const', 'describe', 'mixin', 'object', 'only', 'package', 'program', 'test', 'var', '{', EOF, comment, not \"}\n\", whitespace\n\n    at /Users/naylawinter/.vscode/extensions/uqbar.wollok-lsp-ide-0.3.6/out/server/src/server.js:2254:32415\n    at Array.map (<anonymous>)\n    at Jfn (/Users/naylawinter/.vscode/extensions/uqbar.wollok-lsp-ide-0.3.6/out/server/src/server.js:2254:32339)\n    at k2.buildEnvironmentFrom (/Users/naylawinter/.vscode/extensions/uqbar.wollok-lsp-ide-0.3.6/out/server/src/server.js:2285:6721)\n    at k2.updateEnvironmentWith (/Users/naylawinter/.vscode/extensions/uqbar.wollok-lsp-ide-0.3.6/out/server/src/server.js:2285:6456)\n    at jL (/Users/naylawinter/.vscode/extensions/uqbar.wollok-lsp-ide-0.3.6/out/server/src/server.js:2298:2292)\n    at v3.invoke (/Users/naylawinter/.vscode/extensions/uqbar.wollok-lsp-ide-0.3.6/out/server/src/server.js:3:157200)\n    at o.fire (/Users/naylawinter/.vscode/extensions/uqbar.wollok-lsp-ide-0.3.6/out/server/src/server.js:3:157970)\n    at /Users/naylawinter/.vscode/extensions/uqbar.wollok-lsp-ide-0.3.6/out/server/src/server.js:37:57871\n    at Vr (/Users/naylawinter/.vscode/extensions/uqbar.wollok-lsp-ide-0.3.6/out/server/src/server.js:8:1561)","timestamp":"2024-11-20T22:13:16.365Z"}
{"level":"info","message":"⌛ Building environment","timeElapsed":101,"timestamp":"2024-11-20T22:13:16.467Z"}
{"level":"info","message":"⌛ Building environment","timeElapsed":137,"timestamp":"2024-11-20T22:13:16.637Z"}
{"level":"info","message":"⌛ Validating src/region.wlk","timeElapsed":102,"timestamp":"2024-11-20T22:13:16.739Z"}
{"level":"info","message":"onRequest - completionItem/resolve","timestamp":"2024-11-20T22:13:16.843Z"}
{"level":"info","message":"⌛ Validating src/region.wlk","timeElapsed":158,"timestamp":"2024-11-20T22:13:17.002Z"}
{"level":"info","message":"onRequest - completionItem/resolve","timestamp":"2024-11-20T22:13:17.085Z"}
{"level":"info","message":"onRequest - completionItem/resolve","timestamp":"2024-11-20T22:13:17.147Z"}
{"level":"info","message":"onRequest - completionItem/resolve","timestamp":"2024-11-20T22:13:17.322Z"}
{"level":"info","message":"⌛ Validating src/region.wlk","timeElapsed":115,"timestamp":"2024-11-20T22:13:17.437Z"}
{"level":"info","message":"⌛ Validating src/region.wlk","timeElapsed":107,"timestamp":"2024-11-20T22:13:17.544Z"}
{"level":"info","message":"⌛ Building environment","timeElapsed":108,"timestamp":"2024-11-20T22:13:17.654Z"}
{"level":"info","message":"onRequest - completionItem/resolve","timestamp":"2024-11-20T22:13:17.659Z"}
{"level":"info","message":"onRequest - completionItem/resolve","timestamp":"2024-11-20T22:13:17.737Z"}
{"level":"info","message":"onRequest - completionItem/resolve","timestamp":"2024-11-20T22:13:17.903Z"}
{"level":"info","message":"onRequest - completionItem/resolve","timestamp":"2024-11-20T22:13:17.963Z"}
{"level":"info","message":"onRequest - completionItem/resolve","timestamp":"2024-11-20T22:13:18.024Z"}
{"level":"info","message":"⌛ Validating src/region.wlk","timeElapsed":123,"timestamp":"2024-11-20T22:13:18.148Z"}
{"level":"info","message":"⌛ Validating src/region.wlk","timeElapsed":132,"timestamp":"2024-11-20T22:13:18.531Z"}
{"level":"info","message":"onRequest - completionItem/resolve","timestamp":"2024-11-20T22:13:18.604Z"}
{"level":"error","message":"✘ Failed to rebuild document Failed to parse src/region.wlk: \n-- PARSING FAILED --------------------------------------------------\n\n   8 |     method construye(tiempo, _) =\n   9 |         new Museo(supCubierta = tiempo/2).indiceImportancia(1)\n> 10 | }\n     | ^\n  11 | object llanura {\n  12 |     method construye(tiempo, persona) =\n\nExpected one of the following: \n\n'@', 'class', 'const', 'describe', 'mixin', 'object', 'only', 'package', 'program', 'test', 'var', '{', EOF, comment, not \"}\n\", whitespace\n","stack":"Error: Failed to parse src/region.wlk: \n-- PARSING FAILED --------------------------------------------------\n\n   8 |     method construye(tiempo, _) =\n   9 |         new Museo(supCubierta = tiempo/2).indiceImportancia(1)\n> 10 | }\n     | ^\n  11 | object llanura {\n  12 |     method construye(tiempo, persona) =\n\nExpected one of the following: \n\n'@', 'class', 'const', 'describe', 'mixin', 'object', 'only', 'package', 'program', 'test', 'var', '{', EOF, comment, not \"}\n\", whitespace\n\n    at /Users/naylawinter/.vscode/extensions/uqbar.wollok-lsp-ide-0.3.6/out/server/src/server.js:2254:32415\n    at Array.map (<anonymous>)\n    at Jfn (/Users/naylawinter/.vscode/extensions/uqbar.wollok-lsp-ide-0.3.6/out/server/src/server.js:2254:32339)\n    at k2.buildEnvironmentFrom (/Users/naylawinter/.vscode/extensions/uqbar.wollok-lsp-ide-0.3.6/out/server/src/server.js:2285:6721)\n    at k2.updateEnvironmentWith (/Users/naylawinter/.vscode/extensions/uqbar.wollok-lsp-ide-0.3.6/out/server/src/server.js:2285:6456)\n    at jL (/Users/naylawinter/.vscode/extensions/uqbar.wollok-lsp-ide-0.3.6/out/server/src/server.js:2298:2292)\n    at v3.invoke (/Users/naylawinter/.vscode/extensions/uqbar.wollok-lsp-ide-0.3.6/out/server/src/server.js:3:157200)\n    at o.fire (/Users/naylawinter/.vscode/extensions/uqbar.wollok-lsp-ide-0.3.6/out/server/src/server.js:3:157970)\n    at /Users/naylawinter/.vscode/extensions/uqbar.wollok-lsp-ide-0.3.6/out/server/src/server.js:37:57871\n    at Vr (/Users/naylawinter/.vscode/extensions/uqbar.wollok-lsp-ide-0.3.6/out/server/src/server.js:8:1561)","timestamp":"2024-11-20T22:13:18.609Z"}
{"level":"info","message":"onRequest - completionItem/resolve","timestamp":"2024-11-20T22:13:18.610Z"}
{"level":"info","message":"onRequest - completionItem/resolve","timestamp":"2024-11-20T22:13:18.821Z"}
{"level":"info","message":"⌛ Building environment","timeElapsed":115,"timestamp":"2024-11-20T22:13:18.997Z"}
{"level":"info","message":"⌛ Building environment","timeElapsed":110,"timestamp":"2024-11-20T22:13:29.179Z"}
