{"level":"info","message":"⌛ Building environment","timeElapsed":134,"timestamp":"2024-11-20T20:07:43.740Z"}
{"level":"info","message":"⌛ Validating src/example.wlk","timeElapsed":118,"timestamp":"2024-11-20T20:07:43.861Z"}
{"level":"info","message":"⌛ Building environment","timeElapsed":118,"timestamp":"2024-11-20T20:07:45.855Z"}
{"level":"error","message":"✘ Completions for node failed: Error: [Return]{7991f6} at src/example.wlk:-- exhausted all cases without a match [Return]{7991f6} at src/example.wlk:-- exhausted all cases without a match","stack":"Error: [Return]{7991f6} at src/example.wlk:-- exhausted all cases without a match\n    at /Users/naylawinter/.vscode/extensions/uqbar.wollok-lsp-ide-0.3.6/out/server/src/server.js:38:6067\n    at yh (/Users/naylawinter/.vscode/extensions/uqbar.wollok-lsp-ide-0.3.6/out/server/src/server.js:2291:42)\n    at kh (/Users/naylawinter/.vscode/extensions/uqbar.wollok-lsp-ide-0.3.6/out/server/src/server.js:2291:1004)\n    at Y5n (/Users/naylawinter/.vscode/extensions/uqbar.wollok-lsp-ide-0.3.6/out/server/src/server.js:2291:1160)\n    at /Users/naylawinter/.vscode/extensions/uqbar.wollok-lsp-ide-0.3.6/out/server/src/server.js:38:6056\n    at yh (/Users/naylawinter/.vscode/extensions/uqbar.wollok-lsp-ide-0.3.6/out/server/src/server.js:2291:42)\n    at /Users/naylawinter/.vscode/extensions/uqbar.wollok-lsp-ide-0.3.6/out/server/src/server.js:2291:2700\n    at /Users/naylawinter/.vscode/extensions/uqbar.wollok-lsp-ide-0.3.6/out/server/src/server.js:2298:3774\n    at /Users/naylawinter/.vscode/extensions/uqbar.wollok-lsp-ide-0.3.6/out/server/src/server.js:37:74872\n    at Fe (/Users/naylawinter/.vscode/extensions/uqbar.wollok-lsp-ide-0.3.6/out/server/src/server.js:7:8527)","timestamp":"2024-11-20T20:07:45.893Z"}
{"level":"info","message":"⌛ Validating src/example.wlk","timeElapsed":130,"timestamp":"2024-11-20T20:07:46.039Z"}
{"level":"info","message":"⌛ Building environment","timeElapsed":143,"timestamp":"2024-11-20T20:07:46.190Z"}
{"level":"info","message":"onRequest - completionItem/resolve","timestamp":"2024-11-20T20:07:46.210Z"}
{"level":"info","message":"⌛ Building environment","timeElapsed":149,"timestamp":"2024-11-20T20:07:46.360Z"}
{"level":"info","message":"onRequest - completionItem/resolve","timestamp":"2024-11-20T20:07:46.360Z"}
{"level":"info","message":"⌛ Building environment","timeElapsed":115,"timestamp":"2024-11-20T20:07:46.476Z"}
{"level":"info","message":"onRequest - completionItem/resolve","timestamp":"2024-11-20T20:07:46.477Z"}
{"level":"info","message":"⌛ Validating src/example.wlk","timeElapsed":113,"timestamp":"2024-11-20T20:07:46.590Z"}
{"level":"info","message":"onRequest - completionItem/resolve","timestamp":"2024-11-20T20:07:46.693Z"}
{"level":"info","message":"⌛ Building environment","timeElapsed":104,"timestamp":"2024-11-20T20:07:46.884Z"}
{"level":"info","message":"onRequest - completionItem/resolve","timestamp":"2024-11-20T20:07:46.885Z"}
{"level":"info","message":"onRequest - completionItem/resolve","timestamp":"2024-11-20T20:07:47.071Z"}
{"level":"info","message":"⌛ Building environment","timeElapsed":113,"timestamp":"2024-11-20T20:07:50.297Z"}
{"level":"info","message":"onRequest - completionItem/resolve","timestamp":"2024-11-20T20:07:50.422Z"}
{"level":"info","message":"⌛ Building environment","timeElapsed":121,"timestamp":"2024-11-20T20:07:52.633Z"}
{"level":"info","message":"onRequest - completionItem/resolve","timestamp":"2024-11-20T20:07:52.637Z"}
{"level":"info","message":"⌛ Validating src/example.wlk","timeElapsed":182,"timestamp":"2024-11-20T20:07:52.820Z"}
{"level":"info","message":"⌛ Building environment","timeElapsed":155,"timestamp":"2024-11-20T20:07:52.976Z"}
{"level":"info","message":"onRequest - completionItem/resolve","timestamp":"2024-11-20T20:07:52.976Z"}
{"level":"info","message":"onRequest - completionItem/resolve","timestamp":"2024-11-20T20:07:53.064Z"}
{"level":"info","message":"⌛ Building environment","timeElapsed":195,"timestamp":"2024-11-20T20:07:54.285Z"}
{"level":"info","message":"⌛ Building environment","timeElapsed":111,"timestamp":"2024-11-20T20:07:55.205Z"}
{"level":"info","message":"⌛ Building environment","timeElapsed":129,"timestamp":"2024-11-20T20:07:56.656Z"}
{"level":"info","message":"⌛ Building environment","timeElapsed":183,"timestamp":"2024-11-20T20:07:57.543Z"}
{"level":"info","message":"⌛ Validating src/example.wlk","timeElapsed":116,"timestamp":"2024-11-20T20:07:57.665Z"}
{"level":"info","message":"⌛ Building environment","timeElapsed":117,"timestamp":"2024-11-20T20:07:58.374Z"}
{"level":"info","message":"⌛ Building environment","timeElapsed":172,"timestamp":"2024-11-20T20:08:00.057Z"}
{"level":"error","message":"✘ Completions for node failed: Error: [Return]{73fa58} at src/example.wlk:-- exhausted all cases without a match [Return]{73fa58} at src/example.wlk:-- exhausted all cases without a match","stack":"Error: [Return]{73fa58} at src/example.wlk:-- exhausted all cases without a match\n    at /Users/naylawinter/.vscode/extensions/uqbar.wollok-lsp-ide-0.3.6/out/server/src/server.js:38:6067\n    at yh (/Users/naylawinter/.vscode/extensions/uqbar.wollok-lsp-ide-0.3.6/out/server/src/server.js:2291:42)\n    at kh (/Users/naylawinter/.vscode/extensions/uqbar.wollok-lsp-ide-0.3.6/out/server/src/server.js:2291:1004)\n    at Y5n (/Users/naylawinter/.vscode/extensions/uqbar.wollok-lsp-ide-0.3.6/out/server/src/server.js:2291:1160)\n    at /Users/naylawinter/.vscode/extensions/uqbar.wollok-lsp-ide-0.3.6/out/server/src/server.js:38:6056\n    at yh (/Users/naylawinter/.vscode/extensions/uqbar.wollok-lsp-ide-0.3.6/out/server/src/server.js:2291:42)\n    at /Users/naylawinter/.vscode/extensions/uqbar.wollok-lsp-ide-0.3.6/out/server/src/server.js:2291:2700\n    at /Users/naylawinter/.vscode/extensions/uqbar.wollok-lsp-ide-0.3.6/out/server/src/server.js:2298:3774\n    at /Users/naylawinter/.vscode/extensions/uqbar.wollok-lsp-ide-0.3.6/out/server/src/server.js:37:74872\n    at Fe (/Users/naylawinter/.vscode/extensions/uqbar.wollok-lsp-ide-0.3.6/out/server/src/server.js:7:8527)","timestamp":"2024-11-20T20:08:00.097Z"}
{"level":"info","message":"⌛ Building environment","timeElapsed":106,"timestamp":"2024-11-20T20:08:00.206Z"}
{"level":"info","message":"⌛ Validating src/example.wlk","timeElapsed":215,"timestamp":"2024-11-20T20:08:00.513Z"}
{"level":"info","message":"⌛ Building environment","timeElapsed":111,"timestamp":"2024-11-20T20:08:00.669Z"}
{"level":"info","message":"⌛ Validating src/example.wlk","timeElapsed":129,"timestamp":"2024-11-20T20:08:00.802Z"}
{"level":"info","message":"⌛ Building environment","timeElapsed":135,"timestamp":"2024-11-20T20:08:01.308Z"}
{"level":"info","message":"⌛ Building environment","timeElapsed":134,"timestamp":"2024-11-20T20:08:02.553Z"}
{"level":"error","message":"✘ Completions for node failed: Error: [Return]{44d7fc} at src/example.wlk:-- exhausted all cases without a match [Return]{44d7fc} at src/example.wlk:-- exhausted all cases without a match","stack":"Error: [Return]{44d7fc} at src/example.wlk:-- exhausted all cases without a match\n    at /Users/naylawinter/.vscode/extensions/uqbar.wollok-lsp-ide-0.3.6/out/server/src/server.js:38:6067\n    at yh (/Users/naylawinter/.vscode/extensions/uqbar.wollok-lsp-ide-0.3.6/out/server/src/server.js:2291:42)\n    at kh (/Users/naylawinter/.vscode/extensions/uqbar.wollok-lsp-ide-0.3.6/out/server/src/server.js:2291:1004)\n    at Y5n (/Users/naylawinter/.vscode/extensions/uqbar.wollok-lsp-ide-0.3.6/out/server/src/server.js:2291:1160)\n    at /Users/naylawinter/.vscode/extensions/uqbar.wollok-lsp-ide-0.3.6/out/server/src/server.js:38:6056\n    at yh (/Users/naylawinter/.vscode/extensions/uqbar.wollok-lsp-ide-0.3.6/out/server/src/server.js:2291:42)\n    at /Users/naylawinter/.vscode/extensions/uqbar.wollok-lsp-ide-0.3.6/out/server/src/server.js:2291:2700\n    at /Users/naylawinter/.vscode/extensions/uqbar.wollok-lsp-ide-0.3.6/out/server/src/server.js:2298:3774\n    at /Users/naylawinter/.vscode/extensions/uqbar.wollok-lsp-ide-0.3.6/out/server/src/server.js:37:74872\n    at Fe (/Users/naylawinter/.vscode/extensions/uqbar.wollok-lsp-ide-0.3.6/out/server/src/server.js:7:8527)","timestamp":"2024-11-20T20:08:02.573Z"}
{"level":"info","message":"⌛ Validating src/example.wlk","timeElapsed":116,"timestamp":"2024-11-20T20:08:02.690Z"}
{"level":"info","message":"onRequest - completionItem/resolve","timestamp":"2024-11-20T20:08:02.693Z"}
{"level":"info","message":"⌛ Building environment","timeElapsed":136,"timestamp":"2024-11-20T20:08:02.946Z"}
{"level":"info","message":"⌛ Validating src/example.wlk","timeElapsed":130,"timestamp":"2024-11-20T20:08:03.099Z"}
{"level":"info","message":"⌛ Validating src/example.wlk","timeElapsed":177,"timestamp":"2024-11-20T20:08:03.351Z"}
{"level":"info","message":"onRequest - completionItem/resolve","timestamp":"2024-11-20T20:08:03.351Z"}
{"level":"info","message":"⌛ Building environment","timeElapsed":127,"timestamp":"2024-11-20T20:08:03.479Z"}
{"level":"info","message":"onRequest - completionItem/resolve","timestamp":"2024-11-20T20:08:03.480Z"}
{"level":"info","message":"onRequest - completionItem/resolve","timestamp":"2024-11-20T20:08:03.575Z"}
{"level":"info","message":"⌛ Validating src/example.wlk","timeElapsed":141,"timestamp":"2024-11-20T20:08:03.802Z"}
{"level":"info","message":"⌛ Building environment","timeElapsed":150,"timestamp":"2024-11-20T20:08:03.961Z"}
{"level":"info","message":"onRequest - completionItem/resolve","timestamp":"2024-11-20T20:08:03.965Z"}
{"level":"info","message":"⌛ Building environment","timeElapsed":111,"timestamp":"2024-11-20T20:08:05.485Z"}
{"level":"info","message":"⌛ Building environment","timeElapsed":154,"timestamp":"2024-11-20T20:08:05.793Z"}
{"level":"info","message":"⌛ Building environment","timeElapsed":138,"timestamp":"2024-11-20T20:08:06.138Z"}
{"level":"info","message":"⌛ Validating src/example.wlk","timeElapsed":127,"timestamp":"2024-11-20T20:08:06.268Z"}
{"level":"info","message":"⌛ Building environment","timeElapsed":181,"timestamp":"2024-11-20T20:08:06.993Z"}
{"level":"info","message":"⌛ Validating src/example.wlk","timeElapsed":116,"timestamp":"2024-11-20T20:08:07.222Z"}
{"level":"info","message":"⌛ Building environment","timeElapsed":116,"timestamp":"2024-11-20T20:08:07.494Z"}
{"level":"info","message":"⌛ Building environment","timeElapsed":196,"timestamp":"2024-11-20T20:08:07.953Z"}
{"level":"error","message":"✘ Completions for node failed: Error: [Send]{15db1b} at src/example.wlk:90 exhausted all cases without a match [Send]{15db1b} at src/example.wlk:90 exhausted all cases without a match","stack":"Error: [Send]{15db1b} at src/example.wlk:90 exhausted all cases without a match\n    at /Users/naylawinter/.vscode/extensions/uqbar.wollok-lsp-ide-0.3.6/out/server/src/server.js:38:6067\n    at yh (/Users/naylawinter/.vscode/extensions/uqbar.wollok-lsp-ide-0.3.6/out/server/src/server.js:2291:42)\n    at kh (/Users/naylawinter/.vscode/extensions/uqbar.wollok-lsp-ide-0.3.6/out/server/src/server.js:2291:1004)\n    at Y5n (/Users/naylawinter/.vscode/extensions/uqbar.wollok-lsp-ide-0.3.6/out/server/src/server.js:2291:1160)\n    at /Users/naylawinter/.vscode/extensions/uqbar.wollok-lsp-ide-0.3.6/out/server/src/server.js:38:6056\n    at yh (/Users/naylawinter/.vscode/extensions/uqbar.wollok-lsp-ide-0.3.6/out/server/src/server.js:2291:42)\n    at /Users/naylawinter/.vscode/extensions/uqbar.wollok-lsp-ide-0.3.6/out/server/src/server.js:2291:2700\n    at /Users/naylawinter/.vscode/extensions/uqbar.wollok-lsp-ide-0.3.6/out/server/src/server.js:2298:3774\n    at /Users/naylawinter/.vscode/extensions/uqbar.wollok-lsp-ide-0.3.6/out/server/src/server.js:37:74872\n    at Fe (/Users/naylawinter/.vscode/extensions/uqbar.wollok-lsp-ide-0.3.6/out/server/src/server.js:7:8527)","timestamp":"2024-11-20T20:08:07.978Z"}
{"level":"error","message":"✘ Completions for node failed: Error: [Return]{3845cd} at src/example.wlk:-- exhausted all cases without a match [Return]{3845cd} at src/example.wlk:-- exhausted all cases without a match","stack":"Error: [Return]{3845cd} at src/example.wlk:-- exhausted all cases without a match\n    at /Users/naylawinter/.vscode/extensions/uqbar.wollok-lsp-ide-0.3.6/out/server/src/server.js:38:6067\n    at yh (/Users/naylawinter/.vscode/extensions/uqbar.wollok-lsp-ide-0.3.6/out/server/src/server.js:2291:42)\n    at kh (/Users/naylawinter/.vscode/extensions/uqbar.wollok-lsp-ide-0.3.6/out/server/src/server.js:2291:1004)\n    at yh (/Users/naylawinter/.vscode/extensions/uqbar.wollok-lsp-ide-0.3.6/out/server/src/server.js:2291:456)\n    at kh (/Users/naylawinter/.vscode/extensions/uqbar.wollok-lsp-ide-0.3.6/out/server/src/server.js:2291:1004)\n    at Y5n (/Users/naylawinter/.vscode/extensions/uqbar.wollok-lsp-ide-0.3.6/out/server/src/server.js:2291:1160)\n    at /Users/naylawinter/.vscode/extensions/uqbar.wollok-lsp-ide-0.3.6/out/server/src/server.js:38:6056\n    at yh (/Users/naylawinter/.vscode/extensions/uqbar.wollok-lsp-ide-0.3.6/out/server/src/server.js:2291:42)\n    at /Users/naylawinter/.vscode/extensions/uqbar.wollok-lsp-ide-0.3.6/out/server/src/server.js:2291:2700\n    at /Users/naylawinter/.vscode/extensions/uqbar.wollok-lsp-ide-0.3.6/out/server/src/server.js:2298:3774","timestamp":"2024-11-20T20:08:07.978Z"}
{"level":"info","message":"⌛ Building environment","timeElapsed":161,"timestamp":"2024-11-20T20:08:08.145Z"}
{"level":"info","message":"onRequest - completionItem/resolve","timestamp":"2024-11-20T20:08:08.235Z"}
{"level":"info","message":"onRequest - completionItem/resolve","timestamp":"2024-11-20T20:08:08.330Z"}
{"level":"info","message":"⌛ Building environment","timeElapsed":124,"timestamp":"2024-11-20T20:08:08.859Z"}
{"level":"error","message":"✘ Completions for node failed: Error: [Send]{8bdb6a} at src/example.wlk:90 exhausted all cases without a match [Send]{8bdb6a} at src/example.wlk:90 exhausted all cases without a match","stack":"Error: [Send]{8bdb6a} at src/example.wlk:90 exhausted all cases without a match\n    at /Users/naylawinter/.vscode/extensions/uqbar.wollok-lsp-ide-0.3.6/out/server/src/server.js:38:6067\n    at yh (/Users/naylawinter/.vscode/extensions/uqbar.wollok-lsp-ide-0.3.6/out/server/src/server.js:2291:42)\n    at kh (/Users/naylawinter/.vscode/extensions/uqbar.wollok-lsp-ide-0.3.6/out/server/src/server.js:2291:1004)\n    at Y5n (/Users/naylawinter/.vscode/extensions/uqbar.wollok-lsp-ide-0.3.6/out/server/src/server.js:2291:1160)\n    at /Users/naylawinter/.vscode/extensions/uqbar.wollok-lsp-ide-0.3.6/out/server/src/server.js:38:6056\n    at yh (/Users/naylawinter/.vscode/extensions/uqbar.wollok-lsp-ide-0.3.6/out/server/src/server.js:2291:42)\n    at /Users/naylawinter/.vscode/extensions/uqbar.wollok-lsp-ide-0.3.6/out/server/src/server.js:2291:2700\n    at /Users/naylawinter/.vscode/extensions/uqbar.wollok-lsp-ide-0.3.6/out/server/src/server.js:2298:3774\n    at /Users/naylawinter/.vscode/extensions/uqbar.wollok-lsp-ide-0.3.6/out/server/src/server.js:37:74872\n    at Fe (/Users/naylawinter/.vscode/extensions/uqbar.wollok-lsp-ide-0.3.6/out/server/src/server.js:7:8527)","timestamp":"2024-11-20T20:08:08.883Z"}
{"level":"error","message":"✘ Completions for node failed: Error: [Return]{124c3a} at src/example.wlk:-- exhausted all cases without a match [Return]{124c3a} at src/example.wlk:-- exhausted all cases without a match","stack":"Error: [Return]{124c3a} at src/example.wlk:-- exhausted all cases without a match\n    at /Users/naylawinter/.vscode/extensions/uqbar.wollok-lsp-ide-0.3.6/out/server/src/server.js:38:6067\n    at yh (/Users/naylawinter/.vscode/extensions/uqbar.wollok-lsp-ide-0.3.6/out/server/src/server.js:2291:42)\n    at kh (/Users/naylawinter/.vscode/extensions/uqbar.wollok-lsp-ide-0.3.6/out/server/src/server.js:2291:1004)\n    at yh (/Users/naylawinter/.vscode/extensions/uqbar.wollok-lsp-ide-0.3.6/out/server/src/server.js:2291:456)\n    at kh (/Users/naylawinter/.vscode/extensions/uqbar.wollok-lsp-ide-0.3.6/out/server/src/server.js:2291:1004)\n    at Y5n (/Users/naylawinter/.vscode/extensions/uqbar.wollok-lsp-ide-0.3.6/out/server/src/server.js:2291:1160)\n    at /Users/naylawinter/.vscode/extensions/uqbar.wollok-lsp-ide-0.3.6/out/server/src/server.js:38:6056\n    at yh (/Users/naylawinter/.vscode/extensions/uqbar.wollok-lsp-ide-0.3.6/out/server/src/server.js:2291:42)\n    at /Users/naylawinter/.vscode/extensions/uqbar.wollok-lsp-ide-0.3.6/out/server/src/server.js:2291:2700\n    at /Users/naylawinter/.vscode/extensions/uqbar.wollok-lsp-ide-0.3.6/out/server/src/server.js:2298:3774","timestamp":"2024-11-20T20:08:08.883Z"}
{"level":"info","message":"⌛ Validating src/example.wlk","timeElapsed":175,"timestamp":"2024-11-20T20:08:09.061Z"}
{"level":"info","message":"⌛ Building environment","timeElapsed":138,"timestamp":"2024-11-20T20:08:09.200Z"}
{"level":"error","message":"✘ Completions for node failed: Error: [Send]{f43249} at src/example.wlk:90 exhausted all cases without a match [Send]{f43249} at src/example.wlk:90 exhausted all cases without a match","stack":"Error: [Send]{f43249} at src/example.wlk:90 exhausted all cases without a match\n    at /Users/naylawinter/.vscode/extensions/uqbar.wollok-lsp-ide-0.3.6/out/server/src/server.js:38:6067\n    at yh (/Users/naylawinter/.vscode/extensions/uqbar.wollok-lsp-ide-0.3.6/out/server/src/server.js:2291:42)\n    at kh (/Users/naylawinter/.vscode/extensions/uqbar.wollok-lsp-ide-0.3.6/out/server/src/server.js:2291:1004)\n    at Y5n (/Users/naylawinter/.vscode/extensions/uqbar.wollok-lsp-ide-0.3.6/out/server/src/server.js:2291:1160)\n    at /Users/naylawinter/.vscode/extensions/uqbar.wollok-lsp-ide-0.3.6/out/server/src/server.js:38:6056\n    at yh (/Users/naylawinter/.vscode/extensions/uqbar.wollok-lsp-ide-0.3.6/out/server/src/server.js:2291:42)\n    at /Users/naylawinter/.vscode/extensions/uqbar.wollok-lsp-ide-0.3.6/out/server/src/server.js:2291:2700\n    at /Users/naylawinter/.vscode/extensions/uqbar.wollok-lsp-ide-0.3.6/out/server/src/server.js:2298:3774\n    at /Users/naylawinter/.vscode/extensions/uqbar.wollok-lsp-ide-0.3.6/out/server/src/server.js:37:74872\n    at Fe (/Users/naylawinter/.vscode/extensions/uqbar.wollok-lsp-ide-0.3.6/out/server/src/server.js:7:8527)","timestamp":"2024-11-20T20:08:09.223Z"}
{"level":"error","message":"✘ Completions for node failed: Error: [Return]{b57f65} at src/example.wlk:-- exhausted all cases without a match [Return]{b57f65} at src/example.wlk:-- exhausted all cases without a match","stack":"Error: [Return]{b57f65} at src/example.wlk:-- exhausted all cases without a match\n    at /Users/naylawinter/.vscode/extensions/uqbar.wollok-lsp-ide-0.3.6/out/server/src/server.js:38:6067\n    at yh (/Users/naylawinter/.vscode/extensions/uqbar.wollok-lsp-ide-0.3.6/out/server/src/server.js:2291:42)\n    at kh (/Users/naylawinter/.vscode/extensions/uqbar.wollok-lsp-ide-0.3.6/out/server/src/server.js:2291:1004)\n    at yh (/Users/naylawinter/.vscode/extensions/uqbar.wollok-lsp-ide-0.3.6/out/server/src/server.js:2291:456)\n    at kh (/Users/naylawinter/.vscode/extensions/uqbar.wollok-lsp-ide-0.3.6/out/server/src/server.js:2291:1004)\n    at Y5n (/Users/naylawinter/.vscode/extensions/uqbar.wollok-lsp-ide-0.3.6/out/server/src/server.js:2291:1160)\n    at /Users/naylawinter/.vscode/extensions/uqbar.wollok-lsp-ide-0.3.6/out/server/src/server.js:38:6056\n    at yh (/Users/naylawinter/.vscode/extensions/uqbar.wollok-lsp-ide-0.3.6/out/server/src/server.js:2291:42)\n    at /Users/naylawinter/.vscode/extensions/uqbar.wollok-lsp-ide-0.3.6/out/server/src/server.js:2291:2700\n    at /Users/naylawinter/.vscode/extensions/uqbar.wollok-lsp-ide-0.3.6/out/server/src/server.js:2298:3774","timestamp":"2024-11-20T20:08:09.223Z"}
{"level":"info","message":"⌛ Building environment","timeElapsed":212,"timestamp":"2024-11-20T20:08:09.438Z"}
{"level":"info","message":"⌛ Validating src/example.wlk","timeElapsed":153,"timestamp":"2024-11-20T20:08:09.592Z"}
{"level":"info","message":"⌛ Building environment","timeElapsed":134,"timestamp":"2024-11-20T20:08:09.726Z"}
{"level":"error","message":"✘ Completions for node failed: Error: [Send]{d7ee1a} at src/example.wlk:90 exhausted all cases without a match [Send]{d7ee1a} at src/example.wlk:90 exhausted all cases without a match","stack":"Error: [Send]{d7ee1a} at src/example.wlk:90 exhausted all cases without a match\n    at /Users/naylawinter/.vscode/extensions/uqbar.wollok-lsp-ide-0.3.6/out/server/src/server.js:38:6067\n    at yh (/Users/naylawinter/.vscode/extensions/uqbar.wollok-lsp-ide-0.3.6/out/server/src/server.js:2291:42)\n    at kh (/Users/naylawinter/.vscode/extensions/uqbar.wollok-lsp-ide-0.3.6/out/server/src/server.js:2291:1004)\n    at Y5n (/Users/naylawinter/.vscode/extensions/uqbar.wollok-lsp-ide-0.3.6/out/server/src/server.js:2291:1160)\n    at /Users/naylawinter/.vscode/extensions/uqbar.wollok-lsp-ide-0.3.6/out/server/src/server.js:38:6056\n    at yh (/Users/naylawinter/.vscode/extensions/uqbar.wollok-lsp-ide-0.3.6/out/server/src/server.js:2291:42)\n    at /Users/naylawinter/.vscode/extensions/uqbar.wollok-lsp-ide-0.3.6/out/server/src/server.js:2291:2700\n    at /Users/naylawinter/.vscode/extensions/uqbar.wollok-lsp-ide-0.3.6/out/server/src/server.js:2298:3774\n    at /Users/naylawinter/.vscode/extensions/uqbar.wollok-lsp-ide-0.3.6/out/server/src/server.js:37:74872\n    at Fe (/Users/naylawinter/.vscode/extensions/uqbar.wollok-lsp-ide-0.3.6/out/server/src/server.js:7:8527)","timestamp":"2024-11-20T20:08:09.792Z"}
{"level":"error","message":"✘ Completions for node failed: Error: [Return]{63eda2} at src/example.wlk:-- exhausted all cases without a match [Return]{63eda2} at src/example.wlk:-- exhausted all cases without a match","stack":"Error: [Return]{63eda2} at src/example.wlk:-- exhausted all cases without a match\n    at /Users/naylawinter/.vscode/extensions/uqbar.wollok-lsp-ide-0.3.6/out/server/src/server.js:38:6067\n    at yh (/Users/naylawinter/.vscode/extensions/uqbar.wollok-lsp-ide-0.3.6/out/server/src/server.js:2291:42)\n    at kh (/Users/naylawinter/.vscode/extensions/uqbar.wollok-lsp-ide-0.3.6/out/server/src/server.js:2291:1004)\n    at yh (/Users/naylawinter/.vscode/extensions/uqbar.wollok-lsp-ide-0.3.6/out/server/src/server.js:2291:456)\n    at kh (/Users/naylawinter/.vscode/extensions/uqbar.wollok-lsp-ide-0.3.6/out/server/src/server.js:2291:1004)\n    at Y5n (/Users/naylawinter/.vscode/extensions/uqbar.wollok-lsp-ide-0.3.6/out/server/src/server.js:2291:1160)\n    at /Users/naylawinter/.vscode/extensions/uqbar.wollok-lsp-ide-0.3.6/out/server/src/server.js:38:6056\n    at yh (/Users/naylawinter/.vscode/extensions/uqbar.wollok-lsp-ide-0.3.6/out/server/src/server.js:2291:42)\n    at /Users/naylawinter/.vscode/extensions/uqbar.wollok-lsp-ide-0.3.6/out/server/src/server.js:2291:2700\n    at /Users/naylawinter/.vscode/extensions/uqbar.wollok-lsp-ide-0.3.6/out/server/src/server.js:2298:3774","timestamp":"2024-11-20T20:08:09.792Z"}
{"level":"info","message":"⌛ Building environment","timeElapsed":144,"timestamp":"2024-11-20T20:08:10.123Z"}
{"level":"info","message":"⌛ Building environment","timeElapsed":146,"timestamp":"2024-11-20T20:08:10.274Z"}
{"level":"info","message":"⌛ Validating src/example.wlk","timeElapsed":118,"timestamp":"2024-11-20T20:08:10.396Z"}
{"level":"info","message":"⌛ Building environment","timeElapsed":145,"timestamp":"2024-11-20T20:08:10.542Z"}
{"level":"info","message":"⌛ Validating src/example.wlk","timeElapsed":137,"timestamp":"2024-11-20T20:08:10.680Z"}
{"level":"error","message":"✘ Completions for node failed: Error: [Send]{e54c5e} at src/example.wlk:90 exhausted all cases without a match [Send]{e54c5e} at src/example.wlk:90 exhausted all cases without a match","stack":"Error: [Send]{e54c5e} at src/example.wlk:90 exhausted all cases without a match\n    at /Users/naylawinter/.vscode/extensions/uqbar.wollok-lsp-ide-0.3.6/out/server/src/server.js:38:6067\n    at yh (/Users/naylawinter/.vscode/extensions/uqbar.wollok-lsp-ide-0.3.6/out/server/src/server.js:2291:42)\n    at kh (/Users/naylawinter/.vscode/extensions/uqbar.wollok-lsp-ide-0.3.6/out/server/src/server.js:2291:1004)\n    at Y5n (/Users/naylawinter/.vscode/extensions/uqbar.wollok-lsp-ide-0.3.6/out/server/src/server.js:2291:1160)\n    at /Users/naylawinter/.vscode/extensions/uqbar.wollok-lsp-ide-0.3.6/out/server/src/server.js:38:6056\n    at yh (/Users/naylawinter/.vscode/extensions/uqbar.wollok-lsp-ide-0.3.6/out/server/src/server.js:2291:42)\n    at /Users/naylawinter/.vscode/extensions/uqbar.wollok-lsp-ide-0.3.6/out/server/src/server.js:2291:2700\n    at /Users/naylawinter/.vscode/extensions/uqbar.wollok-lsp-ide-0.3.6/out/server/src/server.js:2298:3774\n    at /Users/naylawinter/.vscode/extensions/uqbar.wollok-lsp-ide-0.3.6/out/server/src/server.js:37:74872\n    at Fe (/Users/naylawinter/.vscode/extensions/uqbar.wollok-lsp-ide-0.3.6/out/server/src/server.js:7:8527)","timestamp":"2024-11-20T20:08:10.875Z"}
{"level":"error","message":"✘ Completions for node failed: Error: [Return]{531cce} at src/example.wlk:-- exhausted all cases without a match [Return]{531cce} at src/example.wlk:-- exhausted all cases without a match","stack":"Error: [Return]{531cce} at src/example.wlk:-- exhausted all cases without a match\n    at /Users/naylawinter/.vscode/extensions/uqbar.wollok-lsp-ide-0.3.6/out/server/src/server.js:38:6067\n    at yh (/Users/naylawinter/.vscode/extensions/uqbar.wollok-lsp-ide-0.3.6/out/server/src/server.js:2291:42)\n    at kh (/Users/naylawinter/.vscode/extensions/uqbar.wollok-lsp-ide-0.3.6/out/server/src/server.js:2291:1004)\n    at yh (/Users/naylawinter/.vscode/extensions/uqbar.wollok-lsp-ide-0.3.6/out/server/src/server.js:2291:456)\n    at kh (/Users/naylawinter/.vscode/extensions/uqbar.wollok-lsp-ide-0.3.6/out/server/src/server.js:2291:1004)\n    at Y5n (/Users/naylawinter/.vscode/extensions/uqbar.wollok-lsp-ide-0.3.6/out/server/src/server.js:2291:1160)\n    at /Users/naylawinter/.vscode/extensions/uqbar.wollok-lsp-ide-0.3.6/out/server/src/server.js:38:6056\n    at yh (/Users/naylawinter/.vscode/extensions/uqbar.wollok-lsp-ide-0.3.6/out/server/src/server.js:2291:42)\n    at /Users/naylawinter/.vscode/extensions/uqbar.wollok-lsp-ide-0.3.6/out/server/src/server.js:2291:2700\n    at /Users/naylawinter/.vscode/extensions/uqbar.wollok-lsp-ide-0.3.6/out/server/src/server.js:2298:3774","timestamp":"2024-11-20T20:08:10.875Z"}
{"level":"info","message":"⌛ Validating src/example.wlk","timeElapsed":159,"timestamp":"2024-11-20T20:08:11.039Z"}
{"level":"info","message":"⌛ Validating src/example.wlk","timeElapsed":145,"timestamp":"2024-11-20T20:08:11.211Z"}
{"level":"info","message":"⌛ Building environment","timeElapsed":177,"timestamp":"2024-11-20T20:08:11.405Z"}
{"level":"error","message":"✘ Completions for node failed: Error: [Send]{d982a5} at src/example.wlk:90 exhausted all cases without a match [Send]{d982a5} at src/example.wlk:90 exhausted all cases without a match","stack":"Error: [Send]{d982a5} at src/example.wlk:90 exhausted all cases without a match\n    at /Users/naylawinter/.vscode/extensions/uqbar.wollok-lsp-ide-0.3.6/out/server/src/server.js:38:6067\n    at yh (/Users/naylawinter/.vscode/extensions/uqbar.wollok-lsp-ide-0.3.6/out/server/src/server.js:2291:42)\n    at kh (/Users/naylawinter/.vscode/extensions/uqbar.wollok-lsp-ide-0.3.6/out/server/src/server.js:2291:1004)\n    at Y5n (/Users/naylawinter/.vscode/extensions/uqbar.wollok-lsp-ide-0.3.6/out/server/src/server.js:2291:1160)\n    at /Users/naylawinter/.vscode/extensions/uqbar.wollok-lsp-ide-0.3.6/out/server/src/server.js:38:6056\n    at yh (/Users/naylawinter/.vscode/extensions/uqbar.wollok-lsp-ide-0.3.6/out/server/src/server.js:2291:42)\n    at /Users/naylawinter/.vscode/extensions/uqbar.wollok-lsp-ide-0.3.6/out/server/src/server.js:2291:2700\n    at /Users/naylawinter/.vscode/extensions/uqbar.wollok-lsp-ide-0.3.6/out/server/src/server.js:2298:3774\n    at /Users/naylawinter/.vscode/extensions/uqbar.wollok-lsp-ide-0.3.6/out/server/src/server.js:37:74872\n    at Fe (/Users/naylawinter/.vscode/extensions/uqbar.wollok-lsp-ide-0.3.6/out/server/src/server.js:7:8527)","timestamp":"2024-11-20T20:08:11.612Z"}
{"level":"error","message":"✘ Completions for node failed: Error: [Return]{9eb884} at src/example.wlk:-- exhausted all cases without a match [Return]{9eb884} at src/example.wlk:-- exhausted all cases without a match","stack":"Error: [Return]{9eb884} at src/example.wlk:-- exhausted all cases without a match\n    at /Users/naylawinter/.vscode/extensions/uqbar.wollok-lsp-ide-0.3.6/out/server/src/server.js:38:6067\n    at yh (/Users/naylawinter/.vscode/extensions/uqbar.wollok-lsp-ide-0.3.6/out/server/src/server.js:2291:42)\n    at kh (/Users/naylawinter/.vscode/extensions/uqbar.wollok-lsp-ide-0.3.6/out/server/src/server.js:2291:1004)\n    at yh (/Users/naylawinter/.vscode/extensions/uqbar.wollok-lsp-ide-0.3.6/out/server/src/server.js:2291:456)\n    at kh (/Users/naylawinter/.vscode/extensions/uqbar.wollok-lsp-ide-0.3.6/out/server/src/server.js:2291:1004)\n    at Y5n (/Users/naylawinter/.vscode/extensions/uqbar.wollok-lsp-ide-0.3.6/out/server/src/server.js:2291:1160)\n    at /Users/naylawinter/.vscode/extensions/uqbar.wollok-lsp-ide-0.3.6/out/server/src/server.js:38:6056\n    at yh (/Users/naylawinter/.vscode/extensions/uqbar.wollok-lsp-ide-0.3.6/out/server/src/server.js:2291:42)\n    at /Users/naylawinter/.vscode/extensions/uqbar.wollok-lsp-ide-0.3.6/out/server/src/server.js:2291:2700\n    at /Users/naylawinter/.vscode/extensions/uqbar.wollok-lsp-ide-0.3.6/out/server/src/server.js:2298:3774","timestamp":"2024-11-20T20:08:11.612Z"}
{"level":"info","message":"⌛ Validating src/example.wlk","timeElapsed":133,"timestamp":"2024-11-20T20:08:12.084Z"}
{"level":"info","message":"⌛ Validating src/example.wlk","timeElapsed":127,"timestamp":"2024-11-20T20:08:12.704Z"}
{"level":"info","message":"onRequest - completionItem/resolve","timestamp":"2024-11-20T20:08:12.809Z"}
{"level":"info","message":"⌛ Building environment","timeElapsed":130,"timestamp":"2024-11-20T20:08:12.940Z"}
{"level":"info","message":"onRequest - completionItem/resolve","timestamp":"2024-11-20T20:08:12.940Z"}
{"level":"info","message":"⌛ Validating src/example.wlk","timeElapsed":151,"timestamp":"2024-11-20T20:08:13.093Z"}
{"level":"info","message":"onRequest - completionItem/resolve","timestamp":"2024-11-20T20:08:13.362Z"}
{"level":"info","message":"⌛ Building environment","timeElapsed":118,"timestamp":"2024-11-20T20:08:13.624Z"}
{"level":"info","message":"⌛ Building environment","timeElapsed":124,"timestamp":"2024-11-20T20:08:13.749Z"}
{"level":"info","message":"⌛ Validating src/example.wlk","timeElapsed":200,"timestamp":"2024-11-20T20:08:14.039Z"}
{"level":"info","message":"⌛ Building environment","timeElapsed":107,"timestamp":"2024-11-20T20:08:25.227Z"}
{"level":"info","message":"⌛ Building environment","timeElapsed":116,"timestamp":"2024-11-20T20:08:25.539Z"}
{"level":"info","message":"⌛ Validating src/example.wlk","timeElapsed":137,"timestamp":"2024-11-20T20:08:25.685Z"}
{"level":"info","message":"⌛ Building environment","timeElapsed":105,"timestamp":"2024-11-20T20:08:25.791Z"}
{"level":"info","message":"⌛ Validating src/example.wlk","timeElapsed":113,"timestamp":"2024-11-20T20:08:25.990Z"}
{"level":"info","message":"⌛ Building environment","timeElapsed":296,"timestamp":"2024-11-20T20:08:47.757Z"}
{"level":"info","message":"onRequest - STRONG_FILES_CHANGED:/Users/naylawinter/Documents/PDP/Intensamente/src/example.wlk","timestamp":"2024-11-20T20:08:47.766Z"}
{"level":"info","message":"⌛ Building environment","timeElapsed":318,"timestamp":"2024-11-20T20:08:48.088Z"}
{"level":"info","message":"⌛ Building environment","timeElapsed":123,"timestamp":"2024-11-20T20:08:48.211Z"}
{"level":"info","message":"⌛ Validating src/riley.wlk","timeElapsed":145,"timestamp":"2024-11-20T20:08:48.387Z"}
{"level":"info","message":"Removing diagnostics from /Users/naylawinter/Documents/PDP/Intensamente/src/example.wlk","timestamp":"2024-11-20T20:08:48.387Z"}
{"level":"info","message":"onRequest - WORKSPACE_URI:file:///Users/naylawinter/Documents/PDP/Intensamente","timestamp":"2024-11-20T20:08:48.527Z"}
{"level":"info","message":"⌛ Building environment","timeElapsed":129,"timestamp":"2024-11-20T20:08:48.718Z"}
{"level":"info","message":"⌛ Validating src/testExample.wtest","timeElapsed":122,"timestamp":"2024-11-20T20:08:48.841Z"}
{"level":"info","message":"⌛ Building environment","timeElapsed":102,"timestamp":"2024-11-20T20:08:54.394Z"}
{"level":"info","message":"⌛ Validating src/emocion.wlk","timeElapsed":208,"timestamp":"2024-11-20T20:08:54.642Z"}
{"level":"info","message":"⌛ Building environment","timeElapsed":115,"timestamp":"2024-11-20T20:09:02.353Z"}
{"level":"info","message":"⌛ Validating src/riley.wlk","timeElapsed":102,"timestamp":"2024-11-20T20:09:02.456Z"}
{"level":"info","message":"⌛ Building environment","timeElapsed":114,"timestamp":"2024-11-20T20:09:05.333Z"}
{"level":"info","message":"⌛ Validating src/emocion.wlk","timeElapsed":114,"timestamp":"2024-11-20T20:09:05.462Z"}
{"level":"info","message":"⌛ Building environment","timeElapsed":147,"timestamp":"2024-11-20T20:09:18.711Z"}
{"level":"info","message":"⌛ Validating src/procesoMental.wlk","timeElapsed":215,"timestamp":"2024-11-20T20:09:18.936Z"}
{"level":"info","message":"⌛ Building environment","timeElapsed":103,"timestamp":"2024-11-20T20:09:31.778Z"}
{"level":"info","message":"⌛ Validating src/procesoMental.wlk","timeElapsed":112,"timestamp":"2024-11-20T20:09:31.891Z"}
{"level":"info","message":"⌛ Building environment","timeElapsed":154,"timestamp":"2024-11-20T20:09:38.872Z"}
{"level":"info","message":"⌛ Building environment","timeElapsed":133,"timestamp":"2024-11-20T20:09:39.032Z"}
{"level":"info","message":"⌛ Validating src/riley.wlk","timeElapsed":206,"timestamp":"2024-11-20T20:09:39.238Z"}
{"level":"info","message":"onRequest - completionItem/resolve","timestamp":"2024-11-20T20:09:39.239Z"}
{"level":"info","message":"onRequest - completionItem/resolve","timestamp":"2024-11-20T20:09:39.336Z"}
{"level":"info","message":"⌛ Validating src/riley.wlk","timeElapsed":157,"timestamp":"2024-11-20T20:09:39.493Z"}
{"level":"info","message":"onRequest - completionItem/resolve","timestamp":"2024-11-20T20:09:39.587Z"}
{"level":"info","message":"⌛ Building environment","timeElapsed":261,"timestamp":"2024-11-20T20:09:39.848Z"}
{"level":"info","message":"onRequest - completionItem/resolve","timestamp":"2024-11-20T20:09:39.849Z"}
{"level":"error","message":"✘ Failed to rebuild document Failed to parse src/riley.wlk: \n-- PARSING FAILED --------------------------------------------------\n\n  30 |         \n  31 |         nivelFelicidad = nuevoNivel.max(1).min(1000)\n> 32 |     }\n     |     ^\n  33 | \n  34 |     method emocionDominante(nuevaEmocion) {\n\nExpected one of the following: \n\n'@', 'class', 'const', 'describe', 'mixin', 'object', 'only', 'package', 'program', 'test', 'var', '{', EOF, comment, not \"}\n\n    \", whitespace\n","stack":"Error: Failed to parse src/riley.wlk: \n-- PARSING FAILED --------------------------------------------------\n\n  30 |         \n  31 |         nivelFelicidad = nuevoNivel.max(1).min(1000)\n> 32 |     }\n     |     ^\n  33 | \n  34 |     method emocionDominante(nuevaEmocion) {\n\nExpected one of the following: \n\n'@', 'class', 'const', 'describe', 'mixin', 'object', 'only', 'package', 'program', 'test', 'var', '{', EOF, comment, not \"}\n\n    \", whitespace\n\n    at /Users/naylawinter/.vscode/extensions/uqbar.wollok-lsp-ide-0.3.6/out/server/src/server.js:2254:32415\n    at Array.map (<anonymous>)\n    at Jfn (/Users/naylawinter/.vscode/extensions/uqbar.wollok-lsp-ide-0.3.6/out/server/src/server.js:2254:32339)\n    at k2.buildEnvironmentFrom (/Users/naylawinter/.vscode/extensions/uqbar.wollok-lsp-ide-0.3.6/out/server/src/server.js:2285:6721)\n    at k2.updateEnvironmentWith (/Users/naylawinter/.vscode/extensions/uqbar.wollok-lsp-ide-0.3.6/out/server/src/server.js:2285:6456)\n    at jL (/Users/naylawinter/.vscode/extensions/uqbar.wollok-lsp-ide-0.3.6/out/server/src/server.js:2298:2292)\n    at v3.invoke (/Users/naylawinter/.vscode/extensions/uqbar.wollok-lsp-ide-0.3.6/out/server/src/server.js:3:157200)\n    at o.fire (/Users/naylawinter/.vscode/extensions/uqbar.wollok-lsp-ide-0.3.6/out/server/src/server.js:3:157970)\n    at /Users/naylawinter/.vscode/extensions/uqbar.wollok-lsp-ide-0.3.6/out/server/src/server.js:37:57871\n    at Vr (/Users/naylawinter/.vscode/extensions/uqbar.wollok-lsp-ide-0.3.6/out/server/src/server.js:8:1561)","timestamp":"2024-11-20T20:09:39.955Z"}
{"level":"info","message":"onRequest - completionItem/resolve","timestamp":"2024-11-20T20:09:39.957Z"}
{"level":"info","message":"⌛ Validating src/riley.wlk","timeElapsed":102,"timestamp":"2024-11-20T20:09:40.059Z"}
{"level":"error","message":"✘ Failed to rebuild document Failed to parse src/riley.wlk: \n-- PARSING FAILED --------------------------------------------------\n\n  30 |         \n  31 |         nivelFelicidad = nuevoNivel.max(1).min(1000)\n> 32 |     }\n     |     ^\n  33 | \n  34 |     method emocionDominante(nuevaEmocion) {\n\nExpected one of the following: \n\n'@', 'class', 'const', 'describe', 'mixin', 'object', 'only', 'package', 'program', 'test', 'var', '{', EOF, comment, not \"}\n\n    \", whitespace\n","stack":"Error: Failed to parse src/riley.wlk: \n-- PARSING FAILED --------------------------------------------------\n\n  30 |         \n  31 |         nivelFelicidad = nuevoNivel.max(1).min(1000)\n> 32 |     }\n     |     ^\n  33 | \n  34 |     method emocionDominante(nuevaEmocion) {\n\nExpected one of the following: \n\n'@', 'class', 'const', 'describe', 'mixin', 'object', 'only', 'package', 'program', 'test', 'var', '{', EOF, comment, not \"}\n\n    \", whitespace\n\n    at /Users/naylawinter/.vscode/extensions/uqbar.wollok-lsp-ide-0.3.6/out/server/src/server.js:2254:32415\n    at Array.map (<anonymous>)\n    at Jfn (/Users/naylawinter/.vscode/extensions/uqbar.wollok-lsp-ide-0.3.6/out/server/src/server.js:2254:32339)\n    at k2.buildEnvironmentFrom (/Users/naylawinter/.vscode/extensions/uqbar.wollok-lsp-ide-0.3.6/out/server/src/server.js:2285:6721)\n    at k2.updateEnvironmentWith (/Users/naylawinter/.vscode/extensions/uqbar.wollok-lsp-ide-0.3.6/out/server/src/server.js:2285:6456)\n    at jL (/Users/naylawinter/.vscode/extensions/uqbar.wollok-lsp-ide-0.3.6/out/server/src/server.js:2298:2292)\n    at v3.invoke (/Users/naylawinter/.vscode/extensions/uqbar.wollok-lsp-ide-0.3.6/out/server/src/server.js:3:157200)\n    at o.fire (/Users/naylawinter/.vscode/extensions/uqbar.wollok-lsp-ide-0.3.6/out/server/src/server.js:3:157970)\n    at /Users/naylawinter/.vscode/extensions/uqbar.wollok-lsp-ide-0.3.6/out/server/src/server.js:37:57871\n    at Vr (/Users/naylawinter/.vscode/extensions/uqbar.wollok-lsp-ide-0.3.6/out/server/src/server.js:8:1561)","timestamp":"2024-11-20T20:09:40.079Z"}
{"level":"info","message":"⌛ Building environment","timeElapsed":106,"timestamp":"2024-11-20T20:09:40.356Z"}
{"level":"info","message":"onRequest - completionItem/resolve","timestamp":"2024-11-20T20:09:40.472Z"}
{"level":"info","message":"⌛ Building environment","timeElapsed":119,"timestamp":"2024-11-20T20:09:40.745Z"}
{"level":"info","message":"⌛ Building environment","timeElapsed":156,"timestamp":"2024-11-20T20:09:41.530Z"}
{"level":"info","message":"⌛ Building environment","timeElapsed":128,"timestamp":"2024-11-20T20:09:41.667Z"}
{"level":"info","message":"⌛ Validating src/riley.wlk","timeElapsed":153,"timestamp":"2024-11-20T20:09:41.826Z"}
{"level":"info","message":"⌛ Building environment","timeElapsed":144,"timestamp":"2024-11-20T20:09:41.971Z"}
{"level":"info","message":"⌛ Building environment","timeElapsed":122,"timestamp":"2024-11-20T20:09:42.185Z"}
{"level":"info","message":"⌛ Validating src/riley.wlk","timeElapsed":145,"timestamp":"2024-11-20T20:09:42.334Z"}
{"level":"info","message":"⌛ Building environment","timeElapsed":141,"timestamp":"2024-11-20T20:09:42.654Z"}
{"level":"info","message":"⌛ Validating src/riley.wlk","timeElapsed":143,"timestamp":"2024-11-20T20:09:42.797Z"}
{"level":"info","message":"⌛ Validating src/riley.wlk","timeElapsed":135,"timestamp":"2024-11-20T20:09:43.017Z"}
{"level":"info","message":"⌛ Validating src/riley.wlk","timeElapsed":135,"timestamp":"2024-11-20T20:09:43.324Z"}
{"level":"info","message":"⌛ Building environment","timeElapsed":125,"timestamp":"2024-11-20T20:09:43.450Z"}
{"level":"info","message":"⌛ Validating src/riley.wlk","timeElapsed":118,"timestamp":"2024-11-20T20:09:43.640Z"}
{"level":"info","message":"⌛ Validating src/riley.wlk","timeElapsed":113,"timestamp":"2024-11-20T20:09:43.753Z"}
{"level":"info","message":"⌛ Building environment","timeElapsed":139,"timestamp":"2024-11-20T20:09:43.898Z"}
{"level":"info","message":"⌛ Building environment","timeElapsed":109,"timestamp":"2024-11-20T20:09:45.020Z"}
{"level":"info","message":"onRequest - completionItem/resolve","timestamp":"2024-11-20T20:09:45.138Z"}
{"level":"info","message":"⌛ Building environment","timeElapsed":103,"timestamp":"2024-11-20T20:09:45.340Z"}
{"level":"info","message":"onRequest - completionItem/resolve","timestamp":"2024-11-20T20:09:45.460Z"}
{"level":"info","message":"⌛ Building environment","timeElapsed":224,"timestamp":"2024-11-20T20:10:03.200Z"}
{"level":"info","message":"⌛ Validating src/recuerdo.wlk","timeElapsed":203,"timestamp":"2024-11-20T20:10:03.433Z"}
{"level":"info","message":"⌛ Validating src/riley.wlk","timeElapsed":141,"timestamp":"2024-11-20T20:10:09.865Z"}
{"level":"info","message":"⌛ Building environment","timeElapsed":102,"timestamp":"2024-11-20T20:10:16.379Z"}
{"level":"info","message":"⌛ Building environment","timeElapsed":122,"timestamp":"2024-11-20T20:10:23.527Z"}
{"level":"info","message":"⌛ Validating src/riley.wlk","timeElapsed":116,"timestamp":"2024-11-20T20:10:23.644Z"}
{"level":"info","message":"⌛ Building environment","timeElapsed":188,"timestamp":"2024-11-20T20:10:23.953Z"}
{"level":"info","message":"⌛ Building environment","timeElapsed":127,"timestamp":"2024-11-20T20:10:24.103Z"}
{"level":"info","message":"⌛ Validating src/riley.wlk","timeElapsed":193,"timestamp":"2024-11-20T20:10:24.299Z"}
{"level":"info","message":"onRequest - completionItem/resolve","timestamp":"2024-11-20T20:10:24.300Z"}
{"level":"info","message":"onRequest - completionItem/resolve","timestamp":"2024-11-20T20:10:24.378Z"}
{"level":"info","message":"⌛ Validating src/riley.wlk","timeElapsed":135,"timestamp":"2024-11-20T20:10:24.513Z"}
{"level":"info","message":"onRequest - completionItem/resolve","timestamp":"2024-11-20T20:10:24.591Z"}
{"level":"info","message":"⌛ Building environment","timeElapsed":136,"timestamp":"2024-11-20T20:10:24.728Z"}
{"level":"info","message":"onRequest - completionItem/resolve","timestamp":"2024-11-20T20:10:24.728Z"}
{"level":"error","message":"✘ Failed to rebuild document Failed to parse src/riley.wlk: \n-- PARSING FAILED --------------------------------------------------\n\n  31 |         \n  32 |         nivelFelicidad = nuevoNivel.max(1).min(1000)\n> 33 |     }\n     |     ^\n  34 | \n  35 |     method emocionDominante(nuevaEmocion) {\n\nExpected one of the following: \n\n'@', 'class', 'const', 'describe', 'mixin', 'object', 'only', 'package', 'program', 'test', 'var', '{', EOF, comment, not \"}\n\n    \", whitespace\n","stack":"Error: Failed to parse src/riley.wlk: \n-- PARSING FAILED --------------------------------------------------\n\n  31 |         \n  32 |         nivelFelicidad = nuevoNivel.max(1).min(1000)\n> 33 |     }\n     |     ^\n  34 | \n  35 |     method emocionDominante(nuevaEmocion) {\n\nExpected one of the following: \n\n'@', 'class', 'const', 'describe', 'mixin', 'object', 'only', 'package', 'program', 'test', 'var', '{', EOF, comment, not \"}\n\n    \", whitespace\n\n    at /Users/naylawinter/.vscode/extensions/uqbar.wollok-lsp-ide-0.3.6/out/server/src/server.js:2254:32415\n    at Array.map (<anonymous>)\n    at Jfn (/Users/naylawinter/.vscode/extensions/uqbar.wollok-lsp-ide-0.3.6/out/server/src/server.js:2254:32339)\n    at k2.buildEnvironmentFrom (/Users/naylawinter/.vscode/extensions/uqbar.wollok-lsp-ide-0.3.6/out/server/src/server.js:2285:6721)\n    at k2.updateEnvironmentWith (/Users/naylawinter/.vscode/extensions/uqbar.wollok-lsp-ide-0.3.6/out/server/src/server.js:2285:6456)\n    at jL (/Users/naylawinter/.vscode/extensions/uqbar.wollok-lsp-ide-0.3.6/out/server/src/server.js:2298:2292)\n    at v3.invoke (/Users/naylawinter/.vscode/extensions/uqbar.wollok-lsp-ide-0.3.6/out/server/src/server.js:3:157200)\n    at o.fire (/Users/naylawinter/.vscode/extensions/uqbar.wollok-lsp-ide-0.3.6/out/server/src/server.js:3:157970)\n    at /Users/naylawinter/.vscode/extensions/uqbar.wollok-lsp-ide-0.3.6/out/server/src/server.js:37:57871\n    at Vr (/Users/naylawinter/.vscode/extensions/uqbar.wollok-lsp-ide-0.3.6/out/server/src/server.js:8:1561)","timestamp":"2024-11-20T20:10:24.831Z"}
{"level":"info","message":"onRequest - completionItem/resolve","timestamp":"2024-11-20T20:10:24.834Z"}
{"level":"error","message":"✘ Failed to rebuild document Failed to parse src/riley.wlk: \n-- PARSING FAILED --------------------------------------------------\n\n  31 |         \n  32 |         nivelFelicidad = nuevoNivel.max(1).min(1000)\n> 33 |     }\n     |     ^\n  34 | \n  35 |     method emocionDominante(nuevaEmocion) {\n\nExpected one of the following: \n\n'@', 'class', 'const', 'describe', 'mixin', 'object', 'only', 'package', 'program', 'test', 'var', '{', EOF, comment, not \"}\n\n    \", whitespace\n","stack":"Error: Failed to parse src/riley.wlk: \n-- PARSING FAILED --------------------------------------------------\n\n  31 |         \n  32 |         nivelFelicidad = nuevoNivel.max(1).min(1000)\n> 33 |     }\n     |     ^\n  34 | \n  35 |     method emocionDominante(nuevaEmocion) {\n\nExpected one of the following: \n\n'@', 'class', 'const', 'describe', 'mixin', 'object', 'only', 'package', 'program', 'test', 'var', '{', EOF, comment, not \"}\n\n    \", whitespace\n\n    at /Users/naylawinter/.vscode/extensions/uqbar.wollok-lsp-ide-0.3.6/out/server/src/server.js:2254:32415\n    at Array.map (<anonymous>)\n    at Jfn (/Users/naylawinter/.vscode/extensions/uqbar.wollok-lsp-ide-0.3.6/out/server/src/server.js:2254:32339)\n    at k2.buildEnvironmentFrom (/Users/naylawinter/.vscode/extensions/uqbar.wollok-lsp-ide-0.3.6/out/server/src/server.js:2285:6721)\n    at k2.updateEnvironmentWith (/Users/naylawinter/.vscode/extensions/uqbar.wollok-lsp-ide-0.3.6/out/server/src/server.js:2285:6456)\n    at jL (/Users/naylawinter/.vscode/extensions/uqbar.wollok-lsp-ide-0.3.6/out/server/src/server.js:2298:2292)\n    at v3.invoke (/Users/naylawinter/.vscode/extensions/uqbar.wollok-lsp-ide-0.3.6/out/server/src/server.js:3:157200)\n    at o.fire (/Users/naylawinter/.vscode/extensions/uqbar.wollok-lsp-ide-0.3.6/out/server/src/server.js:3:157970)\n    at /Users/naylawinter/.vscode/extensions/uqbar.wollok-lsp-ide-0.3.6/out/server/src/server.js:37:57871\n    at Vr (/Users/naylawinter/.vscode/extensions/uqbar.wollok-lsp-ide-0.3.6/out/server/src/server.js:8:1561)","timestamp":"2024-11-20T20:10:25.057Z"}
{"level":"info","message":"⌛ Validating src/riley.wlk","timeElapsed":150,"timestamp":"2024-11-20T20:10:25.208Z"}
{"level":"info","message":"⌛ Building environment","timeElapsed":111,"timestamp":"2024-11-20T20:10:25.328Z"}
{"level":"info","message":"⌛ Validating src/riley.wlk","timeElapsed":136,"timestamp":"2024-11-20T20:10:25.581Z"}
{"level":"info","message":"onRequest - completionItem/resolve","timestamp":"2024-11-20T20:10:25.582Z"}
{"level":"info","message":"⌛ Validating src/riley.wlk","timeElapsed":134,"timestamp":"2024-11-20T20:10:25.717Z"}
{"level":"info","message":"⌛ Building environment","timeElapsed":123,"timestamp":"2024-11-20T20:10:25.843Z"}
{"level":"info","message":"onRequest - completionItem/resolve","timestamp":"2024-11-20T20:10:25.844Z"}
{"level":"info","message":"onRequest - completionItem/resolve","timestamp":"2024-11-20T20:10:25.921Z"}
{"level":"info","message":"⌛ Building environment","timeElapsed":121,"timestamp":"2024-11-20T20:10:26.042Z"}
{"level":"info","message":"onRequest - completionItem/resolve","timestamp":"2024-11-20T20:10:26.043Z"}
{"level":"info","message":"⌛ Validating src/riley.wlk","timeElapsed":139,"timestamp":"2024-11-20T20:10:26.270Z"}
{"level":"info","message":"⌛ Building environment","timeElapsed":125,"timestamp":"2024-11-20T20:10:26.396Z"}
{"level":"info","message":"onRequest - completionItem/resolve","timestamp":"2024-11-20T20:10:26.397Z"}
{"level":"info","message":"⌛ Building environment","timeElapsed":151,"timestamp":"2024-11-20T20:10:26.631Z"}
{"level":"info","message":"onRequest - completionItem/resolve","timestamp":"2024-11-20T20:10:26.632Z"}
{"level":"info","message":"onRequest - completionItem/resolve","timestamp":"2024-11-20T20:10:26.706Z"}
{"level":"info","message":"onRequest - completionItem/resolve","timestamp":"2024-11-20T20:10:26.875Z"}
{"level":"info","message":"onRequest - completionItem/resolve","timestamp":"2024-11-20T20:10:27.207Z"}
{"level":"info","message":"⌛ Building environment","timeElapsed":118,"timestamp":"2024-11-20T20:10:27.544Z"}
{"level":"info","message":"⌛ Validating src/riley.wlk","timeElapsed":115,"timestamp":"2024-11-20T20:10:27.664Z"}
{"level":"info","message":"⌛ Building environment","timeElapsed":122,"timestamp":"2024-11-20T20:10:34.835Z"}
{"level":"info","message":"⌛ Validating src/riley.wlk","timeElapsed":133,"timestamp":"2024-11-20T20:10:35.000Z"}
{"level":"info","message":"⌛ Building environment","timeElapsed":127,"timestamp":"2024-11-20T20:10:35.960Z"}
{"level":"info","message":"⌛ Validating src/riley.wlk","timeElapsed":166,"timestamp":"2024-11-20T20:10:36.126Z"}
{"level":"info","message":"⌛ Validating src/riley.wlk","timeElapsed":143,"timestamp":"2024-11-20T20:10:36.353Z"}
{"level":"info","message":"⌛ Building environment","timeElapsed":179,"timestamp":"2024-11-20T20:10:37.254Z"}
{"level":"info","message":"⌛ Building environment","timeElapsed":158,"timestamp":"2024-11-20T20:10:37.504Z"}
{"level":"info","message":"⌛ Validating src/riley.wlk","timeElapsed":110,"timestamp":"2024-11-20T20:10:37.614Z"}
{"level":"info","message":"⌛ Building environment","timeElapsed":104,"timestamp":"2024-11-20T20:10:37.719Z"}
{"level":"info","message":"⌛ Validating src/riley.wlk","timeElapsed":233,"timestamp":"2024-11-20T20:10:37.953Z"}
{"level":"info","message":"⌛ Building environment","timeElapsed":146,"timestamp":"2024-11-20T20:10:38.100Z"}
{"level":"info","message":"⌛ Validating src/riley.wlk","timeElapsed":102,"timestamp":"2024-11-20T20:10:38.290Z"}
{"level":"info","message":"⌛ Building environment","timeElapsed":111,"timestamp":"2024-11-20T20:10:38.667Z"}
{"level":"info","message":"⌛ Building environment","timeElapsed":109,"timestamp":"2024-11-20T20:10:38.894Z"}
{"level":"info","message":"⌛ Building environment","timeElapsed":216,"timestamp":"2024-11-20T20:10:39.204Z"}
{"level":"info","message":"⌛ Validating src/riley.wlk","timeElapsed":127,"timestamp":"2024-11-20T20:10:39.333Z"}
{"level":"info","message":"⌛ Validating src/riley.wlk","timeElapsed":111,"timestamp":"2024-11-20T20:10:39.444Z"}
{"level":"info","message":"⌛ Building environment","timeElapsed":122,"timestamp":"2024-11-20T20:10:39.567Z"}
{"level":"info","message":"⌛ Validating src/riley.wlk","timeElapsed":125,"timestamp":"2024-11-20T20:10:39.781Z"}
{"level":"info","message":"⌛ Validating src/riley.wlk","timeElapsed":127,"timestamp":"2024-11-20T20:10:39.918Z"}
{"level":"info","message":"⌛ Validating src/riley.wlk","timeElapsed":129,"timestamp":"2024-11-20T20:10:40.124Z"}
{"level":"info","message":"⌛ Validating src/riley.wlk","timeElapsed":128,"timestamp":"2024-11-20T20:10:40.252Z"}
{"level":"info","message":"⌛ Validating src/riley.wlk","timeElapsed":123,"timestamp":"2024-11-20T20:10:40.376Z"}
{"level":"info","message":"⌛ Building environment","timeElapsed":122,"timestamp":"2024-11-20T20:10:40.504Z"}
{"level":"info","message":"⌛ Validating src/riley.wlk","timeElapsed":134,"timestamp":"2024-11-20T20:10:40.641Z"}
{"level":"info","message":"⌛ Building environment","timeElapsed":128,"timestamp":"2024-11-20T20:10:40.769Z"}
{"level":"info","message":"⌛ Building environment","timeElapsed":203,"timestamp":"2024-11-20T20:10:41.203Z"}
{"level":"info","message":"⌛ Validating src/riley.wlk","timeElapsed":120,"timestamp":"2024-11-20T20:10:41.323Z"}
{"level":"info","message":"⌛ Building environment","timeElapsed":122,"timestamp":"2024-11-20T20:10:41.445Z"}
{"level":"info","message":"⌛ Validating src/riley.wlk","timeElapsed":181,"timestamp":"2024-11-20T20:10:42.136Z"}
{"level":"info","message":"⌛ Validating src/riley.wlk","timeElapsed":102,"timestamp":"2024-11-20T20:10:42.239Z"}
{"level":"info","message":"⌛ Validating src/riley.wlk","timeElapsed":114,"timestamp":"2024-11-20T20:10:42.354Z"}
{"level":"info","message":"⌛ Validating src/riley.wlk","timeElapsed":111,"timestamp":"2024-11-20T20:10:42.670Z"}
{"level":"info","message":"⌛ Validating src/riley.wlk","timeElapsed":121,"timestamp":"2024-11-20T20:10:42.890Z"}
{"level":"info","message":"⌛ Validating src/riley.wlk","timeElapsed":109,"timestamp":"2024-11-20T20:10:43.007Z"}
{"level":"info","message":"⌛ Building environment","timeElapsed":114,"timestamp":"2024-11-20T20:10:48.691Z"}
{"level":"info","message":"⌛ Validating src/riley.wlk","timeElapsed":168,"timestamp":"2024-11-20T20:10:48.860Z"}
{"level":"info","message":"⌛ Building environment","timeElapsed":116,"timestamp":"2024-11-20T20:10:51.511Z"}
{"level":"info","message":"⌛ Validating src/riley.wlk","timeElapsed":139,"timestamp":"2024-11-20T20:10:51.651Z"}
{"level":"info","message":"⌛ Building environment","timeElapsed":105,"timestamp":"2024-11-20T20:10:52.478Z"}
{"level":"info","message":"⌛ Building environment","timeElapsed":127,"timestamp":"2024-11-20T20:10:52.938Z"}
{"level":"info","message":"⌛ Validating src/riley.wlk","timeElapsed":137,"timestamp":"2024-11-20T20:10:53.360Z"}
{"level":"info","message":"⌛ Validating src/riley.wlk","timeElapsed":135,"timestamp":"2024-11-20T20:10:53.576Z"}
{"level":"info","message":"⌛ Validating src/riley.wlk","timeElapsed":138,"timestamp":"2024-11-20T20:10:53.804Z"}
{"level":"info","message":"⌛ Building environment","timeElapsed":208,"timestamp":"2024-11-20T20:10:54.017Z"}
{"level":"info","message":"⌛ Building environment","timeElapsed":252,"timestamp":"2024-11-20T20:10:54.277Z"}
{"level":"info","message":"⌛ Building environment","timeElapsed":133,"timestamp":"2024-11-20T20:10:54.411Z"}
{"level":"info","message":"⌛ Validating src/riley.wlk","timeElapsed":117,"timestamp":"2024-11-20T20:10:54.528Z"}
{"level":"info","message":"⌛ Validating src/riley.wlk","timeElapsed":104,"timestamp":"2024-11-20T20:10:55.855Z"}
{"level":"info","message":"⌛ Building environment","timeElapsed":114,"timestamp":"2024-11-20T20:10:59.976Z"}
{"level":"info","message":"⌛ Building environment","timeElapsed":110,"timestamp":"2024-11-20T20:11:04.175Z"}
{"level":"info","message":"⌛ Building environment","timeElapsed":225,"timestamp":"2024-11-20T20:11:41.277Z"}
{"level":"info","message":"⌛ Building environment","timeElapsed":133,"timestamp":"2024-11-20T20:11:41.411Z"}
{"level":"info","message":"⌛ Validating src/riley.wlk","timeElapsed":137,"timestamp":"2024-11-20T20:11:41.554Z"}
{"level":"info","message":"⌛ Building environment","timeElapsed":201,"timestamp":"2024-11-20T20:11:42.044Z"}
{"level":"info","message":"⌛ Validating src/riley.wlk","timeElapsed":261,"timestamp":"2024-11-20T20:11:42.392Z"}
{"level":"info","message":"⌛ Validating src/riley.wlk","timeElapsed":258,"timestamp":"2024-11-20T20:11:42.654Z"}
{"level":"info","message":"⌛ Building environment","timeElapsed":152,"timestamp":"2024-11-20T20:11:42.807Z"}
{"level":"info","message":"⌛ Validating src/riley.wlk","timeElapsed":109,"timestamp":"2024-11-20T20:11:43.009Z"}
{"level":"info","message":"⌛ Validating src/riley.wlk","timeElapsed":122,"timestamp":"2024-11-20T20:11:43.132Z"}
{"level":"info","message":"⌛ Building environment","timeElapsed":148,"timestamp":"2024-11-20T20:11:43.289Z"}
{"level":"info","message":"⌛ Building environment","timeElapsed":144,"timestamp":"2024-11-20T20:11:43.434Z"}
{"level":"info","message":"⌛ Building environment","timeElapsed":177,"timestamp":"2024-11-20T20:11:43.704Z"}
{"level":"info","message":"⌛ Validating src/riley.wlk","timeElapsed":151,"timestamp":"2024-11-20T20:11:43.857Z"}
{"level":"info","message":"⌛ Building environment","timeElapsed":128,"timestamp":"2024-11-20T20:11:43.985Z"}
{"level":"info","message":"⌛ Building environment","timeElapsed":168,"timestamp":"2024-11-20T20:11:44.251Z"}
{"level":"info","message":"⌛ Building environment","timeElapsed":122,"timestamp":"2024-11-20T20:11:47.609Z"}
{"level":"info","message":"⌛ Building environment","timeElapsed":131,"timestamp":"2024-11-20T20:11:47.786Z"}
{"level":"error","message":"✘ Failed to rebuild document Failed to parse src/riley.wlk: \n-- PARSING FAILED --------------------------------------------------\n\n  55 |         emocionDominante.asentar(recuerdo, self)\n  56 |         recuerdosDiarios.add(recuerdo)\n> 57 |     }\n     |     ^\n  58 |     \n  59 |     method recuerdosRecientes() = recuerdos.drop(recuerdos.size() - 5)\n\nExpected one of the following: \n\n'@', 'class', 'const', 'describe', 'mixin', 'object', 'only', 'package', 'program', 'test', 'var', '{', EOF, comment, not \"}\n    \n    \", whitespace\n","stack":"Error: Failed to parse src/riley.wlk: \n-- PARSING FAILED --------------------------------------------------\n\n  55 |         emocionDominante.asentar(recuerdo, self)\n  56 |         recuerdosDiarios.add(recuerdo)\n> 57 |     }\n     |     ^\n  58 |     \n  59 |     method recuerdosRecientes() = recuerdos.drop(recuerdos.size() - 5)\n\nExpected one of the following: \n\n'@', 'class', 'const', 'describe', 'mixin', 'object', 'only', 'package', 'program', 'test', 'var', '{', EOF, comment, not \"}\n    \n    \", whitespace\n\n    at /Users/naylawinter/.vscode/extensions/uqbar.wollok-lsp-ide-0.3.6/out/server/src/server.js:2254:32415\n    at Array.map (<anonymous>)\n    at Jfn (/Users/naylawinter/.vscode/extensions/uqbar.wollok-lsp-ide-0.3.6/out/server/src/server.js:2254:32339)\n    at k2.buildEnvironmentFrom (/Users/naylawinter/.vscode/extensions/uqbar.wollok-lsp-ide-0.3.6/out/server/src/server.js:2285:6721)\n    at k2.updateEnvironmentWith (/Users/naylawinter/.vscode/extensions/uqbar.wollok-lsp-ide-0.3.6/out/server/src/server.js:2285:6456)\n    at jL (/Users/naylawinter/.vscode/extensions/uqbar.wollok-lsp-ide-0.3.6/out/server/src/server.js:2298:2292)\n    at v3.invoke (/Users/naylawinter/.vscode/extensions/uqbar.wollok-lsp-ide-0.3.6/out/server/src/server.js:3:157200)\n    at o.fire (/Users/naylawinter/.vscode/extensions/uqbar.wollok-lsp-ide-0.3.6/out/server/src/server.js:3:157970)\n    at /Users/naylawinter/.vscode/extensions/uqbar.wollok-lsp-ide-0.3.6/out/server/src/server.js:37:57871\n    at Vr (/Users/naylawinter/.vscode/extensions/uqbar.wollok-lsp-ide-0.3.6/out/server/src/server.js:8:1561)","timestamp":"2024-11-20T20:11:48.346Z"}
{"level":"info","message":"⌛ Building environment","timeElapsed":124,"timestamp":"2024-11-20T20:11:48.601Z"}
{"level":"info","message":"⌛ Validating src/riley.wlk","timeElapsed":113,"timestamp":"2024-11-20T20:11:48.716Z"}
{"level":"info","message":"⌛ Building environment","timeElapsed":110,"timestamp":"2024-11-20T20:11:48.827Z"}
{"level":"info","message":"⌛ Validating src/riley.wlk","timeElapsed":117,"timestamp":"2024-11-20T20:11:48.944Z"}
{"level":"info","message":"⌛ Building environment","timeElapsed":107,"timestamp":"2024-11-20T20:11:49.192Z"}
{"level":"info","message":"⌛ Building environment","timeElapsed":182,"timestamp":"2024-11-20T20:11:49.611Z"}
{"level":"info","message":"⌛ Building environment","timeElapsed":124,"timestamp":"2024-11-20T20:11:49.742Z"}
{"level":"info","message":"⌛ Validating src/riley.wlk","timeElapsed":119,"timestamp":"2024-11-20T20:11:49.861Z"}
{"level":"info","message":"⌛ Building environment","timeElapsed":218,"timestamp":"2024-11-20T20:11:50.082Z"}
{"level":"info","message":"⌛ Validating src/riley.wlk","timeElapsed":128,"timestamp":"2024-11-20T20:11:50.210Z"}
{"level":"info","message":"⌛ Validating src/riley.wlk","timeElapsed":107,"timestamp":"2024-11-20T20:11:50.561Z"}
{"level":"info","message":"⌛ Building environment","timeElapsed":156,"timestamp":"2024-11-20T20:11:51.013Z"}
{"level":"info","message":"⌛ Validating src/riley.wlk","timeElapsed":128,"timestamp":"2024-11-20T20:11:51.142Z"}
{"level":"info","message":"⌛ Building environment","timeElapsed":107,"timestamp":"2024-11-20T20:11:51.254Z"}
{"level":"info","message":"⌛ Validating src/riley.wlk","timeElapsed":212,"timestamp":"2024-11-20T20:11:51.837Z"}
{"level":"info","message":"⌛ Building environment","timeElapsed":123,"timestamp":"2024-11-20T20:11:51.961Z"}
{"level":"info","message":"⌛ Validating src/riley.wlk","timeElapsed":358,"timestamp":"2024-11-20T20:11:52.390Z"}
{"level":"info","message":"⌛ Building environment","timeElapsed":115,"timestamp":"2024-11-20T20:11:52.771Z"}
{"level":"info","message":"⌛ Building environment","timeElapsed":118,"timestamp":"2024-11-20T20:11:52.986Z"}
{"level":"info","message":"⌛ Validating src/riley.wlk","timeElapsed":165,"timestamp":"2024-11-20T20:11:53.237Z"}
{"level":"info","message":"⌛ Building environment","timeElapsed":136,"timestamp":"2024-11-20T20:11:53.373Z"}
{"level":"info","message":"⌛ Building environment","timeElapsed":119,"timestamp":"2024-11-20T20:11:53.899Z"}
{"level":"info","message":"⌛ Validating src/riley.wlk","timeElapsed":108,"timestamp":"2024-11-20T20:11:54.008Z"}
{"level":"info","message":"⌛ Validating src/riley.wlk","timeElapsed":111,"timestamp":"2024-11-20T20:11:54.288Z"}
{"level":"info","message":"⌛ Validating src/riley.wlk","timeElapsed":138,"timestamp":"2024-11-20T20:11:54.511Z"}
{"level":"info","message":"⌛ Validating src/riley.wlk","timeElapsed":134,"timestamp":"2024-11-20T20:11:54.676Z"}
{"level":"info","message":"⌛ Building environment","timeElapsed":104,"timestamp":"2024-11-20T20:11:54.784Z"}
{"level":"info","message":"⌛ Validating src/riley.wlk","timeElapsed":132,"timestamp":"2024-11-20T20:11:54.917Z"}
{"level":"info","message":"⌛ Validating src/riley.wlk","timeElapsed":126,"timestamp":"2024-11-20T20:11:55.239Z"}
{"level":"info","message":"⌛ Validating src/riley.wlk","timeElapsed":147,"timestamp":"2024-11-20T20:11:55.491Z"}
{"level":"info","message":"⌛ Building environment","timeElapsed":111,"timestamp":"2024-11-20T20:11:55.604Z"}
{"level":"info","message":"⌛ Validating src/riley.wlk","timeElapsed":112,"timestamp":"2024-11-20T20:11:55.717Z"}
{"level":"info","message":"⌛ Building environment","timeElapsed":109,"timestamp":"2024-11-20T20:11:55.831Z"}
{"level":"info","message":"⌛ Validating src/riley.wlk","timeElapsed":131,"timestamp":"2024-11-20T20:11:56.046Z"}
{"level":"info","message":"⌛ Building environment","timeElapsed":246,"timestamp":"2024-11-20T20:12:18.076Z"}
{"level":"info","message":"⌛ Validating src/riley.wlk","timeElapsed":230,"timestamp":"2024-11-20T20:12:18.307Z"}
{"level":"info","message":"⌛ Building environment","timeElapsed":116,"timestamp":"2024-11-20T20:12:19.592Z"}
{"level":"info","message":"⌛ Validating src/riley.wlk","timeElapsed":112,"timestamp":"2024-11-20T20:12:19.713Z"}
{"level":"info","message":"⌛ Validating src/riley.wlk","timeElapsed":125,"timestamp":"2024-11-20T20:12:20.043Z"}
{"level":"info","message":"⌛ Building environment","timeElapsed":114,"timestamp":"2024-11-20T20:12:20.379Z"}
{"level":"info","message":"⌛ Validating src/riley.wlk","timeElapsed":128,"timestamp":"2024-11-20T20:12:20.512Z"}
{"level":"info","message":"⌛ Building environment","timeElapsed":102,"timestamp":"2024-11-20T20:12:22.352Z"}
{"level":"info","message":"⌛ Validating src/riley.wlk","timeElapsed":125,"timestamp":"2024-11-20T20:12:22.478Z"}
{"level":"info","message":"⌛ Building environment","timeElapsed":106,"timestamp":"2024-11-20T20:12:30.379Z"}
{"level":"info","message":"⌛ Validating src/riley.wlk","timeElapsed":192,"timestamp":"2024-11-20T20:12:30.573Z"}
{"level":"info","message":"⌛ Building environment","timeElapsed":174,"timestamp":"2024-11-20T20:12:32.004Z"}
{"level":"info","message":"⌛ Validating src/riley.wlk","timeElapsed":145,"timestamp":"2024-11-20T20:12:32.152Z"}
{"level":"info","message":"⌛ Building environment","timeElapsed":122,"timestamp":"2024-11-20T20:12:32.279Z"}
{"level":"info","message":"⌛ Validating src/riley.wlk","timeElapsed":101,"timestamp":"2024-11-20T20:12:32.380Z"}
{"level":"info","message":"⌛ Building environment","timeElapsed":110,"timestamp":"2024-11-20T20:12:32.728Z"}
{"level":"info","message":"⌛ Validating src/riley.wlk","timeElapsed":123,"timestamp":"2024-11-20T20:12:32.857Z"}
{"level":"info","message":"⌛ Validating src/riley.wlk","timeElapsed":143,"timestamp":"2024-11-20T20:12:35.127Z"}
{"level":"info","message":"⌛ Building environment","timeElapsed":187,"timestamp":"2024-11-20T20:12:36.329Z"}
{"level":"info","message":"⌛ Validating src/riley.wlk","timeElapsed":104,"timestamp":"2024-11-20T20:12:36.630Z"}
{"level":"info","message":"⌛ Building environment","timeElapsed":160,"timestamp":"2024-11-20T20:12:36.943Z"}
{"level":"info","message":"⌛ Validating src/riley.wlk","timeElapsed":285,"timestamp":"2024-11-20T20:12:37.362Z"}
{"level":"info","message":"onRequest - completionItem/resolve","timestamp":"2024-11-20T20:12:37.386Z"}
{"level":"info","message":"⌛ Validating src/riley.wlk","timeElapsed":149,"timestamp":"2024-11-20T20:12:37.536Z"}
{"level":"info","message":"⌛ Building environment","timeElapsed":138,"timestamp":"2024-11-20T20:12:37.681Z"}
{"level":"info","message":"onRequest - completionItem/resolve","timestamp":"2024-11-20T20:12:37.682Z"}
{"level":"info","message":"onRequest - completionItem/resolve","timestamp":"2024-11-20T20:12:37.753Z"}
{"level":"info","message":"onRequest - completionItem/resolve","timestamp":"2024-11-20T20:12:37.843Z"}
{"level":"info","message":"⌛ Building environment","timeElapsed":162,"timestamp":"2024-11-20T20:12:38.032Z"}
{"level":"info","message":"onRequest - completionItem/resolve","timestamp":"2024-11-20T20:12:38.042Z"}
{"level":"info","message":"⌛ Validating src/riley.wlk","timeElapsed":218,"timestamp":"2024-11-20T20:12:38.262Z"}
{"level":"info","message":"⌛ Validating src/riley.wlk","timeElapsed":124,"timestamp":"2024-11-20T20:12:38.387Z"}
{"level":"info","message":"⌛ Validating src/riley.wlk","timeElapsed":110,"timestamp":"2024-11-20T20:12:38.497Z"}
{"level":"info","message":"⌛ Building environment","timeElapsed":235,"timestamp":"2024-11-20T20:12:38.773Z"}
{"level":"info","message":"onRequest - completionItem/resolve","timestamp":"2024-11-20T20:12:38.784Z"}
{"level":"info","message":"⌛ Validating src/riley.wlk","timeElapsed":102,"timestamp":"2024-11-20T20:12:38.889Z"}
{"level":"info","message":"onRequest - completionItem/resolve","timestamp":"2024-11-20T20:12:38.968Z"}
{"level":"info","message":"⌛ Building environment","timeElapsed":118,"timestamp":"2024-11-20T20:12:39.351Z"}
{"level":"info","message":"⌛ Building environment","timeElapsed":137,"timestamp":"2024-11-20T20:12:39.489Z"}
{"level":"info","message":"⌛ Building environment","timeElapsed":118,"timestamp":"2024-11-20T20:12:39.791Z"}
{"level":"info","message":"⌛ Validating src/riley.wlk","timeElapsed":101,"timestamp":"2024-11-20T20:12:39.894Z"}
{"level":"info","message":"⌛ Validating src/riley.wlk","timeElapsed":138,"timestamp":"2024-11-20T20:12:40.033Z"}
{"level":"info","message":"⌛ Validating src/riley.wlk","timeElapsed":123,"timestamp":"2024-11-20T20:12:40.156Z"}
{"level":"info","message":"⌛ Building environment","timeElapsed":113,"timestamp":"2024-11-20T20:12:40.269Z"}
{"level":"info","message":"⌛ Validating src/riley.wlk","timeElapsed":340,"timestamp":"2024-11-20T20:12:40.629Z"}
{"level":"info","message":"⌛ Validating src/riley.wlk","timeElapsed":116,"timestamp":"2024-11-20T20:12:40.844Z"}
{"level":"info","message":"⌛ Building environment","timeElapsed":159,"timestamp":"2024-11-20T20:12:41.590Z"}
{"level":"info","message":"⌛ Validating src/riley.wlk","timeElapsed":119,"timestamp":"2024-11-20T20:12:41.712Z"}
{"level":"info","message":"⌛ Validating src/riley.wlk","timeElapsed":156,"timestamp":"2024-11-20T20:12:41.977Z"}
{"level":"info","message":"⌛ Validating src/riley.wlk","timeElapsed":115,"timestamp":"2024-11-20T20:12:42.093Z"}
{"level":"info","message":"⌛ Building environment","timeElapsed":136,"timestamp":"2024-11-20T20:12:43.155Z"}
{"level":"info","message":"⌛ Building environment","timeElapsed":111,"timestamp":"2024-11-20T20:12:43.488Z"}
{"level":"info","message":"⌛ Building environment","timeElapsed":108,"timestamp":"2024-11-20T20:12:43.793Z"}
{"level":"info","message":"⌛ Validating src/riley.wlk","timeElapsed":152,"timestamp":"2024-11-20T20:12:43.981Z"}
{"level":"info","message":"onRequest - completionItem/resolve","timestamp":"2024-11-20T20:12:43.983Z"}
{"level":"info","message":"⌛ Building environment","timeElapsed":111,"timestamp":"2024-11-20T20:12:44.096Z"}
{"level":"info","message":"onRequest - completionItem/resolve","timestamp":"2024-11-20T20:12:44.107Z"}
{"level":"info","message":"onRequest - completionItem/resolve","timestamp":"2024-11-20T20:12:44.186Z"}
{"level":"info","message":"⌛ Validating src/riley.wlk","timeElapsed":128,"timestamp":"2024-11-20T20:12:44.314Z"}
{"level":"info","message":"⌛ Building environment","timeElapsed":185,"timestamp":"2024-11-20T20:12:44.585Z"}
{"level":"info","message":"onRequest - completionItem/resolve","timestamp":"2024-11-20T20:12:44.586Z"}
{"level":"info","message":"⌛ Building environment","timeElapsed":114,"timestamp":"2024-11-20T20:12:45.034Z"}
{"level":"info","message":"⌛ Building environment","timeElapsed":155,"timestamp":"2024-11-20T20:12:45.917Z"}
{"level":"info","message":"⌛ Building environment","timeElapsed":108,"timestamp":"2024-11-20T20:12:46.251Z"}
{"level":"info","message":"⌛ Validating src/riley.wlk","timeElapsed":125,"timestamp":"2024-11-20T20:12:46.377Z"}
{"level":"info","message":"⌛ Building environment","timeElapsed":111,"timestamp":"2024-11-20T20:12:46.488Z"}
{"level":"info","message":"⌛ Validating src/riley.wlk","timeElapsed":127,"timestamp":"2024-11-20T20:12:46.616Z"}
{"level":"info","message":"⌛ Validating src/riley.wlk","timeElapsed":106,"timestamp":"2024-11-20T20:12:52.107Z"}
{"level":"info","message":"⌛ Building environment","timeElapsed":116,"timestamp":"2024-11-20T20:12:52.223Z"}
{"level":"info","message":"⌛ Validating src/riley.wlk","timeElapsed":110,"timestamp":"2024-11-20T20:12:52.417Z"}
{"level":"info","message":"⌛ Building environment","timeElapsed":120,"timestamp":"2024-11-20T20:12:52.618Z"}
{"level":"info","message":"⌛ Validating src/riley.wlk","timeElapsed":105,"timestamp":"2024-11-20T20:12:52.726Z"}
{"level":"info","message":"⌛ Building environment","timeElapsed":103,"timestamp":"2024-11-20T20:13:00.389Z"}
{"level":"info","message":"⌛ Building environment","timeElapsed":121,"timestamp":"2024-11-20T20:13:16.084Z"}
{"level":"info","message":"⌛ Building environment","timeElapsed":109,"timestamp":"2024-11-20T20:13:16.617Z"}
{"level":"info","message":"⌛ Validating src/riley.wlk","timeElapsed":163,"timestamp":"2024-11-20T20:13:16.786Z"}
{"level":"info","message":"⌛ Validating src/riley.wlk","timeElapsed":127,"timestamp":"2024-11-20T20:13:17.001Z"}
{"level":"info","message":"⌛ Validating src/riley.wlk","timeElapsed":128,"timestamp":"2024-11-20T20:13:17.418Z"}
{"level":"info","message":"⌛ Building environment","timeElapsed":181,"timestamp":"2024-11-20T20:13:23.421Z"}
{"level":"info","message":"⌛ Building environment","timeElapsed":121,"timestamp":"2024-11-20T20:13:23.544Z"}
{"level":"info","message":"⌛ Validating src/riley.wlk","timeElapsed":155,"timestamp":"2024-11-20T20:13:23.700Z"}
{"level":"info","message":"⌛ Validating src/riley.wlk","timeElapsed":117,"timestamp":"2024-11-20T20:13:23.887Z"}
{"level":"info","message":"⌛ Validating src/riley.wlk","timeElapsed":138,"timestamp":"2024-11-20T20:13:24.096Z"}
{"level":"info","message":"⌛ Building environment","timeElapsed":114,"timestamp":"2024-11-20T20:13:24.369Z"}
{"level":"info","message":"⌛ Building environment","timeElapsed":170,"timestamp":"2024-11-20T20:13:24.635Z"}
{"level":"info","message":"⌛ Validating src/riley.wlk","timeElapsed":102,"timestamp":"2024-11-20T20:13:24.739Z"}
{"level":"info","message":"⌛ Validating src/riley.wlk","timeElapsed":106,"timestamp":"2024-11-20T20:13:30.954Z"}
{"level":"info","message":"⌛ Building environment","timeElapsed":111,"timestamp":"2024-11-20T20:13:32.590Z"}
{"level":"info","message":"⌛ Building environment","timeElapsed":148,"timestamp":"2024-11-20T20:13:33.079Z"}
{"level":"info","message":"⌛ Validating src/riley.wlk","timeElapsed":131,"timestamp":"2024-11-20T20:13:33.221Z"}
{"level":"info","message":"⌛ Building environment","timeElapsed":127,"timestamp":"2024-11-20T20:13:34.495Z"}
{"level":"info","message":"⌛ Building environment","timeElapsed":106,"timestamp":"2024-11-20T20:13:40.451Z"}
{"level":"info","message":"⌛ Validating src/riley.wlk","timeElapsed":236,"timestamp":"2024-11-20T20:13:40.690Z"}
{"level":"info","message":"⌛ Building environment","timeElapsed":104,"timestamp":"2024-11-20T20:13:42.566Z"}
{"level":"info","message":"⌛ Building environment","timeElapsed":235,"timestamp":"2024-11-20T20:13:43.064Z"}
{"level":"info","message":"⌛ Building environment","timeElapsed":118,"timestamp":"2024-11-20T20:13:43.310Z"}
{"level":"info","message":"⌛ Building environment","timeElapsed":105,"timestamp":"2024-11-20T20:13:53.316Z"}
{"level":"info","message":"⌛ Validating src/riley.wlk","timeElapsed":186,"timestamp":"2024-11-20T20:13:53.503Z"}
{"level":"info","message":"⌛ Building environment","timeElapsed":101,"timestamp":"2024-11-20T20:13:56.012Z"}
{"level":"info","message":"⌛ Building environment","timeElapsed":102,"timestamp":"2024-11-20T20:14:01.943Z"}
{"level":"info","message":"⌛ Building environment","timeElapsed":109,"timestamp":"2024-11-20T20:14:04.554Z"}
{"level":"info","message":"⌛ Validating src/riley.wlk","timeElapsed":106,"timestamp":"2024-11-20T20:14:04.664Z"}
{"level":"info","message":"⌛ Building environment","timeElapsed":422,"timestamp":"2024-11-20T20:14:05.102Z"}
{"level":"info","message":"⌛ Building environment","timeElapsed":116,"timestamp":"2024-11-20T20:14:05.225Z"}
{"level":"info","message":"⌛ Validating src/riley.wlk","timeElapsed":101,"timestamp":"2024-11-20T20:14:05.478Z"}
{"level":"info","message":"⌛ Validating src/riley.wlk","timeElapsed":103,"timestamp":"2024-11-20T20:14:05.652Z"}
{"level":"info","message":"⌛ Building environment","timeElapsed":140,"timestamp":"2024-11-20T20:14:06.059Z"}
{"level":"info","message":"⌛ Validating src/riley.wlk","timeElapsed":154,"timestamp":"2024-11-20T20:14:13.093Z"}
{"level":"info","message":"⌛ Validating src/riley.wlk","timeElapsed":111,"timestamp":"2024-11-20T20:14:13.525Z"}
{"level":"info","message":"⌛ Building environment","timeElapsed":133,"timestamp":"2024-11-20T20:14:16.002Z"}
{"level":"info","message":"⌛ Building environment","timeElapsed":109,"timestamp":"2024-11-20T20:14:16.262Z"}
{"level":"info","message":"⌛ Validating src/riley.wlk","timeElapsed":109,"timestamp":"2024-11-20T20:14:26.277Z"}
{"level":"info","message":"⌛ Building environment","timeElapsed":105,"timestamp":"2024-11-20T20:14:29.449Z"}
{"level":"info","message":"⌛ Building environment","timeElapsed":103,"timestamp":"2024-11-20T20:14:29.801Z"}
{"level":"info","message":"⌛ Validating src/riley.wlk","timeElapsed":103,"timestamp":"2024-11-20T20:14:29.905Z"}
{"level":"info","message":"⌛ Building environment","timeElapsed":258,"timestamp":"2024-11-20T20:14:30.310Z"}
{"level":"info","message":"⌛ Validating src/riley.wlk","timeElapsed":120,"timestamp":"2024-11-20T20:14:30.435Z"}
{"level":"info","message":"⌛ Validating src/riley.wlk","timeElapsed":101,"timestamp":"2024-11-20T20:14:38.112Z"}
{"level":"info","message":"⌛ Building environment","timeElapsed":168,"timestamp":"2024-11-20T20:14:38.283Z"}
{"level":"info","message":"⌛ Building environment","timeElapsed":117,"timestamp":"2024-11-20T20:14:41.478Z"}
{"level":"info","message":"⌛ Building environment","timeElapsed":119,"timestamp":"2024-11-20T20:14:41.872Z"}
{"level":"info","message":"⌛ Building environment","timeElapsed":201,"timestamp":"2024-11-20T20:14:42.278Z"}
{"level":"info","message":"⌛ Validating src/riley.wlk","timeElapsed":144,"timestamp":"2024-11-20T20:14:42.432Z"}
{"level":"info","message":"⌛ Building environment","timeElapsed":101,"timestamp":"2024-11-20T20:14:43.721Z"}
{"level":"info","message":"⌛ Building environment","timeElapsed":108,"timestamp":"2024-11-20T20:15:13.525Z"}
{"level":"info","message":"⌛ Validating src/emocion.wlk","timeElapsed":114,"timestamp":"2024-11-20T20:15:13.641Z"}
{"level":"info","message":"⌛ Validating src/emocion.wlk","timeElapsed":112,"timestamp":"2024-11-20T20:15:13.989Z"}
{"level":"info","message":"⌛ Building environment","timeElapsed":102,"timestamp":"2024-11-20T20:15:16.537Z"}
{"level":"info","message":"⌛ Validating src/emocion.wlk","timeElapsed":232,"timestamp":"2024-11-20T20:15:16.770Z"}
{"level":"info","message":"⌛ Validating src/emocion.wlk","timeElapsed":171,"timestamp":"2024-11-20T20:15:17.019Z"}
{"level":"info","message":"⌛ Building environment","timeElapsed":268,"timestamp":"2024-11-20T20:15:17.360Z"}
{"level":"info","message":"⌛ Validating src/emocion.wlk","timeElapsed":196,"timestamp":"2024-11-20T20:15:17.557Z"}
{"level":"info","message":"⌛ Validating src/emocion.wlk","timeElapsed":166,"timestamp":"2024-11-20T20:15:17.868Z"}
{"level":"info","message":"⌛ Validating src/emocion.wlk","timeElapsed":125,"timestamp":"2024-11-20T20:15:18.070Z"}
{"level":"info","message":"⌛ Validating src/emocion.wlk","timeElapsed":109,"timestamp":"2024-11-20T20:15:18.395Z"}
{"level":"info","message":"⌛ Validating src/emocion.wlk","timeElapsed":125,"timestamp":"2024-11-20T20:15:18.587Z"}
{"level":"info","message":"⌛ Validating src/emocion.wlk","timeElapsed":102,"timestamp":"2024-11-20T20:15:18.696Z"}
{"level":"info","message":"⌛ Building environment","timeElapsed":111,"timestamp":"2024-11-20T20:15:18.807Z"}
{"level":"info","message":"⌛ Building environment","timeElapsed":110,"timestamp":"2024-11-20T20:15:18.980Z"}
{"level":"info","message":"⌛ Building environment","timeElapsed":108,"timestamp":"2024-11-20T20:15:19.271Z"}
{"level":"info","message":"⌛ Validating src/emocion.wlk","timeElapsed":150,"timestamp":"2024-11-20T20:15:19.608Z"}
{"level":"info","message":"⌛ Validating src/emocion.wlk","timeElapsed":119,"timestamp":"2024-11-20T20:15:19.737Z"}
{"level":"info","message":"⌛ Validating src/emocion.wlk","timeElapsed":105,"timestamp":"2024-11-20T20:15:23.233Z"}
{"level":"info","message":"⌛ Validating src/emocion.wlk","timeElapsed":106,"timestamp":"2024-11-20T20:15:23.493Z"}
{"level":"info","message":"⌛ Validating src/emocion.wlk","timeElapsed":111,"timestamp":"2024-11-20T20:15:23.604Z"}
{"level":"info","message":"⌛ Building environment","timeElapsed":103,"timestamp":"2024-11-20T20:15:23.707Z"}
{"level":"info","message":"⌛ Validating src/emocion.wlk","timeElapsed":189,"timestamp":"2024-11-20T20:15:24.037Z"}
{"level":"info","message":"⌛ Validating src/emocion.wlk","timeElapsed":107,"timestamp":"2024-11-20T20:15:24.145Z"}
{"level":"info","message":"⌛ Validating src/emocion.wlk","timeElapsed":135,"timestamp":"2024-11-20T20:15:24.570Z"}
{"level":"info","message":"⌛ Building environment","timeElapsed":102,"timestamp":"2024-11-20T20:15:27.534Z"}
{"level":"info","message":"⌛ Building environment","timeElapsed":133,"timestamp":"2024-11-20T20:15:27.960Z"}
{"level":"info","message":"⌛ Building environment","timeElapsed":122,"timestamp":"2024-11-20T20:15:28.083Z"}
{"level":"info","message":"⌛ Validating src/emocion.wlk","timeElapsed":115,"timestamp":"2024-11-20T20:15:28.198Z"}
{"level":"info","message":"⌛ Validating src/emocion.wlk","timeElapsed":241,"timestamp":"2024-11-20T20:15:28.590Z"}
{"level":"info","message":"⌛ Validating src/emocion.wlk","timeElapsed":121,"timestamp":"2024-11-20T20:15:28.780Z"}
{"level":"info","message":"⌛ Validating src/emocion.wlk","timeElapsed":131,"timestamp":"2024-11-20T20:15:28.985Z"}
{"level":"info","message":"⌛ Validating src/emocion.wlk","timeElapsed":123,"timestamp":"2024-11-20T20:15:29.265Z"}
{"level":"info","message":"⌛ Validating src/emocion.wlk","timeElapsed":117,"timestamp":"2024-11-20T20:15:29.990Z"}
{"level":"info","message":"⌛ Validating src/emocion.wlk","timeElapsed":207,"timestamp":"2024-11-20T20:15:30.491Z"}
{"level":"info","message":"⌛ Validating src/emocion.wlk","timeElapsed":105,"timestamp":"2024-11-20T20:15:30.597Z"}
{"level":"info","message":"⌛ Validating src/emocion.wlk","timeElapsed":113,"timestamp":"2024-11-20T20:15:30.731Z"}
{"level":"info","message":"⌛ Validating src/emocion.wlk","timeElapsed":168,"timestamp":"2024-11-20T20:15:31.070Z"}
{"level":"info","message":"⌛ Building environment","timeElapsed":125,"timestamp":"2024-11-20T20:15:31.289Z"}
{"level":"info","message":"⌛ Validating src/emocion.wlk","timeElapsed":131,"timestamp":"2024-11-20T20:15:31.483Z"}
{"level":"info","message":"⌛ Validating src/emocion.wlk","timeElapsed":131,"timestamp":"2024-11-20T20:15:31.615Z"}
{"level":"info","message":"⌛ Building environment","timeElapsed":106,"timestamp":"2024-11-20T20:15:31.727Z"}
{"level":"info","message":"⌛ Building environment","timeElapsed":109,"timestamp":"2024-11-20T20:15:31.841Z"}
{"level":"info","message":"⌛ Validating src/emocion.wlk","timeElapsed":169,"timestamp":"2024-11-20T20:15:32.077Z"}
{"level":"info","message":"⌛ Validating src/emocion.wlk","timeElapsed":121,"timestamp":"2024-11-20T20:15:32.264Z"}
{"level":"info","message":"⌛ Building environment","timeElapsed":118,"timestamp":"2024-11-20T20:15:32.535Z"}
{"level":"info","message":"⌛ Building environment","timeElapsed":123,"timestamp":"2024-11-20T20:15:32.746Z"}
{"level":"info","message":"⌛ Validating src/emocion.wlk","timeElapsed":143,"timestamp":"2024-11-20T20:15:33.072Z"}
{"level":"info","message":"⌛ Building environment","timeElapsed":152,"timestamp":"2024-11-20T20:15:33.225Z"}
{"level":"info","message":"⌛ Validating src/emocion.wlk","timeElapsed":172,"timestamp":"2024-11-20T20:15:33.397Z"}
{"level":"info","message":"⌛ Validating src/emocion.wlk","timeElapsed":122,"timestamp":"2024-11-20T20:15:33.619Z"}
{"level":"info","message":"⌛ Validating src/emocion.wlk","timeElapsed":139,"timestamp":"2024-11-20T20:15:43.168Z"}
{"level":"info","message":"⌛ Building environment","timeElapsed":126,"timestamp":"2024-11-20T20:15:43.405Z"}
{"level":"info","message":"⌛ Validating src/emocion.wlk","timeElapsed":140,"timestamp":"2024-11-20T20:15:43.880Z"}
{"level":"info","message":"⌛ Validating src/emocion.wlk","timeElapsed":115,"timestamp":"2024-11-20T20:15:44.259Z"}
{"level":"info","message":"⌛ Building environment","timeElapsed":117,"timestamp":"2024-11-20T20:15:44.788Z"}
{"level":"info","message":"⌛ Validating src/emocion.wlk","timeElapsed":142,"timestamp":"2024-11-20T20:15:44.933Z"}
{"level":"info","message":"⌛ Building environment","timeElapsed":125,"timestamp":"2024-11-20T20:15:45.059Z"}
{"level":"info","message":"⌛ Building environment","timeElapsed":111,"timestamp":"2024-11-20T20:15:45.177Z"}
{"level":"info","message":"⌛ Validating src/emocion.wlk","timeElapsed":148,"timestamp":"2024-11-20T20:15:45.336Z"}
{"level":"info","message":"⌛ Validating src/emocion.wlk","timeElapsed":156,"timestamp":"2024-11-20T20:15:45.553Z"}
{"level":"info","message":"⌛ Validating src/emocion.wlk","timeElapsed":118,"timestamp":"2024-11-20T20:15:45.754Z"}
{"level":"info","message":"⌛ Validating src/emocion.wlk","timeElapsed":111,"timestamp":"2024-11-20T20:15:46.259Z"}
{"level":"info","message":"⌛ Validating src/emocion.wlk","timeElapsed":104,"timestamp":"2024-11-20T20:15:46.365Z"}
{"level":"info","message":"⌛ Validating src/emocion.wlk","timeElapsed":149,"timestamp":"2024-11-20T20:15:46.617Z"}
